#
# A fatal error has been detected by the Java Runtime Environment:
#
#  SIGSEGV (0xb) at pc=0x00031302, pid=31466, tid=3009444720
#
# JRE version: 6.0_26-b03
# Java VM: Java HotSpot(TM) Client VM (20.1-b02 mixed mode, sharing linux-x86 )
# Problematic frame:
# C  0x00031302
[error occurred during error reporting (printing problematic frame), id 0xb]

# If you would like to submit a bug report, please visit:
#   http://java.sun.com/webapps/bugreport/crash.jsp
# The crash happened outside the Java Virtual Machine in native code.
# See problematic frame for where to report the bug.
#

---------------  T H R E A D  ---------------

Current thread (0xb4167c00):  JavaThread "Thread-2" [_thread_in_native, id=31512, stack(0xb35b7000,0xb3608000)]

siginfo:si_signo=SIGSEGV: si_errno=0, si_code=1 (SEGV_MAPERR), si_addr=0x00031302

Registers:
EAX=0xb3606bc8, EBX=0xb37ceff4, ECX=0x8ef711a8, EDX=0xb4167d20
ESP=0xb3606bac, EBP=0xb3606be8, ESI=0xb4167d20, EDI=0xb4167c00
EIP=0x00031302, EFLAGS=0x00210282, CR2=0x00031302

Top of Stack: (sp=0xb3606bac)
0xb3606bac:   b37b1a50 b4167d20 b3606bc8 8f0b0ff0
0xb3606bbc:   7f769188 8f0b86f8 84f7b9a0 00010004
0xb3606bcc:   7f7692a8 8f0b8788 84f7b9a0 8ef5f0a8
0xb3606bdc:   8ef5ddd8 8ed5ccf8 b3606c00 b3606c18
0xb3606bec:   b49280de b4167d20 b3606c00 8f0b88b8
0xb3606bfc:   84f7b9a0 8ed63be0 7f769538 7f7695a8
0xb3606c0c:   8f0b8920 84f7b9a0 7f769608 b3606c94
0xb3606c1c:   b49285c0 84f7ba08 7f7696b8 8f0b0ff0 

Instructions: (pc=0x00031302)
0x000312e2:   
[error occurred during error reporting (printing registers, top of stack, instructions near pc), id 0xb]

Register to memory mapping:

EAX=0xb3606bc8 is pointing into the stack for thread: 0xb4167c00
EBX=
[error occurred during error reporting (printing register info), id 0xb]

Stack: [0xb35b7000,0xb3608000],  sp=0xb3606bac,  free space=318k
Native frames: (J=compiled Java code, j=interpreted, Vv=VM code, C=native code)
C  0x00031302
[error occurred during error reporting (printing native stack), id 0xb]

Java frames: (J=compiled Java code, j=interpreted, Vv=VM code)
J  org.lwjgl.opengl.LinuxDisplay.nLockAWT()V
J  org.lwjgl.opengl.LinuxDisplay.lockAWT()V
j  org.lwjgl.opengl.LinuxContextImplementation.swapBuffers()V+27
j  org.lwjgl.opengl.Context.swapBuffers()V+3
j  org.lwjgl.opengl.Display.swapBuffers()V+31
j  org.lwjgl.opengl.Display.update(Z)V+44
j  org.lwjgl.opengl.Display.update()V+1
j  de.unisaarland.cs.sopra.common.view.GameGUI.run()V+40
j  java.lang.Thread.run()V+11
v  ~StubRoutines::call_stub

---------------  P R O C E S S  ---------------

Java Threads: ( => current thread )
=>0xb4167c00 JavaThread "Thread-2" [_thread_in_native, id=31512, stack(0xb35b7000,0xb3608000)]
  0x0896c000 JavaThread "AWT-EventQueue-0" [_thread_blocked, id=31510, stack(0xb3566000,0xb35b7000)]
  0xb4129400 JavaThread "TimerQueue" daemon [_thread_blocked, id=31493, stack(0xb3335000,0xb3386000)]
  0xb39bb400 JavaThread "SocketMessageRouter" daemon [_thread_in_native, id=31492, stack(0xb3488000,0xb34d9000)]
  0xb39bf800 JavaThread "AsynchronousHandler" daemon [_thread_blocked, id=31491, stack(0xb34d9000,0xb352a000)]
  0x08904000 JavaThread "DestroyJavaVM" [_thread_blocked, id=31471, stack(0xb6744000,0xb6795000)]
  0xb392b000 JavaThread "AWT-Shutdown" [_thread_blocked, id=31486, stack(0xb385e000,0xb38af000)]
  0xb3916400 JavaThread "AWT-XAWT" daemon [_thread_in_native, id=31481, stack(0xb38af000,0xb3900000)]
  0xb41c9800 JavaThread "Java2D Disposer" daemon [_thread_blocked, id=31480, stack(0xb3a64000,0xb3ab5000)]
  0xb4108000 JavaThread "Low Memory Detector" daemon [_thread_blocked, id=31478, stack(0xb3d0e000,0xb3d5f000)]
  0xb4106400 JavaThread "C1 CompilerThread0" daemon [_thread_blocked, id=31477, stack(0xb3d5f000,0xb3de0000)]
  0xb4104c00 JavaThread "Signal Dispatcher" daemon [_thread_blocked, id=31476, stack(0xb4204000,0xb4255000)]
  0xb4100800 JavaThread "Finalizer" daemon [_thread_blocked, id=31475, stack(0xb4255000,0xb42a6000)]
  0x08932000 JavaThread "Reference Handler" daemon [_thread_blocked, id=31474, stack(0xb42a6000,0xb42f7000)]

Other Threads:
  0x08927800 VMThread [stack: 0xb44c3000,0xb4544000] [id=31473]
  0xb4112800 WatcherThread [stack: 0xb3c8d000,0xb3d0e000] [id=31479]

VM state:not at safepoint (normal execution)

VM Mutex/Monitor currently owned by a thread: None

Heap
 def new generation   total 7616K, used 2765K [0x7f4f0000, 0x7fd30000, 0x84790000)
  eden space 6784K,  38% used [0x7f4f0000, 0x7f783830, 0x7fb90000)
  from space 832K,  15% used [0x7fc60000, 0x7fc7fdf0, 0x7fd30000)
  to   space 832K,   0% used [0x7fb90000, 0x7fb90000, 0x7fc60000)
 tenured generation   total 16772K, used 8852K [0x84790000, 0x857f1000, 0x8ecf0000)
   the space 16772K,  52% used [0x84790000, 0x85035030, 0x85035200, 0x857f1000)
 compacting perm gen  total 12288K, used 3916K [0x8ecf0000, 0x8f8f0000, 0x92cf0000)
   the space 12288K,  31% used [0x8ecf0000, 0x8f0c3270, 0x8f0c3400, 0x8f8f0000)
    ro space 10240K,  61% used [0x92cf0000, 0x93319d08, 0x93319e00, 0x936f0000)
    rw space 12288K,  60% used [0x936f0000, 0x93e2c660, 0x93e2c800, 0x942f0000)

Code Cache  [0xb46ed000, 0xb494d000, 0xb66ed000)
 total_blobs=1416 nmethods=1103 adapters=248 free_code_cache=31089408 largest_free_block=64

Dynamic libraries:
08048000-08052000 r-xp 00000000 08:02 969303     /usr/lib/jvm/java-6-sun-1.6.0.26/jre/bin/java
08052000-08053000 rwxp 00009000 08:02 969303     /usr/lib/jvm/java-6-sun-1.6.0.26/jre/bin/java
088fe000-08f4e000 rwxp 00000000 00:00 0          [heap]
7f4f0000-7fd30000 rwxp 00000000 00:00 0 
7fd30000-84790000 rwxp 00000000 00:00 0 
84790000-857f1000 rwxp 00000000 00:00 0 
857f1000-858d5000 ---p 00000000 00:00 0 
858d5000-8ecf0000 rwxp 00000000 00:00 0 
8ecf0000-8f8f0000 rwxp 00000000 00:00 0 
8f8f0000-92cf0000 rwxp 00000000 00:00 0 
92cf0000-9331a000 r-xs 00001000 08:02 970090     /usr/lib/jvm/java-6-sun-1.6.0.26/jre/lib/i386/client/classes.jsa
9331a000-936f0000 rwxp 00000000 00:00 0 
936f0000-93e2d000 rwxp 0062b000 08:02 970090     /usr/lib/jvm/java-6-sun-1.6.0.26/jre/lib/i386/client/classes.jsa
93e2d000-942f0000 rwxp 00000000 00:00 0 
942f0000-943d2000 rwxp 00d68000 08:02 970090     /usr/lib/jvm/java-6-sun-1.6.0.26/jre/lib/i386/client/classes.jsa
943d2000-946f0000 rwxp 00000000 00:00 0 
946f0000-946f8000 r-xs 00e4a000 08:02 970090     /usr/lib/jvm/java-6-sun-1.6.0.26/jre/lib/i386/client/classes.jsa
946f8000-94af0000 rwxp 00000000 00:00 0 
ae100000-ae142000 rwxp 00000000 00:00 0 
ae142000-ae200000 ---p 00000000 00:00 0 
ae22f000-ae233000 rwxs 4d7bf000 00:05 7167       /dev/dri/card0
ae233000-ae237000 rwxs 4d7bb000 00:05 7167       /dev/dri/card0
ae237000-aec37000 rwxp 00000000 00:00 0 
aec37000-aed37000 rwxs 4d6b7000 00:05 7167       /dev/dri/card0
aee39000-aef39000 rwxs 4d5b7000 00:05 7167       /dev/dri/card0
aef39000-aef4e000 r-xp 00000000 08:02 1100612    /usr/lib/jvm/java-6-sun-1.6.0.26/jre/lib/i386/libdcpr.so
aef4e000-aef61000 rwxp 00014000 08:02 1100612    /usr/lib/jvm/java-6-sun-1.6.0.26/jre/lib/i386/libdcpr.so
aef61000-af061000 rwxs 4d4b7000 00:05 7167       /dev/dri/card0
af163000-af17d000 r-xs 00000000 08:02 167229     /usr/share/texmf/fonts/type1/public/tex-gyre/qzcmi.pfb
af17d000-af196000 r-xs 00000000 08:02 981176     /usr/share/fonts/type1/gsfonts/b018012l.pfb
af196000-af1a7000 r-xs 00000000 08:02 981235     /usr/share/fonts/type1/gsfonts/a010035l.pfb
af1a7000-af1c7000 r-xs 00000000 08:02 167202     /usr/share/texmf/fonts/type1/public/tex-gyre/qcsb.pfb
af1c7000-af1e2000 r-xs 00000000 08:02 981179     /usr/share/fonts/type1/gsfonts/p052004l.pfb
af1e2000-af1fb000 r-xs 00000000 08:02 981239     /usr/share/fonts/type1/gsfonts/n021004l.pfb
af1fb000-af21c000 r-xs 00000000 08:02 167227     /usr/share/texmf/fonts/type1/public/tex-gyre/qtmr.pfb
af21c000-af23c000 r-xs 00000000 08:02 167205     /usr/share/texmf/fonts/type1/public/tex-gyre/qcsri.pfb
af23c000-af256000 r-xs 00000000 08:02 167130     /usr/share/texmf/fonts/type1/public/tex-gyre/qagbi.pfb
af256000-af268000 r-xs 00000000 08:02 981206     /usr/share/fonts/type1/gsfonts/n019044l.pfb
af268000-af279000 r-xs 00000000 08:02 981221     /usr/share/fonts/type1/gsfonts/n019024l.pfb
af279000-af294000 r-xs 00000000 08:02 167220     /usr/share/texmf/fonts/type1/public/tex-gyre/qhvri.pfb
af294000-af2a4000 r-xs 00000000 08:02 981200     /usr/share/fonts/type1/gsfonts/a010033l.pfb
af2a4000-af2c5000 r-xs 00000000 08:02 167197     /usr/share/texmf/fonts/type1/public/tex-gyre/qbkri.pfb
af2c5000-af2da000 r-xs 00000000 08:02 981170     /usr/share/fonts/type1/gsfonts/b018032l.pfb
af2da000-af2f6000 r-xs 00000000 08:02 167208     /usr/share/texmf/fonts/type1/public/tex-gyre/qhvcb.pfb
af2f6000-af30d000 r-xs 00000000 08:02 981190     /usr/share/fonts/type1/gsfonts/n021023l.pfb
af30d000-af327000 r-xs 00000000 08:02 167211     /usr/share/texmf/fonts/type1/public/tex-gyre/qhvcri.pfb
af327000-af330000 r-xs 00000000 08:02 962071     /usr/share/fonts/X11/Type1/c0632bt_.pfb
af330000-af34a000 r-xs 00000000 08:02 981178     /usr/share/fonts/type1/gsfonts/c059013l.pfb
af34a000-af361000 r-xs 00000000 08:02 981241     /usr/share/fonts/type1/gsfonts/z003034l.pfb
af361000-af37c000 r-xs 00000000 08:02 167209     /usr/share/texmf/fonts/type1/public/tex-gyre/qhvcbi.pfb
af37c000-af39f000 r-xs 00000000 08:02 167222     /usr/share/texmf/fonts/type1/public/tex-gyre/qplbi.pfb
af39f000-af3b1000 r-xs 00000000 08:02 981210     /usr/share/fonts/type1/gsfonts/n019004l.pfb
af3b1000-af3bd000 r-xs 00000000 08:02 981165     /usr/share/fonts/type1/gsfonts/d050000l.pfb
af3bd000-af3d3000 r-xs 00000000 08:02 981185     /usr/share/fonts/type1/gsfonts/n021024l.pfb
af3d3000-af3e7000 r-xs 00000000 08:02 981171     /usr/share/fonts/type1/gsfonts/n019003l.pfb
af3e7000-af3f0000 r-xs 00000000 08:02 962079     /usr/share/fonts/X11/Type1/c0633bt_.pfb
af3f0000-af408000 r-xs 00000000 08:02 977440     /usr/share/fonts/type1/gsfonts/c059033l.pfb
af408000-af42a000 r-xs 00000000 08:02 167224     /usr/share/texmf/fonts/type1/public/tex-gyre/qplri.pfb
af42a000-af44a000 r-xs 00000000 08:02 167228     /usr/share/texmf/fonts/type1/public/tex-gyre/qtmri.pfb
af44a000-af45b000 r-xs 00000000 08:02 981195     /usr/share/fonts/type1/gsfonts/n019023l.pfb
af45b000-af47b000 r-xs 00000000 08:02 167199     /usr/share/texmf/fonts/type1/public/tex-gyre/qcrbi.pfb
af47b000-af49b000 r-xs 00000000 08:02 167193     /usr/share/texmf/fonts/type1/public/tex-gyre/qbkb.pfb
af49b000-af4ad000 r-xs 00000000 08:02 981245     /usr/share/fonts/type1/gsfonts/n019043l.pfb
af4ad000-af4c0000 r-xs 00000000 08:02 981217     /usr/share/fonts/type1/gsfonts/n019064l.pfb
af4c0000-af4c9000 r-xs 00000000 08:02 961681     /usr/share/fonts/X11/Type1/c0649bt_.pfb
af4c9000-af4ea000 r-xs 00000000 08:02 167225     /usr/share/texmf/fonts/type1/public/tex-gyre/qtmb.pfb
af4ea000-af502000 r-xs 00000000 08:02 981197     /usr/share/fonts/type1/gsfonts/n022003l.pfb
af502000-af51b000 r-xs 00000000 08:02 977431     /usr/share/fonts/type1/gsfonts/n021003l.pfb
af51b000-af52e000 r-xs 00000000 08:02 981180     /usr/share/fonts/type1/gsfonts/b018015l.pfb
af52e000-af54a000 r-xs 00000000 08:02 981199     /usr/share/fonts/type1/gsfonts/p052024l.pfb
af54a000-af560000 r-xs 00000000 08:02 981238     /usr/share/fonts/type1/gsfonts/n022023l.pfb
af560000-af580000 r-xs 00000000 08:02 167204     /usr/share/texmf/fonts/type1/public/tex-gyre/qcsr.pfb
af580000-af592000 r-xs 00000000 08:02 981202     /usr/share/fonts/type1/gsfonts/b018035l.pfb
af592000-af5ad000 r-xs 00000000 08:02 981169     /usr/share/fonts/type1/gsfonts/p052003l.pfb
af5ad000-af5cc000 r-xs 00000000 08:02 167200     /usr/share/texmf/fonts/type1/public/tex-gyre/qcrr.pfb
af5cc000-af5ee000 r-xs 00000000 08:02 167223     /usr/share/texmf/fonts/type1/public/tex-gyre/qplr.pfb
af5ee000-af60a000 r-xs 00000000 08:02 167206     /usr/share/texmf/fonts/type1/public/tex-gyre/qhvb.pfb
af60a000-af629000 r-xs 00000000 08:02 167201     /usr/share/texmf/fonts/type1/public/tex-gyre/qcrri.pfb
af629000-af645000 r-xs 00000000 08:02 164223     /usr/share/texmf/fonts/type1/public/tex-gyre/qagb.pfb
af645000-af655000 r-xs 00000000 08:02 981247     /usr/share/fonts/type1/gsfonts/a010013l.pfb
af655000-af65f000 r-xs 00000000 08:02 961860     /usr/share/fonts/X11/Type1/c0419bt_.pfb
af65f000-af67a000 r-xs 00000000 08:02 981172     /usr/share/fonts/type1/gsfonts/p052023l.pfb
af67a000-af68a000 r-xs 00000000 08:02 981212     /usr/share/fonts/type1/gsfonts/a010015l.pfb
af68a000-af6a5000 r-xs 00000000 08:02 977441     /usr/share/fonts/type1/gsfonts/c059016l.pfb
af6a5000-af6c5000 r-xs 00000000 08:02 167198     /usr/share/texmf/fonts/type1/public/tex-gyre/qcrb.pfb
af6c5000-af6e0000 r-xs 00000000 08:02 167210     /usr/share/texmf/fonts/type1/public/tex-gyre/qhvcr.pfb
af6e0000-af702000 r-xs 00000000 08:02 167221     /usr/share/texmf/fonts/type1/public/tex-gyre/qplb.pfb
af702000-af71c000 r-xs 00000000 08:02 167207     /usr/share/texmf/fonts/type1/public/tex-gyre/qhvbi.pfb
af71c000-af726000 r-xs 00000000 08:02 1099930    /usr/share/fonts/type1/mathml/Symbol.pfb
af726000-af73f000 r-xs 00000000 08:02 981216     /usr/share/fonts/type1/gsfonts/n022004l.pfb
af73f000-af750000 r-xs 00000000 08:02 981218     /usr/share/fonts/type1/gsfonts/n019063l.pfb
af750000-af75a000 r-xs 00000000 08:02 962078     /usr/share/fonts/X11/Type1/c0582bt_.pfb
af75a000-af763000 r-xs 00000000 08:02 962073     /usr/share/fonts/X11/Type1/c0648bt_.pfb
af763000-af784000 r-xs 00000000 08:02 167203     /usr/share/texmf/fonts/type1/public/tex-gyre/qcsbi.pfb
af784000-af78e000 r-xs 00000000 08:02 962070     /usr/share/fonts/X11/Type1/c0611bt_.pfb
af78e000-af7ae000 r-xs 00000000 08:02 167226     /usr/share/texmf/fonts/type1/public/tex-gyre/qtmbi.pfb
af7ae000-af7b8000 r-xs 00000000 08:02 962077     /usr/share/fonts/X11/Type1/c0583bt_.pfb
af7b8000-af7d1000 r-xs 00000000 08:02 167187     /usr/share/texmf/fonts/type1/public/tex-gyre/qagri.pfb
af7d1000-af7ec000 r-xs 00000000 08:02 167186     /usr/share/texmf/fonts/type1/public/tex-gyre/qagr.pfb
af7ec000-af7f5000 r-xs 00000000 08:02 981196     /usr/share/fonts/type1/gsfonts/s050000l.pfb
af7f5000-af80b000 r-xs 00000000 08:02 981182     /usr/share/fonts/type1/gsfonts/n022024l.pfb
af80b000-af82b000 r-xs 00000000 08:02 167195     /usr/share/texmf/fonts/type1/public/tex-gyre/qbkbi.pfb
af82b000-af84b000 r-xs 00000000 08:02 167196     /usr/share/texmf/fonts/type1/public/tex-gyre/qbkr.pfb
af84b000-af863000 r-xs 00000000 08:02 981232     /usr/share/fonts/type1/gsfonts/c059036l.pfb
af863000-af87e000 r-xs 00000000 08:02 167218     /usr/share/texmf/fonts/type1/public/tex-gyre/qhvr.pfb
af87e000-af89b000 r-xs 00000000 08:02 123687     /usr/share/texmf/fonts/type1/public/lm/lmtk10.pfb
af89b000-af8ba000 r-xs 00000000 08:02 123624     /usr/share/texmf/fonts/type1/public/lm/lmbx8.pfb
af8ba000-af8d9000 r-xs 00000000 08:02 123676     /usr/share/texmf/fonts/type1/public/lm/lmssqbo8.pfb
af8d9000-af8f4000 r-xs 00000000 08:02 123672     /usr/share/texmf/fonts/type1/public/lm/lmsso17.pfb
af8f4000-af90f000 r-xs 00000000 08:02 123685     /usr/share/texmf/fonts/type1/public/lm/lmtcsc10.pfb
af90f000-af917000 r-xs 00000000 08:02 123639     /usr/share/texmf/fonts/type1/public/lm/lmmi9.pfb
af917000-af936000 r-xs 00000000 08:02 123698     /usr/share/texmf/fonts/type1/public/lm/lmtto10.pfb
af936000-af958000 r-xs 00000000 08:02 123691     /usr/share/texmf/fonts/type1/public/lm/lmtlco10.pfb
af958000-af95f000 r-xs 00000000 08:02 123684     /usr/share/texmf/fonts/type1/public/lm/lmsy9.pfb
af95f000-af977000 r-xs 00000000 08:02 123662     /usr/share/texmf/fonts/type1/public/lm/lmss12.pfb
af977000-af992000 r-xs 00000000 08:02 123670     /usr/share/texmf/fonts/type1/public/lm/lmsso10.pfb
af992000-af9af000 r-xs 00000000 08:02 123628     /usr/share/texmf/fonts/type1/public/lm/lmcsc10.pfb
af9af000-af9cc000 r-xs 00000000 08:02 123695     /usr/share/texmf/fonts/type1/public/lm/lmtt8.pfb
af9cc000-af9ea000 r-xs 00000000 08:02 123649     /usr/share/texmf/fonts/type1/public/lm/lmr8.pfb
af9ea000-afa0a000 r-xs 00000000 08:02 123678     /usr/share/texmf/fonts/type1/public/lm/lmssqo8.pfb
afa0a000-afa26000 r-xs 00000000 08:02 123699     /usr/share/texmf/fonts/type1/public/lm/lmu10.pfb
afa26000-afa47000 r-xs 00000000 08:02 123629     /usr/share/texmf/fonts/type1/public/lm/lmcsco10.pfb
afa47000-afa4f000 r-xs 00000000 08:02 123618     /usr/share/texmf/fonts/type1/public/lm/lmbsy7.pfb
afa4f000-afa67000 r-xs 00000000 08:02 123664     /usr/share/texmf/fonts/type1/public/lm/lmss8.pfb
afa67000-afa7f000 r-xs 00000000 08:02 123661     /usr/share/texmf/fonts/type1/public/lm/lmss10.pfb
afa7f000-afaa1000 r-xs 00000000 08:02 123669     /usr/share/texmf/fonts/type1/public/lm/lmssdo10.pfb
afaa1000-afabf000 r-xs 00000000 08:02 123702     /usr/share/texmf/fonts/type1/public/lm/lmvtl10.pfb
afabf000-afae0000 r-xs 00000000 08:02 123705     /usr/share/texmf/fonts/type1/public/lm/lmvtto10.pfb
afae0000-afae8000 r-xs 00000000 08:02 123642     /usr/share/texmf/fonts/type1/public/lm/lmmib7.pfb
afae8000-afaf0000 r-xs 00000000 08:02 123641     /usr/share/texmf/fonts/type1/public/lm/lmmib5.pfb
afaf0000-afb0e000 r-xs 00000000 08:02 123650     /usr/share/texmf/fonts/type1/public/lm/lmr9.pfb
afb0e000-afb29000 r-xs 00000000 08:02 123655     /usr/share/texmf/fonts/type1/public/lm/lmri9.pfb
afb29000-afb30000 r-xs 00000000 08:02 123616     /usr/share/texmf/fonts/type1/public/lm/lmbsy10.pfb
afb30000-afb4b000 r-xs 00000000 08:02 123696     /usr/share/texmf/fonts/type1/public/lm/lmtt9.pfb
afb4b000-afb6e000 r-xs 00000000 08:02 123688     /usr/share/texmf/fonts/type1/public/lm/lmtko10.pfb
afb6e000-afb90000 r-xs 00000000 08:02 123615     /usr/share/texmf/fonts/type1/public/lm/lmbo10.pfb
afb90000-afbaa000 r-xs 00000000 08:02 123689     /usr/share/texmf/fonts/type1/public/lm/lmtl10.pfb
afbaa000-afbb2000 r-xs 00000000 08:02 123635     /usr/share/texmf/fonts/type1/public/lm/lmmi5.pfb
afbb2000-afbd0000 r-xs 00000000 08:02 123623     /usr/share/texmf/fonts/type1/public/lm/lmbx7.pfb
afbd0000-afbd7000 r-xs 00000000 08:02 123683     /usr/share/texmf/fonts/type1/public/lm/lmsy8.pfb
afbd7000-afbf9000 r-xs 00000000 08:02 123703     /usr/share/texmf/fonts/type1/public/lm/lmvtlo10.pfb
afbf9000-afc1b000 r-xs 00000000 08:02 123660     /usr/share/texmf/fonts/type1/public/lm/lmro9.pfb
afc1b000-afc3a000 r-xs 00000000 08:02 123647     /usr/share/texmf/fonts/type1/public/lm/lmr6.pfb
afc3a000-afc58000 r-xs 00000000 08:02 123646     /usr/share/texmf/fonts/type1/public/lm/lmr5.pfb
afc58000-afc71000 r-xs 00000000 08:02 123697     /usr/share/texmf/fonts/type1/public/lm/lmtti10.pfb
afc71000-afc92000 r-xs 00000000 08:02 123658     /usr/share/texmf/fonts/type1/public/lm/lmro17.pfb
afc92000-afc9a000 r-xs 00000000 08:02 123634     /usr/share/texmf/fonts/type1/public/lm/lmmi12.pfb
afc9a000-afcb5000 r-xs 00000000 08:02 123694     /usr/share/texmf/fonts/type1/public/lm/lmtt12.pfb
afcb5000-afcd4000 r-xs 00000000 08:02 123692     /usr/share/texmf/fonts/type1/public/lm/lmtlo10.pfb
afcd4000-afcf2000 r-xs 00000000 08:02 123619     /usr/share/texmf/fonts/type1/public/lm/lmbx10.pfb
afcf2000-afcfa000 r-xs 00000000 08:02 123638     /usr/share/texmf/fonts/type1/public/lm/lmmi8.pfb
afcfa000-afd18000 r-xs 00000000 08:02 123645     /usr/share/texmf/fonts/type1/public/lm/lmr17.pfb
afd18000-afd3c000 r-xs 00000000 08:02 123631     /usr/share/texmf/fonts/type1/public/lm/lmduno10.pfb
afd3c000-afd44000 r-xs 00000000 08:02 123636     /usr/share/texmf/fonts/type1/public/lm/lmmi6.pfb
afd44000-afd63000 r-xs 00000000 08:02 123622     /usr/share/texmf/fonts/type1/public/lm/lmbx6.pfb
afd63000-afd81000 r-xs 00000000 08:02 123667     /usr/share/texmf/fonts/type1/public/lm/lmssbx10.pfb
afd81000-afda2000 r-xs 00000000 08:02 123656     /usr/share/texmf/fonts/type1/public/lm/lmro10.pfb
afda2000-afdbf000 r-xs 00000000 08:02 123668     /usr/share/texmf/fonts/type1/public/lm/lmssdc10.pfb
afdbf000-afde0000 r-xs 00000000 08:02 123659     /usr/share/texmf/fonts/type1/public/lm/lmro8.pfb
afde0000-afdff000 r-xs 00000000 08:02 123700     /usr/share/texmf/fonts/type1/public/lm/lmvtk10.pfb
afdff000-afe07000 r-xs 00000000 08:02 123617     /usr/share/texmf/fonts/type1/public/lm/lmbsy5.pfb
afe07000-afe24000 r-xs 00000000 08:02 123620     /usr/share/texmf/fonts/type1/public/lm/lmbx12.pfb
afe24000-afe3c000 r-xs 00000000 08:02 123663     /usr/share/texmf/fonts/type1/public/lm/lmss17.pfb
afe3c000-afe5b000 r-xs 00000000 08:02 123630     /usr/share/texmf/fonts/type1/public/lm/lmdunh10.pfb
afe5b000-afe76000 r-xs 00000000 08:02 123654     /usr/share/texmf/fonts/type1/public/lm/lmri8.pfb
afe76000-afe95000 r-xs 00000000 08:02 123625     /usr/share/texmf/fonts/type1/public/lm/lmbx9.pfb
afe95000-afeb7000 r-xs 00000000 08:02 123627     /usr/share/texmf/fonts/type1/public/lm/lmbxo10.pfb
afeb7000-afed3000 r-xs 00000000 08:02 123644     /usr/share/texmf/fonts/type1/public/lm/lmr12.pfb
afed3000-afedb000 rwxs 4b3e6000 00:05 7167       /dev/dri/card0
afedb000-b00db000 rwxs 4d25f000 00:05 7167       /dev/dri/card0
b00db000-b04db000 rwxs 4cdff000 00:05 7167       /dev/dri/card0
b04db000-b04df000 rwxs 4d7b7000 00:05 7167       /dev/dri/card0
b04df000-b04e3000 rwxs 4b6b7000 00:05 7167       /dev/dri/card0
b04e3000-b04ea000 r-xs 00000000 08:02 123679     /usr/share/texmf/fonts/type1/public/lm/lmsy10.pfb
b04ea000-b0506000 r-xs 00000000 08:02 123651     /usr/share/texmf/fonts/type1/public/lm/lmri10.pfb
b0506000-b050e000 r-xs 00000000 08:02 123640     /usr/share/texmf/fonts/type1/public/lm/lmmib10.pfb
b050e000-b052b000 r-xs 00000000 08:02 123621     /usr/share/texmf/fonts/type1/public/lm/lmbx5.pfb
b052b000-b0548000 r-xs 00000000 08:02 123677     /usr/share/texmf/fonts/type1/public/lm/lmssqbx8.pfb
b0548000-b054f000 r-xs 00000000 08:02 123682     /usr/share/texmf/fonts/type1/public/lm/lmsy7.pfb
b054f000-b056a000 r-xs 00000000 08:02 123673     /usr/share/texmf/fonts/type1/public/lm/lmsso8.pfb
b056a000-b058f000 r-xs 00000000 08:02 123701     /usr/share/texmf/fonts/type1/public/lm/lmvtko10.pfb
b058f000-b05cf000 rwxs 4d467000 00:05 7167       /dev/dri/card0
b05cf000-b05d3000 rwxs 4b7b8000 00:05 7167       /dev/dri/card0
b05d3000-b05db000 rwxs 4d45f000 00:05 7167       /dev/dri/card0
b05db000-b05f6000 r-xs 00000000 08:02 123674     /usr/share/texmf/fonts/type1/public/lm/lmsso9.pfb
b05f6000-b0611000 r-xs 00000000 08:02 123652     /usr/share/texmf/fonts/type1/public/lm/lmri12.pfb
b0611000-b0629000 r-xs 00000000 08:02 123665     /usr/share/texmf/fonts/type1/public/lm/lmss9.pfb
b0629000-b0630000 r-xs 00000000 08:02 123681     /usr/share/texmf/fonts/type1/public/lm/lmsy6.pfb
b0630000-b064e000 r-xs 00000000 08:02 123643     /usr/share/texmf/fonts/type1/public/lm/lmr10.pfb
b064e000-b0654000 r-xs 00000000 08:02 123632     /usr/share/texmf/fonts/type1/public/lm/lmex10.pfb
b0654000-b0673000 r-xs 00000000 08:02 123657     /usr/share/texmf/fonts/type1/public/lm/lmro12.pfb
b0673000-b0693000 r-xs 00000000 08:02 123686     /usr/share/texmf/fonts/type1/public/lm/lmtcso10.pfb
b0693000-b06b0000 r-xs 00000000 08:02 123704     /usr/share/texmf/fonts/type1/public/lm/lmvtt10.pfb
b06b0000-b06d2000 r-xs 00000000 08:02 123666     /usr/share/texmf/fonts/type1/public/lm/lmssbo10.pfb
b06d2000-b06ee000 r-xs 00000000 08:02 123693     /usr/share/texmf/fonts/type1/public/lm/lmtt10.pfb
b06ee000-b06f6000 r-xs 00000000 08:02 123633     /usr/share/texmf/fonts/type1/public/lm/lmmi10.pfb
b06f6000-b0712000 r-xs 00000000 08:02 123626     /usr/share/texmf/fonts/type1/public/lm/lmbxi10.pfb
b0712000-b0719000 r-xs 00000000 08:02 123680     /usr/share/texmf/fonts/type1/public/lm/lmsy5.pfb
b0719000-b0737000 r-xs 00000000 08:02 123648     /usr/share/texmf/fonts/type1/public/lm/lmr7.pfb
b0737000-b0754000 r-xs 00000000 08:02 123675     /usr/share/texmf/fonts/type1/public/lm/lmssq8.pfb
b0754000-b075c000 r-xs 00000000 08:02 123637     /usr/share/texmf/fonts/type1/public/lm/lmmi7.pfb
b075c000-b0778000 r-xs 00000000 08:02 123653     /usr/share/texmf/fonts/type1/public/lm/lmri7.pfb
b0778000-b077c000 rwxs 4b878000 00:05 7167       /dev/dri/card0
b077c000-b077f000 ---p 00000000 00:00 0 
b077f000-b07cd000 rwxp 00000000 00:00 0 
b07cd000-b07dd000 rwxs 4d4a7000 00:05 7167       /dev/dri/card0
b07dd000-b07ed000 rwxs 4d24f000 00:05 7167       /dev/dri/card0
b07ed000-b07fd000 rwxs 4d23f000 00:05 7167       /dev/dri/card0
b07fd000-b081d000 rwxs 4d21f000 00:05 7167       /dev/dri/card0
b081d000-b083d000 rwxs 4d1ff000 00:05 7167       /dev/dri/card0
b083d000-b085d000 rwxs 4b3b6000 00:05 7167       /dev/dri/card0
b085d000-b087d000 rwxs 4b396000 00:05 7167       /dev/dri/card0
b087d000-b089d000 rwxs 4b376000 00:05 7167       /dev/dri/card0
b089d000-b08dd000 rwxs 4b670000 00:05 7167       /dev/dri/card0
b08dd000-b095d000 rwxs 4cd7f000 00:05 7167       /dev/dri/card0
b095d000-b09dd000 rwxs 4ccff000 00:05 7167       /dev/dri/card0
b09dd000-b0a5d000 rwxs 4cc7f000 00:05 7167       /dev/dri/card0
b0a5d000-b0add000 rwxs 4b2f6000 00:05 7167       /dev/dri/card0
b0add000-b0b5d000 rwxs 4b5f0000 00:05 7167       /dev/dri/card0
b0b5d000-b0bdd000 rwxs 4b7c8000 00:05 7167       /dev/dri/card0
b0bdd000-b0cdd000 rwxs 4cb7f000 00:05 7167       /dev/dri/card0
b0cdd000-b0ddd000 rwxs 4ca7f000 00:05 7167       /dev/dri/card0
b0ddd000-b0edd000 rwxs 4c97f000 00:05 7167       /dev/dri/card0
b0edd000-b0fdd000 rwxs 4c87f000 00:05 7167       /dev/dri/card0
b0fdd000-b10dd000 rwxs 4c77f000 00:05 7167       /dev/dri/card0
b10dd000-b11dd000 rwxs 4c67f000 00:05 7167       /dev/dri/card0
b11dd000-b12dd000 rwxs 4c57f000 00:05 7167       /dev/dri/card0
b12dd000-b13dd000 rwxs 4c47f000 00:05 7167       /dev/dri/card0
b13dd000-b14dd000 rwxs 4c37f000 00:05 7167       /dev/dri/card0
b14dd000-b15dd000 rwxs 4c27f000 00:05 7167       /dev/dri/card0
b15dd000-b16dd000 rwxs 4c17f000 00:05 7167       /dev/dri/card0
b16dd000-b17dd000 rwxs 4c07f000 00:05 7167       /dev/dri/card0
b17dd000-b18dd000 rwxs 4bf7f000 00:05 7167       /dev/dri/card0
b18dd000-b19dd000 rwxs 4be7f000 00:05 7167       /dev/dri/card0
b19dd000-b1add000 rwxs 4bd7f000 00:05 7167       /dev/dri/card0
b1add000-b1bdd000 rwxs 4bc7f000 00:05 7167       /dev/dri/card0
b1bdd000-b1cdd000 rwxs 4bb7f000 00:05 7167       /dev/dri/card0
b1cdd000-b1ddd000 rwxs 4ba7f000 00:05 7167       /dev/dri/card0
b1ddf000-b1def000 rwxs 4b3d6000 00:05 7167       /dev/dri/card0
b1def000-b1dff000 rwxs 4b868000 00:05 7167       /dev/dri/card0
b1dff000-b1e0f000 rwxs 4b76c000 00:05 7167       /dev/dri/card0
b1e0f000-b1e2f000 rwxs 4b848000 00:05 7167       /dev/dri/card0
b1e2f000-b1e4f000 rwxs 4b73f000 00:05 7167       /dev/dri/card0
b1e4f000-b1e57000 rwxs 4b764000 00:05 7167       /dev/dri/card0
b1e57000-b1e5f000 rwxs 4b7b0000 00:05 7167       /dev/dri/card0
b1e5f000-b1e9f000 rwxs 4b6ff000 00:05 7167       /dev/dri/card0
b1e9f000-b1edf000 rwxs 4b6bf000 00:05 7167       /dev/dri/card0
b1edf000-b1ee0000 rwxp 00000000 00:00 0 
b1ee0000-b1ee4000 rwxs 4b7bf000 00:05 7167       /dev/dri/card0
b1ee4000-b2cd1000 rwxp 00000000 00:00 0 
b2cd1000-b2cf7000 r-xp 00000000 08:02 1132466    /lib/i386-linux-gnu/libexpat.so.1.5.2
b2cf7000-b2cf8000 ---p 00026000 08:02 1132466    /lib/i386-linux-gnu/libexpat.so.1.5.2
b2cf8000-b2cfa000 r-xp 00026000 08:02 1132466    /lib/i386-linux-gnu/libexpat.so.1.5.2
b2cfa000-b2cfb000 rwxp 00028000 08:02 1132466    /lib/i386-linux-gnu/libexpat.so.1.5.2
b2cfb000-b2de5000 r-xp 00000000 08:02 838951     /usr/lib/dri/libglsl.so
b2de5000-b2de9000 r-xp 000ea000 08:02 838951     /usr/lib/dri/libglsl.so
b2de9000-b2dea000 rwxp 000ee000 08:02 838951     /usr/lib/dri/libglsl.so
b2dea000-b2deb000 rwxp 00000000 00:00 0 
b2deb000-b2fc6000 r-xp 00000000 08:02 839124     /usr/lib/dri/libdricore.so
b2fc6000-b2fcc000 r-xp 001db000 08:02 839124     /usr/lib/dri/libdricore.so
b2fcc000-b2fce000 rwxp 001e1000 08:02 839124     /usr/lib/dri/libdricore.so
b2fce000-b2fde000 rwxp 00000000 00:00 0 
b2fde000-b3042000 r-xp 00000000 08:02 838933     /usr/lib/dri/i915_dri.so
b3042000-b3044000 r-xp 00064000 08:02 838933     /usr/lib/dri/i915_dri.so
b3044000-b3045000 rwxp 00066000 08:02 838933     /usr/lib/dri/i915_dri.so
b3045000-b3200000 rwxs 00000000 00:04 10715173   /SYSV00000000 (deleted)
b3200000-b32f9000 rwxp 00000000 00:00 0 
b32f9000-b3300000 ---p 00000000 00:00 0 
b3301000-b3305000 rwxs 4b75f000 00:05 7167       /dev/dri/card0
b3305000-b330d000 rwxs 4b7a8000 00:05 7167       /dev/dri/card0
b330d000-b3315000 rwxs 4b7a0000 00:05 7167       /dev/dri/card0
b3315000-b3325000 rwxs 4b790000 00:05 7167       /dev/dri/card0
b3325000-b332d000 rwxs 4b788000 00:05 7167       /dev/dri/card0
b332d000-b3335000 rwxs 4b780000 00:05 7167       /dev/dri/card0
b3335000-b3338000 ---p 00000000 00:00 0 
b3338000-b3488000 rwxp 00000000 00:00 0 
b3488000-b348b000 ---p 00000000 00:00 0 
b348b000-b34d9000 rwxp 00000000 00:00 0 
b34d9000-b34dc000 ---p 00000000 00:00 0 
b34dc000-b352a000 rwxp 00000000 00:00 0 
b352a000-b353b000 r-xp 00000000 08:02 1132059    /lib/i386-linux-gnu/libresolv-2.13.so
b353b000-b353c000 r-xp 00010000 08:02 1132059    /lib/i386-linux-gnu/libresolv-2.13.so
b353c000-b353d000 rwxp 00011000 08:02 1132059    /lib/i386-linux-gnu/libresolv-2.13.so
b353d000-b353f000 rwxp 00000000 00:00 0 
b353f000-b3543000 r-xp 00000000 08:02 1132072    /lib/i386-linux-gnu/libnss_dns-2.13.so
b3543000-b3544000 r-xp 00004000 08:02 1132072    /lib/i386-linux-gnu/libnss_dns-2.13.so
b3544000-b3545000 rwxp 00005000 08:02 1132072    /lib/i386-linux-gnu/libnss_dns-2.13.so
b3545000-b3547000 r-xp 00000000 08:02 1134975    /lib/libnss_mdns4_minimal.so.2
b3547000-b3548000 r-xp 00001000 08:02 1134975    /lib/libnss_mdns4_minimal.so.2
b3548000-b3549000 rwxp 00002000 08:02 1134975    /lib/libnss_mdns4_minimal.so.2
b354c000-b3550000 rwxs 4b7c4000 00:05 7167       /dev/dri/card0
b3550000-b3559000 r-xp 00000000 08:02 1132146    /lib/i386-linux-gnu/libdrm_intel.so.1.0.0
b3559000-b355a000 r-xp 00008000 08:02 1132146    /lib/i386-linux-gnu/libdrm_intel.so.1.0.0
b355a000-b355b000 rwxp 00009000 08:02 1132146    /lib/i386-linux-gnu/libdrm_intel.so.1.0.0
b355b000-b3563000 r-xs 00115000 08:02 1001968    /usr/lib/jvm/java-6-sun-1.6.0.26/jre/lib/resources.jar
b3563000-b3566000 r-xs 0001d000 08:02 1006925    /home/ichbinkeinreh/.m2/repository/org/lwjgl/lwjgl-util/2.7.1/lwjgl-util-2.7.1.jar
b3566000-b3569000 ---p 00000000 00:00 0 
b3569000-b35b7000 rwxp 00000000 00:00 0 
b35b7000-b35ba000 ---p 00000000 00:00 0 
b35ba000-b3608000 rwxp 00000000 00:00 0 
b3608000-b3622000 r-xp 00000000 08:02 1132481    /lib/i386-linux-gnu/libgcc_s.so.1
b3622000-b3623000 r-xp 00019000 08:02 1132481    /lib/i386-linux-gnu/libgcc_s.so.1
b3623000-b3624000 rwxp 0001a000 08:02 1132481    /lib/i386-linux-gnu/libgcc_s.so.1
b3624000-b3703000 r-xp 00000000 08:02 840824     /usr/lib/i386-linux-gnu/libstdc++.so.6.0.14
b3703000-b3707000 r-xp 000de000 08:02 840824     /usr/lib/i386-linux-gnu/libstdc++.so.6.0.14
b3707000-b3708000 rwxp 000e2000 08:02 840824     /usr/lib/i386-linux-gnu/libstdc++.so.6.0.14
b3708000-b370f000 rwxp 00000000 00:00 0 
b370f000-b3717000 r-xp 00000000 08:02 1132196    /lib/i386-linux-gnu/libdrm.so.2.4.0
b3717000-b3718000 r-xp 00007000 08:02 1132196    /lib/i386-linux-gnu/libdrm.so.2.4.0
b3718000-b3719000 rwxp 00008000 08:02 1132196    /lib/i386-linux-gnu/libdrm.so.2.4.0
b3719000-b3762000 r-xp 00000000 08:02 855147     /usr/lib/mesa/libGL.so.1.2
b3762000-b3763000 ---p 00049000 08:02 855147     /usr/lib/mesa/libGL.so.1.2
b3763000-b3768000 r-xp 00049000 08:02 855147     /usr/lib/mesa/libGL.so.1.2
b3768000-b376e000 rwxp 0004e000 08:02 855147     /usr/lib/mesa/libGL.so.1.2
b376e000-b376f000 rwxp 00000000 00:00 0 
b376f000-b37cd000 r-xp 00000000 08:02 939515     /tmp/liblwjgl.so
b37cd000-b37ce000 ---p 0005e000 08:02 939515     /tmp/liblwjgl.so
b37ce000-b37cf000 r-xp 0005e000 08:02 939515     /tmp/liblwjgl.so
b37cf000-b37d0000 rwxp 0005f000 08:02 939515     /tmp/liblwjgl.so
b37d0000-b37d1000 r-xs 00000000 08:02 90970      /var/cache/fontconfig/26de28bc8622bbc1fb67fd234c21975f-le32d4.cache-3
b37d1000-b37d2000 r-xs 00000000 08:02 91696      /var/cache/fontconfig/c05880de57d1f5e948fdfacc138775d9-le32d4.cache-3
b37d2000-b37d8000 r-xs 00000000 08:02 90537      /var/cache/fontconfig/945677eb7aeaf62f1d50efc3fb3ec7d8-le32d4.cache-3
b37d8000-b37db000 r-xs 00000000 08:02 91695      /var/cache/fontconfig/99e8ed0e538f840c565b6ed5dad60d56-le32d4.cache-3
b37db000-b37dd000 r-xs 00000000 08:02 90481      /var/cache/fontconfig/f24b2111ab8703b4e963115a8cf14259-le32d4.cache-3
b37dd000-b37e0000 r-xs 00000000 08:02 91694      /var/cache/fontconfig/e383d7ea5fbe662a33d9b44caf393297-le32d4.cache-3
b37e0000-b37e5000 r-xs 00000000 08:02 90971      /var/cache/fontconfig/401a5dd6b567794a1d18dd9342dfa604-le32d4.cache-3
b37e5000-b37e7000 r-xs 00000000 08:02 91693      /var/cache/fontconfig/2cd17615ca594fa2959ae173292e504c-le32d4.cache-3
b37e7000-b37ea000 r-xs 00000000 08:02 91072      /var/cache/fontconfig/a46337af8a0b4c9b317ad981ec3bdf87-le32d4.cache-3
b37ea000-b37eb000 r-xs 00000000 08:02 552612     /var/cache/fontconfig/e3fa16a14183b06aa45b3e009278fd14-le32d4.cache-3
b37eb000-b37ec000 r-xs 00000000 08:02 91692      /var/cache/fontconfig/e7071f4a29fa870f4323321c154eba04-le32d4.cache-3
b37ec000-b37f0000 r-xs 00000000 08:02 91719      /var/cache/fontconfig/926e794c3d5e5dffcaf2fa83ef8d36c2-le32d4.cache-3
b37f0000-b37f3000 r-xs 00000000 08:02 91691      /var/cache/fontconfig/6eb3985aa4124903f6ff08ba781cd364-le32d4.cache-3
b37f3000-b37f4000 r-xs 00000000 08:02 91690      /var/cache/fontconfig/4c73fe0c47614734b17d736dbde7580a-le32d4.cache-3
b37f4000-b37f5000 r-xs 00000000 08:02 91689      /var/cache/fontconfig/0d8c3b2ac0904cb8a57a757ad11a4a08-le32d4.cache-3
b37f5000-b37f6000 r-xs 00000000 08:02 91688      /var/cache/fontconfig/6a53c69dea097a2d716e069445527da8-le32d4.cache-3
b37f6000-b37fa000 r-xs 00000000 08:02 91687      /var/cache/fontconfig/062808c12e6e608270f93bb230aed730-le32d4.cache-3
b37fa000-b37fe000 r-xs 00000000 08:02 90784      /var/cache/fontconfig/a755afe4a08bf5b97852ceb7400b47bc-le32d4.cache-3
b37fe000-b37ff000 r-xs 00000000 08:02 552611     /var/cache/fontconfig/79517df041c92e3f2b4a9700e7dbe3c7-le32d4.cache-3
b37ff000-b3800000 r-xs 00000000 08:02 552610     /var/cache/fontconfig/4abdb2dd99886b2b2d3168a6b22d0473-le32d4.cache-3
b3800000-b3801000 r-xs 00000000 08:02 552609     /var/cache/fontconfig/b9af901c4f3947128be824d599af5f25-le32d4.cache-3
b3801000-b3803000 r-xs 00000000 08:02 552607     /var/cache/fontconfig/90e84e89a4382a8db77728561d41356d-le32d4.cache-3
b3803000-b3805000 r-xs 00000000 08:02 552601     /var/cache/fontconfig/9123b38b1c36356a690c2f0bc4cbf728-le32d4.cache-3
b3805000-b3809000 r-xs 00000000 08:02 90977      /var/cache/fontconfig/515ca1ebc4b18308bea979be5704f9db-le32d4.cache-3
b3809000-b3810000 r-xs 00000000 08:02 91069      /var/cache/fontconfig/6d41288fd70b0be22e8c3a91e032eec0-le32d4.cache-3
b3810000-b3818000 r-xs 00000000 08:02 90558      /var/cache/fontconfig/e3de0de479f42330eadf588a55fb5bf4-le32d4.cache-3
b3818000-b3823000 r-xs 00000000 08:02 90557      /var/cache/fontconfig/0f34bcd4b6ee430af32735b75db7f02b-le32d4.cache-3
b3823000-b3826000 r-xs 00000000 08:02 90527      /var/cache/fontconfig/d60319d88cac85ba9e1a07bd06cfbb8c-le32d4.cache-3
b3826000-b3848000 r-xs 00000000 08:02 90968      /var/cache/fontconfig/365b55f210c0a22e9a19e35191240f32-le32d4.cache-3
b3848000-b3850000 r-xs 00000000 08:02 90507      /var/cache/fontconfig/d52a8644073d54c13679302ca1180695-le32d4.cache-3
b3850000-b3857000 r-xp 00000000 08:02 1100602    /usr/lib/jvm/java-6-sun-1.6.0.26/jre/lib/i386/libnio.so
b3857000-b3858000 rwxp 00006000 08:02 1100602    /usr/lib/jvm/java-6-sun-1.6.0.26/jre/lib/i386/libnio.so
b3858000-b385c000 r-xp 00000000 08:02 839541     /usr/lib/i386-linux-gnu/libXxf86vm.so.1.0.0
b385c000-b385d000 r-xp 00003000 08:02 839541     /usr/lib/i386-linux-gnu/libXxf86vm.so.1.0.0
b385d000-b385e000 rwxp 00004000 08:02 839541     /usr/lib/i386-linux-gnu/libXxf86vm.so.1.0.0
b385e000-b3861000 ---p 00000000 00:00 0 
b3861000-b38af000 rwxp 00000000 00:00 0 
b38af000-b38b2000 ---p 00000000 00:00 0 
b38b2000-b3900000 rwxp 00000000 00:00 0 
b3900000-b39ff000 rwxp 00000000 00:00 0 
b39ff000-b3a00000 ---p 00000000 00:00 0 
b3a00000-b3a01000 r-xs 00000000 08:02 552608     /var/cache/fontconfig/a18183678af55fd6535fa2d00e080189-le32d4.cache-3
b3a01000-b3a02000 r-xs 00000000 08:02 552606     /var/cache/fontconfig/b73ae53b2eee308c3d7feb99ac2d34cd-le32d4.cache-3
b3a02000-b3a08000 r-xs 00000000 08:02 90519      /var/cache/fontconfig/089dead882dea3570ffc31a9898cfb69-le32d4.cache-3
b3a08000-b3a0e000 r-xs 00000000 08:02 90234      /var/cache/fontconfig/cabbd14511b9e8a55e92af97fb3a0461-le32d4.cache-3
b3a0e000-b3a20000 r-xs 00000000 08:02 90229      /var/cache/fontconfig/e13b20fdb08344e0e664864cc2ede53d-le32d4.cache-3
b3a22000-b3a24000 r-xp 00000000 08:02 839224     /usr/lib/i386-linux-gnu/libXdamage.so.1.1.0
b3a24000-b3a25000 r-xp 00001000 08:02 839224     /usr/lib/i386-linux-gnu/libXdamage.so.1.1.0
b3a25000-b3a26000 rwxp 00002000 08:02 839224     /usr/lib/i386-linux-gnu/libXdamage.so.1.1.0
b3a26000-b3a27000 r-xp 00000000 08:02 1100622    /usr/lib/jvm/java-6-sun-1.6.0.26/jre/lib/i386/libjawt.so
b3a27000-b3a28000 rwxp 00000000 08:02 1100622    /usr/lib/jvm/java-6-sun-1.6.0.26/jre/lib/i386/libjawt.so
b3a28000-b3a2e000 r-xp 00000000 08:02 839230     /usr/lib/i386-linux-gnu/libXrandr.so.2.2.0
b3a2e000-b3a2f000 r-xp 00005000 08:02 839230     /usr/lib/i386-linux-gnu/libXrandr.so.2.2.0
b3a2f000-b3a30000 rwxp 00006000 08:02 839230     /usr/lib/i386-linux-gnu/libXrandr.so.2.2.0
b3a30000-b3a34000 r-xp 00000000 08:02 840480     /usr/lib/i386-linux-gnu/libXfixes.so.3.1.0
b3a34000-b3a35000 r-xp 00003000 08:02 840480     /usr/lib/i386-linux-gnu/libXfixes.so.3.1.0
b3a35000-b3a36000 rwxp 00004000 08:02 840480     /usr/lib/i386-linux-gnu/libXfixes.so.3.1.0
b3a36000-b3a3e000 r-xp 00000000 08:02 838970     /usr/lib/i386-linux-gnu/libXrender.so.1.3.0
b3a3e000-b3a3f000 r-xp 00007000 08:02 838970     /usr/lib/i386-linux-gnu/libXrender.so.1.3.0
b3a3f000-b3a40000 rwxp 00008000 08:02 838970     /usr/lib/i386-linux-gnu/libXrender.so.1.3.0
b3a40000-b3a48000 r-xp 00000000 08:02 839572     /usr/lib/i386-linux-gnu/libXcursor.so.1.0.2
b3a48000-b3a49000 r-xp 00007000 08:02 839572     /usr/lib/i386-linux-gnu/libXcursor.so.1.0.2
b3a49000-b3a4a000 rwxp 00008000 08:02 839572     /usr/lib/i386-linux-gnu/libXcursor.so.1.0.2
b3a4b000-b3a4c000 r-xs 0019f000 08:02 546362     /home/ichbinkeinreh/.m2/repository/org/lwjgl/lwjgl-native/2.7.1/lwjgl-native-2.7.1.jar
b3a4c000-b3a4f000 rwxs 00000000 00:04 10682407   /SYSV00000000 (deleted)
b3a4f000-b3a63000 r-xp 00000000 08:02 1100601    /usr/lib/jvm/java-6-sun-1.6.0.26/jre/lib/i386/libnet.so
b3a63000-b3a64000 rwxp 00013000 08:02 1100601    /usr/lib/jvm/java-6-sun-1.6.0.26/jre/lib/i386/libnet.so
b3a64000-b3a67000 ---p 00000000 00:00 0 
b3a67000-b3ab5000 rwxp 00000000 00:00 0 
b3ab5000-b3b2e000 r-xp 00000000 08:02 1100616    /usr/lib/jvm/java-6-sun-1.6.0.26/jre/lib/i386/libfontmanager.so
b3b2e000-b3b38000 rwxp 00078000 08:02 1100616    /usr/lib/jvm/java-6-sun-1.6.0.26/jre/lib/i386/libfontmanager.so
b3b38000-b3b3d000 rwxp 00000000 00:00 0 
b3b3d000-b3b4a000 r-xp 00000000 08:02 839545     /usr/lib/i386-linux-gnu/libXi.so.6.1.0
b3b4a000-b3b4b000 r-xp 0000c000 08:02 839545     /usr/lib/i386-linux-gnu/libXi.so.6.1.0
b3b4b000-b3b4c000 rwxp 0000d000 08:02 839545     /usr/lib/i386-linux-gnu/libXi.so.6.1.0
b3b4c000-b3b4d000 r-xs 00000000 08:02 552605     /var/cache/fontconfig/407fd690308a0b04640307de6deab6da-le32d4.cache-3
b3b4d000-b3b52000 r-xs 00000000 08:02 552600     /var/cache/fontconfig/7ef2298fde41cc6eeb7af42e48b7d293-le32d4.cache-3
b3b52000-b3b58000 r-xs 00000000 08:02 90228      /var/cache/fontconfig/b83386915dae36184c7e3985fd26e4b1-le32d4.cache-3
b3b58000-b3b66000 r-xs 00000000 08:02 90227      /var/cache/fontconfig/865f88548240fee46819705c6468c165-le32d4.cache-3
b3b66000-b3ba9000 r-xp 00000000 08:02 927545     /usr/lib/jvm/java-6-sun-1.6.0.26/jre/lib/i386/xawt/libmawt.so
b3ba9000-b3bab000 rwxp 00043000 08:02 927545     /usr/lib/jvm/java-6-sun-1.6.0.26/jre/lib/i386/xawt/libmawt.so
b3bab000-b3bac000 rwxp 00000000 00:00 0 
b3bac000-b3c31000 r-xp 00000000 08:02 1100614    /usr/lib/jvm/java-6-sun-1.6.0.26/jre/lib/i386/libawt.so
b3c31000-b3c38000 rwxp 00085000 08:02 1100614    /usr/lib/jvm/java-6-sun-1.6.0.26/jre/lib/i386/libawt.so
b3c38000-b3c5c000 rwxp 00000000 00:00 0 
b3c5c000-b3c68000 r-xs 000ca000 08:02 480543     /home/ichbinkeinreh/.m2/repository/org/lwjgl/lwjgl/2.7.1/lwjgl-2.7.1.jar
b3c68000-b3c6a000 r-xs 0000d000 08:02 343913     /home/ichbinkeinreh/.m2/repository/jcraft/jorbis/0.0.15/jorbis-0.0.15.jar
b3c6a000-b3c6b000 r-xs 00001000 08:02 286175     /home/ichbinkeinreh/.m2/repository/jcraft/jogg/0.0.7/jogg-0.0.7.jar
b3c6b000-b3c6d000 r-xs 00008000 08:02 236939     /home/ichbinkeinreh/.m2/repository/ibxm/ibxm/unknown/ibxm-unknown.jar
b3c6d000-b3c6e000 r-xs 00001000 08:02 123509     /home/ichbinkeinreh/.m2/repository/javax/jnlp/jnlp/1.2/jnlp-1.2.jar
b3c6e000-b3c6f000 r-xs 00038000 08:02 11156      /home/ichbinkeinreh/.m2/repository/org/lwjgl/lwjgl-native/2.1.0/lwjgl-native-2.1.0-win32.jar
b3c6f000-b3c74000 r-xs 0002f000 08:02 1170738    /home/ichbinkeinreh/.m2/repository/org/lwjgl/lwjgl-jinput/2.1.0/lwjgl-jinput-2.1.0.jar
b3c74000-b3c76000 r-xs 00019000 08:02 1047833    /home/ichbinkeinreh/.m2/repository/phys2d/phys2d/060408/phys2d-060408.jar
b3c76000-b3c80000 r-xs 00093000 08:02 334537     /home/ichbinkeinreh/.m2/repository/slick/slick/270/slick-270.jar
b3c80000-b3c8d000 r-xs 000a8000 08:02 179480     /home/ichbinkeinreh/.m2/repository/net/sf/trove4j/trove4j/2.0.2/trove4j-2.0.2.jar
b3c8d000-b3c8e000 ---p 00000000 00:00 0 
b3c8e000-b3d0e000 rwxp 00000000 00:00 0 
b3d0e000-b3d11000 ---p 00000000 00:00 0 
b3d11000-b3d5f000 rwxp 00000000 00:00 0 
b3d5f000-b3d62000 ---p 00000000 00:00 0 
b3d62000-b3de0000 rwxp 00000000 00:00 0 
b3de0000-b3f00000 r-xp 00178000 08:02 838897     /usr/lib/locale/locale-archive
b3f00000-b4100000 r-xp 00000000 08:02 838897     /usr/lib/locale/locale-archive
b4100000-b4200000 rwxp 00000000 00:00 0 
b4200000-b4202000 r-xs 00000000 08:02 552604     /var/cache/fontconfig/8039e78ad04dad2b193eec8c5f90bc4d-le32d4.cache-3
b4202000-b4204000 r-xs 00000000 08:02 90526      /var/cache/fontconfig/ddd4086aec35a5275babba44bb759c3c-le32d4.cache-3
b4204000-b4207000 ---p 00000000 00:00 0 
b4207000-b4255000 rwxp 00000000 00:00 0 
b4255000-b4258000 ---p 00000000 00:00 0 
b4258000-b42a6000 rwxp 00000000 00:00 0 
b42a6000-b42a9000 ---p 00000000 00:00 0 
b42a9000-b432b000 rwxp 00000000 00:00 0 
b432b000-b44c3000 r-xs 03029000 08:02 1002499    /usr/lib/jvm/java-6-sun-1.6.0.26/jre/lib/rt.jar
b44c3000-b44c4000 ---p 00000000 00:00 0 
b44c4000-b4558000 rwxp 00000000 00:00 0 
b4558000-b4572000 rwxp 00000000 00:00 0 
b4572000-b457b000 rwxp 00000000 00:00 0 
b457b000-b45c5000 rwxp 00000000 00:00 0 
b45c5000-b45ca000 rwxp 00000000 00:00 0 
b45ca000-b45ee000 rwxp 00000000 00:00 0 
b45ee000-b45f7000 rwxp 00000000 00:00 0 
b45f7000-b4641000 rwxp 00000000 00:00 0 
b4641000-b4647000 rwxp 00000000 00:00 0 
b4647000-b4661000 rwxp 00000000 00:00 0 
b4661000-b4677000 rwxp 00000000 00:00 0 
b4677000-b46ed000 rwxp 00000000 00:00 0 
b46ed000-b494d000 rwxp 00000000 00:00 0 
b494d000-b66ed000 rwxp 00000000 00:00 0 
b66ed000-b66f7000 r-xp 00000000 08:02 1132124    /lib/i386-linux-gnu/libnss_files-2.13.so
b66f7000-b66f8000 r-xp 00009000 08:02 1132124    /lib/i386-linux-gnu/libnss_files-2.13.so
b66f8000-b66f9000 rwxp 0000a000 08:02 1132124    /lib/i386-linux-gnu/libnss_files-2.13.so
b66f9000-b66fa000 r-xs 00000000 08:02 552603     /var/cache/fontconfig/27f6fa40476fb33ad65cb210c133a216-le32d4.cache-3
b66fa000-b6709000 r-xp 00000000 08:02 1100597    /usr/lib/jvm/java-6-sun-1.6.0.26/jre/lib/i386/libzip.so
b6709000-b670b000 rwxp 0000e000 08:02 1100597    /usr/lib/jvm/java-6-sun-1.6.0.26/jre/lib/i386/libzip.so
b670b000-b6713000 rwxs 00000000 08:02 939009     /tmp/hsperfdata_ichbinkeinreh/31466
b6713000-b6736000 r-xp 00000000 08:02 1100596    /usr/lib/jvm/java-6-sun-1.6.0.26/jre/lib/i386/libjava.so
b6736000-b6738000 rwxp 00023000 08:02 1100596    /usr/lib/jvm/java-6-sun-1.6.0.26/jre/lib/i386/libjava.so
b6738000-b6743000 r-xp 00000000 08:02 1100350    /usr/lib/jvm/java-6-sun-1.6.0.26/jre/lib/i386/libverify.so
b6743000-b6744000 rwxp 0000b000 08:02 1100350    /usr/lib/jvm/java-6-sun-1.6.0.26/jre/lib/i386/libverify.so
b6744000-b6747000 ---p 00000000 00:00 0 
b6747000-b6795000 rwxp 00000000 00:00 0 
b6795000-b6c76000 r-xp 00000000 08:02 929613     /usr/lib/jvm/java-6-sun-1.6.0.26/jre/lib/i386/client/libjvm.so
b6c76000-b6c99000 rwxp 004e1000 08:02 929613     /usr/lib/jvm/java-6-sun-1.6.0.26/jre/lib/i386/client/libjvm.so
b6c99000-b70b7000 rwxp 00000000 00:00 0 
b70b7000-b70bc000 r-xp 00000000 08:02 825750     /usr/lib/libogg.so.0.7.0
b70bc000-b70bd000 r-xp 00004000 08:02 825750     /usr/lib/libogg.so.0.7.0
b70bd000-b70be000 rwxp 00005000 08:02 825750     /usr/lib/libogg.so.0.7.0
b70be000-b70e3000 r-xp 00000000 08:02 825318     /usr/lib/libvorbis.so.0.4.5
b70e3000-b70e4000 r-xp 00025000 08:02 825318     /usr/lib/libvorbis.so.0.4.5
b70e4000-b70e5000 rwxp 00026000 08:02 825318     /usr/lib/libvorbis.so.0.4.5
b70e5000-b70e6000 rwxp 00000000 00:00 0 
b70e6000-b724b000 r-xp 00000000 08:02 823156     /usr/lib/libvorbisenc.so.2.0.8
b724b000-b724c000 ---p 00165000 08:02 823156     /usr/lib/libvorbisenc.so.2.0.8
b724c000-b725d000 r-xp 00165000 08:02 823156     /usr/lib/libvorbisenc.so.2.0.8
b725d000-b725e000 rwxp 00176000 08:02 823156     /usr/lib/libvorbisenc.so.2.0.8
b725e000-b72a8000 r-xp 00000000 08:02 824172     /usr/lib/libFLAC.so.8.2.0
b72a8000-b72a9000 r-xp 00049000 08:02 824172     /usr/lib/libFLAC.so.8.2.0
b72a9000-b72aa000 rwxp 0004a000 08:02 824172     /usr/lib/libFLAC.so.8.2.0
b72aa000-b72bd000 r-xp 00000000 08:02 1132078    /lib/i386-linux-gnu/libnsl-2.13.so
b72bd000-b72be000 r-xp 00012000 08:02 1132078    /lib/i386-linux-gnu/libnsl-2.13.so
b72be000-b72bf000 rwxp 00013000 08:02 1132078    /lib/i386-linux-gnu/libnsl-2.13.so
b72bf000-b72c1000 rwxp 00000000 00:00 0 
b72c1000-b72c5000 r-xp 00000000 08:02 839340     /usr/lib/i386-linux-gnu/libXdmcp.so.6.0.0
b72c5000-b72c6000 r-xp 00003000 08:02 839340     /usr/lib/i386-linux-gnu/libXdmcp.so.6.0.0
b72c6000-b72c7000 rwxp 00004000 08:02 839340     /usr/lib/i386-linux-gnu/libXdmcp.so.6.0.0
b72c7000-b72c9000 r-xp 00000000 08:02 838952     /usr/lib/i386-linux-gnu/libXau.so.6.0.0
b72c9000-b72ca000 r-xp 00001000 08:02 838952     /usr/lib/i386-linux-gnu/libXau.so.6.0.0
b72ca000-b72cb000 rwxp 00002000 08:02 838952     /usr/lib/i386-linux-gnu/libXau.so.6.0.0
b72cb000-b72cc000 rwxp 00000000 00:00 0 
b72cc000-b72d9000 r-xp 00000000 08:02 839424     /usr/lib/i386-linux-gnu/libXext.so.6.4.0
b72d9000-b72da000 r-xp 0000c000 08:02 839424     /usr/lib/i386-linux-gnu/libXext.so.6.4.0
b72da000-b72db000 rwxp 0000d000 08:02 839424     /usr/lib/i386-linux-gnu/libXext.so.6.4.0
b72db000-b72de000 r-xp 00000000 08:02 1132113    /lib/i386-linux-gnu/libuuid.so.1.3.0
b72de000-b72df000 r-xp 00002000 08:02 1132113    /lib/i386-linux-gnu/libuuid.so.1.3.0
b72df000-b72e0000 rwxp 00003000 08:02 1132113    /lib/i386-linux-gnu/libuuid.so.1.3.0
b72e0000-b7340000 r-xp 00000000 08:02 824300     /usr/lib/libsndfile.so.1.0.23
b7340000-b7341000 ---p 00060000 08:02 824300     /usr/lib/libsndfile.so.1.0.23
b7341000-b7342000 r-xp 00060000 08:02 824300     /usr/lib/libsndfile.so.1.0.23
b7342000-b7343000 rwxp 00061000 08:02 824300     /usr/lib/libsndfile.so.1.0.23
b7343000-b7347000 rwxp 00000000 00:00 0 
b7347000-b734e000 r-xp 00000000 08:02 1132021    /lib/libwrap.so.0.7.6
b734e000-b734f000 r-xp 00006000 08:02 1132021    /lib/libwrap.so.0.7.6
b734f000-b7350000 rwxp 00007000 08:02 1132021    /lib/libwrap.so.0.7.6
b7350000-b738b000 r-xp 00000000 08:02 1211187    /lib/i386-linux-gnu/libdbus-1.so.3.5.4
b738b000-b738c000 r-xp 0003a000 08:02 1211187    /lib/i386-linux-gnu/libdbus-1.so.3.5.4
b738c000-b738d000 rwxp 0003b000 08:02 1211187    /lib/i386-linux-gnu/libdbus-1.so.3.5.4
b738d000-b738e000 rwxp 00000000 00:00 0 
b738e000-b73a5000 r-xp 00000000 08:02 838880     /usr/lib/i386-linux-gnu/libxcb.so.1.1.0
b73a5000-b73a6000 r-xp 00016000 08:02 838880     /usr/lib/i386-linux-gnu/libxcb.so.1.1.0
b73a6000-b73a7000 rwxp 00017000 08:02 838880     /usr/lib/i386-linux-gnu/libxcb.so.1.1.0
b73a7000-b73aa000 r-xp 00000000 08:02 825253     /usr/lib/libxcb-atom.so.1.0.0
b73aa000-b73ab000 r-xp 00002000 08:02 825253     /usr/lib/libxcb-atom.so.1.0.0
b73ab000-b73ac000 rwxp 00003000 08:02 825253     /usr/lib/libxcb-atom.so.1.0.0
b73ac000-b73b0000 r-xp 00000000 08:02 823028     /usr/lib/libXtst.so.6.1.0
b73b0000-b73b1000 r-xp 00003000 08:02 823028     /usr/lib/libXtst.so.6.1.0
b73b1000-b73b2000 rwxp 00004000 08:02 823028     /usr/lib/libXtst.so.6.1.0
b73b2000-b73b8000 r-xp 00000000 08:02 840970     /usr/lib/i386-linux-gnu/libSM.so.6.0.1
b73b8000-b73b9000 r-xp 00005000 08:02 840970     /usr/lib/i386-linux-gnu/libSM.so.6.0.1
b73b9000-b73ba000 rwxp 00006000 08:02 840970     /usr/lib/i386-linux-gnu/libSM.so.6.0.1
b73ba000-b73ce000 r-xp 00000000 08:02 840961     /usr/lib/i386-linux-gnu/libICE.so.6.3.0
b73ce000-b73cf000 r-xp 00013000 08:02 840961     /usr/lib/i386-linux-gnu/libICE.so.6.3.0
b73cf000-b73d0000 rwxp 00014000 08:02 840961     /usr/lib/i386-linux-gnu/libICE.so.6.3.0
b73d0000-b73d3000 rwxp 00000000 00:00 0 
b73d3000-b74e9000 r-xp 00000000 08:02 838881     /usr/lib/i386-linux-gnu/libX11.so.6.3.0
b74e9000-b74ea000 ---p 00116000 08:02 838881     /usr/lib/i386-linux-gnu/libX11.so.6.3.0
b74ea000-b74eb000 r-xp 00116000 08:02 838881     /usr/lib/i386-linux-gnu/libX11.so.6.3.0
b74eb000-b74ed000 rwxp 00117000 08:02 838881     /usr/lib/i386-linux-gnu/libX11.so.6.3.0
b74ed000-b74ee000 rwxp 00000000 00:00 0 
b74ee000-b74ef000 r-xp 00000000 08:02 838968     /usr/lib/i386-linux-gnu/libX11-xcb.so.1.0.0
b74ef000-b74f0000 r-xp 00000000 08:02 838968     /usr/lib/i386-linux-gnu/libX11-xcb.so.1.0.0
b74f0000-b74f1000 rwxp 00001000 08:02 838968     /usr/lib/i386-linux-gnu/libX11-xcb.so.1.0.0
b74f1000-b7515000 r-xp 00000000 08:02 1132114    /lib/i386-linux-gnu/libm-2.13.so
b7515000-b7516000 r-xp 00023000 08:02 1132114    /lib/i386-linux-gnu/libm-2.13.so
b7516000-b7517000 rwxp 00024000 08:02 1132114    /lib/i386-linux-gnu/libm-2.13.so
b7517000-b751e000 r-xp 00000000 08:02 1132067    /lib/i386-linux-gnu/librt-2.13.so
b751e000-b751f000 r-xp 00006000 08:02 1132067    /lib/i386-linux-gnu/librt-2.13.so
b751f000-b7520000 rwxp 00007000 08:02 1132067    /lib/i386-linux-gnu/librt-2.13.so
b7520000-b7567000 r-xp 00000000 08:02 825372     /usr/lib/libpulsecommon-0.9.22.so
b7567000-b7568000 r-xp 00046000 08:02 825372     /usr/lib/libpulsecommon-0.9.22.so
b7568000-b7569000 rwxp 00047000 08:02 825372     /usr/lib/libpulsecommon-0.9.22.so
b7569000-b756a000 rwxp 00000000 00:00 0 
b756a000-b75a9000 r-xp 00000000 08:02 823400     /usr/lib/libpulse.so.0.12.3
b75a9000-b75aa000 r-xp 0003e000 08:02 823400     /usr/lib/libpulse.so.0.12.3
b75aa000-b75ab000 rwxp 0003f000 08:02 823400     /usr/lib/libpulse.so.0.12.3
b75ab000-b7705000 r-xp 00000000 08:02 1132061    /lib/i386-linux-gnu/libc-2.13.so
b7705000-b7706000 ---p 0015a000 08:02 1132061    /lib/i386-linux-gnu/libc-2.13.so
b7706000-b7708000 r-xp 0015a000 08:02 1132061    /lib/i386-linux-gnu/libc-2.13.so
b7708000-b7709000 rwxp 0015c000 08:02 1132061    /lib/i386-linux-gnu/libc-2.13.so
b7709000-b770c000 rwxp 00000000 00:00 0 
b770c000-b770e000 r-xp 00000000 08:02 1132103    /lib/i386-linux-gnu/libdl-2.13.so
b770e000-b770f000 r-xp 00001000 08:02 1132103    /lib/i386-linux-gnu/libdl-2.13.so
b770f000-b7710000 rwxp 00002000 08:02 1132103    /lib/i386-linux-gnu/libdl-2.13.so
b7710000-b7717000 r-xp 00000000 08:02 947822     /usr/lib/jvm/java-6-sun-1.6.0.26/jre/lib/i386/jli/libjli.so
b7717000-b7719000 rwxp 00006000 08:02 947822     /usr/lib/jvm/java-6-sun-1.6.0.26/jre/lib/i386/jli/libjli.so
b7719000-b772e000 r-xp 00000000 08:02 1132096    /lib/i386-linux-gnu/libpthread-2.13.so
b772e000-b772f000 r-xp 00015000 08:02 1132096    /lib/i386-linux-gnu/libpthread-2.13.so
b772f000-b7730000 rwxp 00016000 08:02 1132096    /lib/i386-linux-gnu/libpthread-2.13.so
b7730000-b7733000 rwxp 00000000 00:00 0 
b7733000-b773c000 r-xp 00000000 08:02 825342     /usr/lib/libpulsedsp.so
b773c000-b773d000 r-xp 00008000 08:02 825342     /usr/lib/libpulsedsp.so
b773d000-b773e000 rwxp 00009000 08:02 825342     /usr/lib/libpulsedsp.so
b773e000-b773f000 r-xs 00000000 08:02 552602     /var/cache/fontconfig/98d684ad3abba16030bd60992dc9c5d7-le32d4.cache-3
b773f000-b7740000 r-xs 00000000 08:02 92596      /var/cache/fontconfig/4794a0821666d79190d59a36cb4f44b5-le32d4.cache-3
b7740000-b7743000 r-xs 00011000 08:02 200285     /home/ichbinkeinreh/.m2/repository/de/unisaarland/cs/st/saarsiedler-cl-comm/1.1.1/saarsiedler-cl-comm-1.1.1.jar
b7743000-b774c000 r-xp 00000000 08:02 1132083    /lib/i386-linux-gnu/libnss_nis-2.13.so
b774c000-b774d000 r-xp 00008000 08:02 1132083    /lib/i386-linux-gnu/libnss_nis-2.13.so
b774d000-b774e000 rwxp 00009000 08:02 1132083    /lib/i386-linux-gnu/libnss_nis-2.13.so
b774e000-b7754000 r-xp 00000000 08:02 1132085    /lib/i386-linux-gnu/libnss_compat-2.13.so
b7754000-b7755000 r-xp 00005000 08:02 1132085    /lib/i386-linux-gnu/libnss_compat-2.13.so
b7755000-b7756000 rwxp 00006000 08:02 1132085    /lib/i386-linux-gnu/libnss_compat-2.13.so
b7756000-b7757000 rwxp 00000000 00:00 0 
b7757000-b7758000 r-xp 00000000 00:00 0 
b7758000-b775a000 rwxp 00000000 00:00 0 
b775a000-b775b000 r-xp 00000000 00:00 0          [vdso]
b775b000-b7777000 r-xp 00000000 08:02 1132122    /lib/i386-linux-gnu/ld-2.13.so
b7777000-b7778000 r-xp 0001b000 08:02 1132122    /lib/i386-linux-gnu/ld-2.13.so
b7778000-b7779000 rwxp 0001c000 08:02 1132122    /lib/i386-linux-gnu/ld-2.13.so
bf930000-bf951000 rwxp 00000000 00:00 0          [stack]

VM Arguments:
jvm_args: -Dfile.encoding=UTF-8 
java_command: de.unisaarland.cs.sopra.common.Client
Launcher Type: SUN_STANDARD

Environment Variables:
PATH=/usr/local/texlive/2010/bin/i386-linux/:/usr/local/sbin:/usr/local/bin:/usr/sbin:/usr/bin:/sbin:/bin:/usr/games
USERNAME=ichbinkeinreh
LD_LIBRARY_PATH=/usr/lib/jvm/java-6-sun-1.6.0.26/jre/lib/i386/client:/usr/lib/jvm/java-6-sun-1.6.0.26/jre/lib/i386:/usr/lib/jvm/java-6-sun-1.6.0.26/jre/../lib/i386
LD_PRELOAD=libpulsedsp.so
SHELL=/bin/bash
DISPLAY=:0.0

Signal Handlers:
SIGSEGV: [libjvm.so+0x469ec0], sa_mask[0]=0x7ffbfeff, sa_flags=0x10000004
SIGBUS: [libjvm.so+0x469ec0], sa_mask[0]=0x7ffbfeff, sa_flags=0x10000004
SIGFPE: [libjvm.so+0x38bf10], sa_mask[0]=0x7ffbfeff, sa_flags=0x10000004
SIGPIPE: [libjvm.so+0x38bf10], sa_mask[0]=0x7ffbfeff, sa_flags=0x10000004
SIGXFSZ: [libjvm.so+0x38bf10], sa_mask[0]=0x7ffbfeff, sa_flags=0x10000004
SIGILL: [libjvm.so+0x38bf10], sa_mask[0]=0x7ffbfeff, sa_flags=0x10000004
SIGUSR1: SIG_DFL, sa_mask[0]=0x00000000, sa_flags=0x00000000
SIGUSR2: [libjvm.so+0x38f150], sa_mask[0]=0x00000004, sa_flags=0x10000004
SIGHUP: [libjvm.so+0x38ed30], sa_mask[0]=0x7ffbfeff, sa_flags=0x10000004
SIGINT: [libjvm.so+0x38ed30], sa_mask[0]=0x7ffbfeff, sa_flags=0x10000004
SIGTERM: [libjvm.so+0x38ed30], sa_mask[0]=0x7ffbfeff, sa_flags=0x10000004
SIGQUIT: [libjvm.so+0x38ed30], sa_mask[0]=0x7ffbfeff, sa_flags=0x10000004


---------------  S Y S T E M  ---------------

OS:squeeze/sid

uname:Linux 2.6.38-11-generic #48-Ubuntu SMP Fri Jul 29 19:05:14 UTC 2011 i686
libc:glibc 2.13 NPTL 2.13 
rlimit: STACK 8192k, CORE 0k, NPROC infinity, NOFILE 4096, AS infinity
load average:0.29 0.41 0.29

/proc/meminfo:
MemTotal:        1012532 kB
MemFree:           15784 kB
Buffers:            3656 kB
Cached:           248792 kB
SwapCached:        41856 kB
Active:           473720 kB
Inactive:         455576 kB
Active(anon):     396816 kB
Inactive(anon):   398484 kB
Active(file):      76904 kB
Inactive(file):    57092 kB
Unevictable:          32 kB
Mlocked:              32 kB
HighTotal:        127328 kB
HighFree:            260 kB
LowTotal:         885204 kB
LowFree:           15524 kB
SwapTotal:        978940 kB
SwapFree:         747760 kB
Dirty:              4308 kB
Writeback:             0 kB
AnonPages:        647752 kB
Mapped:            75636 kB
Shmem:            118376 kB
Slab:              30148 kB
SReclaimable:      13784 kB
SUnreclaim:        16364 kB
KernelStack:        3440 kB
PageTables:         8012 kB
NFS_Unstable:          0 kB
Bounce:                0 kB
WritebackTmp:          0 kB
CommitLimit:     1485204 kB
Committed_AS:    2760376 kB
VmallocTotal:     122880 kB
VmallocUsed:       18528 kB
VmallocChunk:      97292 kB
HardwareCorrupted:     0 kB
HugePages_Total:       0
HugePages_Free:        0
HugePages_Rsvd:        0
HugePages_Surp:        0
Hugepagesize:       4096 kB
DirectMap4k:      909304 kB
DirectMap4M:           0 kB


CPU:total 2 (1 cores per cpu, 2 threads per core) family 6 model 28 stepping 2, cmov, cx8, fxsr, mmx, sse, sse2, sse3, ssse3, ht

/proc/cpuinfo:
processor	: 0
vendor_id	: GenuineIntel
cpu family	: 6
model		: 28
model name	: Intel(R) Atom(TM) CPU N270   @ 1.60GHz
stepping	: 2
cpu MHz		: 1600.000
cache size	: 512 KB
physical id	: 0
siblings	: 2
core id		: 0
cpu cores	: 1
apicid		: 0
initial apicid	: 0
fdiv_bug	: no
hlt_bug		: no
f00f_bug	: no
coma_bug	: no
fpu		: yes
fpu_exception	: yes
cpuid level	: 10
wp		: yes
flags		: fpu vme de tsc msr pae mce cx8 apic mtrr pge mca cmov pat clflush dts acpi mmx fxsr sse sse2 ss ht tm pbe constant_tsc arch_perfmon pebs bts aperfmperf pni dtes64 monitor ds_cpl est tm2 ssse3 xtpr pdcm movbe lahf_lm dts
bogomips	: 3192.02
clflush size	: 64
cache_alignment	: 64
address sizes	: 32 bits physical, 32 bits virtual
power management:

processor	: 1
vendor_id	: GenuineIntel
cpu family	: 6
model		: 28
model name	: Intel(R) Atom(TM) CPU N270   @ 1.60GHz
stepping	: 2
cpu MHz		: 1600.000
cache size	: 512 KB
physical id	: 0
siblings	: 2
core id		: 0
cpu cores	: 1
apicid		: 1
initial apicid	: 1
fdiv_bug	: no
hlt_bug		: no
f00f_bug	: no
coma_bug	: no
fpu		: yes
fpu_exception	: yes
cpuid level	: 10
wp		: yes
flags		: fpu vme de tsc msr pae mce cx8 apic mtrr pge mca cmov pat clflush dts acpi mmx fxsr sse sse2 ss ht tm pbe nx constant_tsc arch_perfmon pebs bts aperfmperf pni dtes64 monitor ds_cpl est tm2 ssse3 xtpr pdcm movbe lahf_lm dts
bogomips	: 3192.04
clflush size	: 64
cache_alignment	: 64
address sizes	: 32 bits physical, 32 bits virtual
power management:



Memory: 4k page, physical 1012532k(15784k free), swap 978940k(747760k free)

vm_info: Java HotSpot(TM) Client VM (20.1-b02) for linux-x86 JRE (1.6.0_26-b03), built on May  4 2011 01:23:42 by "java_re" with gcc 3.2.1-7a (J2SE release)

time: Tue Sep 20 14:28:48 2011
elapsed time: 197 seconds

