#
# A fatal error has been detected by the Java Runtime Environment:
#
#  SIGBUS (0x7) at pc=0xb3b435eb, pid=8385, tid=3010018160
#
# JRE version: 6.0_26-b03
# Java VM: Java HotSpot(TM) Client VM (20.1-b02 mixed mode, sharing linux-x86 )
# Problematic frame:
# 
[error occurred during error reporting (printing problematic frame), id 0x7]

# If you would like to submit a bug report, please visit:
#   http://java.sun.com/webapps/bugreport/crash.jsp
# The crash happened outside the Java Virtual Machine in native code.
# See problematic frame for where to report the bug.
#

---------------  T H R E A D  ---------------

Current thread (0x08e93400):  JavaThread "Thread-2" [_thread_in_native, id=8416, stack(0xb3643000,0xb3694000)]

siginfo:si_signo=SIGBUS: si_errno=0, si_code=2 (BUS_ADRERR), si_addr=0xb3b435eb

Registers:
EAX=0x0000169b, EBX=0xb3b4eff4, ECX=0xb78763c0, EDX=0x00000000
ESP=0xb3692e90, EBP=0xb3692ea8, ESI=0x8ef90f48, EDI=0x08e93400
EIP=0xb3b435eb, EFLAGS=0x00010286, CR2=0xb3b435eb

Top of Stack: (sp=0xb3692e90)
0xb3692e90:   b3feeda0 05400003 8ed66998 00000000
0xb3692ea0:   b3692eb0 8ef90f50 b3692edc b48640dd
0xb3692eb0:   08e93520 b3692ee4 b3692eec b3692ebc
0xb3692ec0:   00000000 b3692eec 8ef91b48 00000000
0xb3692ed0:   8ef90f50 00000000 b3692eec b3692f18
0xb3692ee0:   b485d04d 8ef91ad0 b48623b9 8499cd80
0xb3692ef0:   bb29d709 84991e20 b3692ef0 8ef90e46
0xb3692f00:   b3692f3c 8ef91b48 00000000 8ef90ec8 

Instructions: (pc=0xb3b435eb)
0xb3b435cb:   
[error occurred during error reporting (printing registers, top of stack, instructions near pc), id 0x7]

Register to memory mapping:

EAX=0x0000169b is an unknown value
EBX=
[error occurred during error reporting (printing register info), id 0x7]

Stack: [0xb3643000,0xb3694000],  sp=0xb3692e90,  free space=319k
Native frames: (J=compiled Java code, j=interpreted, Vv=VM code, C=native code)

[error occurred during error reporting (printing native stack), id 0x7]

Java frames: (J=compiled Java code, j=interpreted, Vv=VM code)
j  org.lwjgl.opengl.LinuxContextImplementation.nSwapBuffers(Ljava/nio/ByteBuffer;)V+0
j  org.lwjgl.opengl.LinuxContextImplementation.swapBuffers()V+38
j  org.lwjgl.opengl.Context.swapBuffers()V+3
j  org.lwjgl.opengl.Display.swapBuffers()V+31
j  org.lwjgl.opengl.Display.update(Z)V+44
j  org.lwjgl.opengl.Display.update()V+1
j  de.unisaarland.cs.sopra.common.view.GameGUI.run()V+17
j  java.lang.Thread.run()V+11
v  ~StubRoutines::call_stub

---------------  P R O C E S S  ---------------

Java Threads: ( => current thread )
  0x0925c400 JavaThread "Thread-4" [_thread_in_Java, id=8426, stack(0xb0bbd000,0xb0c0e000)]
=>0x08e93400 JavaThread "Thread-2" [_thread_in_native, id=8416, stack(0xb3643000,0xb3694000)]
  0xb374dc00 JavaThread "TimerQueue" daemon [_thread_blocked, id=8415, stack(0xb36af000,0xb3700000)]
  0xb37b5800 JavaThread "SocketMessageRouter" daemon [_thread_in_native, id=8413, stack(0xb35f2000,0xb3643000)]
  0x08d1f000 JavaThread "DestroyJavaVM" [_thread_blocked, id=8390, stack(0xb68b1000,0xb6902000)]
  0xb3ffc400 JavaThread "AWT-EventQueue-0" [_thread_blocked, id=8408, stack(0xb382d000,0xb387e000)]
  0xb3ffbc00 JavaThread "AWT-Shutdown" [_thread_blocked, id=8407, stack(0xb39eb000,0xb3a3c000)]
  0xb3fe6c00 JavaThread "AWT-XAWT" daemon [_thread_blocked, id=8401, stack(0xb3b50000,0xb3ba1000)]
  0xb3f9d800 JavaThread "Java2D Disposer" daemon [_thread_blocked, id=8400, stack(0xb3bd5000,0xb3c26000)]
  0xb3f00c00 JavaThread "Low Memory Detector" daemon [_thread_blocked, id=8397, stack(0xb4000000,0xb4051000)]
  0x08d57800 JavaThread "C1 CompilerThread0" daemon [_thread_blocked, id=8396, stack(0xb3e7f000,0xb3f00000)]
  0x08d55c00 JavaThread "Signal Dispatcher" daemon [_thread_blocked, id=8395, stack(0xb4051000,0xb40a2000)]
  0x08d4e400 JavaThread "Finalizer" daemon [_thread_blocked, id=8394, stack(0xb43c2000,0xb4413000)]
  0x08d4d000 JavaThread "Reference Handler" daemon [_thread_blocked, id=8393, stack(0xb4413000,0xb4464000)]

Other Threads:
  0x08d42800 VMThread [stack: 0xb4630000,0xb46b1000] [id=8391]
  0xb3f03000 WatcherThread [stack: 0xb3dfe000,0xb3e7f000] [id=8398]

VM state:not at safepoint (normal execution)

VM Mutex/Monitor currently owned by a thread: None

Heap
 def new generation   total 7488K, used 2517K [0x7f4f0000, 0x7fd10000, 0x84790000)
  eden space 6656K,  37% used [0x7f4f0000, 0x7f765498, 0x7fb70000)
  from space 832K,   0% used [0x7fb70000, 0x7fb700c8, 0x7fc40000)
  to   space 832K,   0% used [0x7fc40000, 0x7fc40000, 0x7fd10000)
 tenured generation   total 16512K, used 9219K [0x84790000, 0x857b0000, 0x8ecf0000)
   the space 16512K,  55% used [0x84790000, 0x85090e78, 0x85091000, 0x857b0000)
 compacting perm gen  total 12288K, used 4023K [0x8ecf0000, 0x8f8f0000, 0x92cf0000)
   the space 12288K,  32% used [0x8ecf0000, 0x8f0ddd68, 0x8f0dde00, 0x8f8f0000)
    ro space 10240K,  61% used [0x92cf0000, 0x93319d08, 0x93319e00, 0x936f0000)
    rw space 12288K,  60% used [0x936f0000, 0x93e2c660, 0x93e2c800, 0x942f0000)

Code Cache  [0xb485a000, 0xb4a32000, 0xb685a000)
 total_blobs=1035 nmethods=724 adapters=247 free_code_cache=31637568 largest_free_block=64

Dynamic libraries:
08048000-08052000 r-xp 00000000 08:02 969303     /usr/lib/jvm/java-6-sun-1.6.0.26/jre/bin/java
08052000-08053000 rwxp 00009000 08:02 969303     /usr/lib/jvm/java-6-sun-1.6.0.26/jre/bin/java
08d19000-093d0000 rwxp 00000000 00:00 0          [heap]
7f4f0000-7fd10000 rwxp 00000000 00:00 0 
7fd10000-84790000 rwxp 00000000 00:00 0 
84790000-857b0000 rwxp 00000000 00:00 0 
857b0000-85894000 ---p 00000000 00:00 0 
85894000-8ecf0000 rwxp 00000000 00:00 0 
8ecf0000-8f8f0000 rwxp 00000000 00:00 0 
8f8f0000-92cf0000 rwxp 00000000 00:00 0 
92cf0000-9331a000 r-xs 00001000 08:02 970090     /usr/lib/jvm/java-6-sun-1.6.0.26/jre/lib/i386/client/classes.jsa
9331a000-936f0000 rwxp 00000000 00:00 0 
936f0000-93e2d000 rwxp 0062b000 08:02 970090     /usr/lib/jvm/java-6-sun-1.6.0.26/jre/lib/i386/client/classes.jsa
93e2d000-942f0000 rwxp 00000000 00:00 0 
942f0000-943d2000 rwxp 00d68000 08:02 970090     /usr/lib/jvm/java-6-sun-1.6.0.26/jre/lib/i386/client/classes.jsa
943d2000-946f0000 rwxp 00000000 00:00 0 
946f0000-946f8000 r-xs 00e4a000 08:02 970090     /usr/lib/jvm/java-6-sun-1.6.0.26/jre/lib/i386/client/classes.jsa
946f8000-94af0000 rwxp 00000000 00:00 0 
ae500000-ae5dc000 rwxp 00000000 00:00 0 
ae5dc000-ae600000 ---p 00000000 00:00 0 
ae6bc000-af0bc000 rwxp 00000000 00:00 0 
af0bc000-af1bc000 rwxs 72ffd000 00:05 7167       /dev/dri/card0
af2be000-af3be000 rwxs 72efd000 00:05 7167       /dev/dri/card0
af3be000-af3d3000 r-xp 00000000 08:02 1100612    /usr/lib/jvm/java-6-sun-1.6.0.26/jre/lib/i386/libdcpr.so
af3d3000-af3e6000 rwxp 00014000 08:02 1100612    /usr/lib/jvm/java-6-sun-1.6.0.26/jre/lib/i386/libdcpr.so
af3e6000-af4e6000 rwxs 72dfd000 00:05 7167       /dev/dri/card0
af5fa000-af5fe000 rwxs 73101000 00:05 7167       /dev/dri/card0
af5fe000-af602000 rwxs 730fd000 00:05 7167       /dev/dri/card0
af602000-af61b000 r-xs 00000000 08:02 981176     /usr/share/fonts/type1/gsfonts/b018012l.pfb
af61b000-af62c000 r-xs 00000000 08:02 981235     /usr/share/fonts/type1/gsfonts/a010035l.pfb
af62c000-af64c000 r-xs 00000000 08:02 167202     /usr/share/texmf/fonts/type1/public/tex-gyre/qcsb.pfb
af64c000-af667000 r-xs 00000000 08:02 981179     /usr/share/fonts/type1/gsfonts/p052004l.pfb
af667000-af680000 r-xs 00000000 08:02 981239     /usr/share/fonts/type1/gsfonts/n021004l.pfb
af680000-af6a1000 r-xs 00000000 08:02 167227     /usr/share/texmf/fonts/type1/public/tex-gyre/qtmr.pfb
af6a1000-af6c1000 r-xs 00000000 08:02 167205     /usr/share/texmf/fonts/type1/public/tex-gyre/qcsri.pfb
af6c1000-af6db000 r-xs 00000000 08:02 167130     /usr/share/texmf/fonts/type1/public/tex-gyre/qagbi.pfb
af6db000-af6ed000 r-xs 00000000 08:02 981206     /usr/share/fonts/type1/gsfonts/n019044l.pfb
af6ed000-af6fe000 r-xs 00000000 08:02 981221     /usr/share/fonts/type1/gsfonts/n019024l.pfb
af6fe000-af719000 r-xs 00000000 08:02 167220     /usr/share/texmf/fonts/type1/public/tex-gyre/qhvri.pfb
af719000-af729000 r-xs 00000000 08:02 981200     /usr/share/fonts/type1/gsfonts/a010033l.pfb
af729000-af74a000 r-xs 00000000 08:02 167197     /usr/share/texmf/fonts/type1/public/tex-gyre/qbkri.pfb
af74a000-af75f000 r-xs 00000000 08:02 981170     /usr/share/fonts/type1/gsfonts/b018032l.pfb
af75f000-af77b000 r-xs 00000000 08:02 167208     /usr/share/texmf/fonts/type1/public/tex-gyre/qhvcb.pfb
af77b000-af792000 r-xs 00000000 08:02 981190     /usr/share/fonts/type1/gsfonts/n021023l.pfb
af792000-af7ac000 r-xs 00000000 08:02 167211     /usr/share/texmf/fonts/type1/public/tex-gyre/qhvcri.pfb
af7ac000-af7b5000 r-xs 00000000 08:02 962071     /usr/share/fonts/X11/Type1/c0632bt_.pfb
af7b5000-af7cf000 r-xs 00000000 08:02 981178     /usr/share/fonts/type1/gsfonts/c059013l.pfb
af7cf000-af7e6000 r-xs 00000000 08:02 981241     /usr/share/fonts/type1/gsfonts/z003034l.pfb
af7e6000-af801000 r-xs 00000000 08:02 167209     /usr/share/texmf/fonts/type1/public/tex-gyre/qhvcbi.pfb
af801000-af824000 r-xs 00000000 08:02 167222     /usr/share/texmf/fonts/type1/public/tex-gyre/qplbi.pfb
af824000-af836000 r-xs 00000000 08:02 981210     /usr/share/fonts/type1/gsfonts/n019004l.pfb
af836000-af842000 r-xs 00000000 08:02 981165     /usr/share/fonts/type1/gsfonts/d050000l.pfb
af842000-af858000 r-xs 00000000 08:02 981185     /usr/share/fonts/type1/gsfonts/n021024l.pfb
af858000-af86c000 r-xs 00000000 08:02 981171     /usr/share/fonts/type1/gsfonts/n019003l.pfb
af86c000-af875000 r-xs 00000000 08:02 962079     /usr/share/fonts/X11/Type1/c0633bt_.pfb
af875000-af88d000 r-xs 00000000 08:02 977440     /usr/share/fonts/type1/gsfonts/c059033l.pfb
af88d000-af8af000 r-xs 00000000 08:02 167224     /usr/share/texmf/fonts/type1/public/tex-gyre/qplri.pfb
af8af000-af8cf000 r-xs 00000000 08:02 167228     /usr/share/texmf/fonts/type1/public/tex-gyre/qtmri.pfb
af8cf000-af8e0000 r-xs 00000000 08:02 981195     /usr/share/fonts/type1/gsfonts/n019023l.pfb
af8e0000-af900000 r-xs 00000000 08:02 167199     /usr/share/texmf/fonts/type1/public/tex-gyre/qcrbi.pfb
af900000-af920000 r-xs 00000000 08:02 167193     /usr/share/texmf/fonts/type1/public/tex-gyre/qbkb.pfb
af920000-af932000 r-xs 00000000 08:02 981245     /usr/share/fonts/type1/gsfonts/n019043l.pfb
af932000-af945000 r-xs 00000000 08:02 981217     /usr/share/fonts/type1/gsfonts/n019064l.pfb
af945000-af94e000 r-xs 00000000 08:02 961681     /usr/share/fonts/X11/Type1/c0649bt_.pfb
af94e000-af96f000 r-xs 00000000 08:02 167225     /usr/share/texmf/fonts/type1/public/tex-gyre/qtmb.pfb
af96f000-af987000 r-xs 00000000 08:02 981197     /usr/share/fonts/type1/gsfonts/n022003l.pfb
af987000-af9a0000 r-xs 00000000 08:02 977431     /usr/share/fonts/type1/gsfonts/n021003l.pfb
af9a0000-af9b3000 r-xs 00000000 08:02 981180     /usr/share/fonts/type1/gsfonts/b018015l.pfb
af9b3000-af9cf000 r-xs 00000000 08:02 981199     /usr/share/fonts/type1/gsfonts/p052024l.pfb
af9cf000-af9e5000 r-xs 00000000 08:02 981238     /usr/share/fonts/type1/gsfonts/n022023l.pfb
af9e5000-afa05000 r-xs 00000000 08:02 167204     /usr/share/texmf/fonts/type1/public/tex-gyre/qcsr.pfb
afa05000-afa17000 r-xs 00000000 08:02 981202     /usr/share/fonts/type1/gsfonts/b018035l.pfb
afa17000-afa32000 r-xs 00000000 08:02 981169     /usr/share/fonts/type1/gsfonts/p052003l.pfb
afa32000-afa51000 r-xs 00000000 08:02 167200     /usr/share/texmf/fonts/type1/public/tex-gyre/qcrr.pfb
afa51000-afa73000 r-xs 00000000 08:02 167223     /usr/share/texmf/fonts/type1/public/tex-gyre/qplr.pfb
afa73000-afa8f000 r-xs 00000000 08:02 167206     /usr/share/texmf/fonts/type1/public/tex-gyre/qhvb.pfb
afa8f000-afaae000 r-xs 00000000 08:02 167201     /usr/share/texmf/fonts/type1/public/tex-gyre/qcrri.pfb
afaae000-afaca000 r-xs 00000000 08:02 164223     /usr/share/texmf/fonts/type1/public/tex-gyre/qagb.pfb
afaca000-afada000 r-xs 00000000 08:02 981247     /usr/share/fonts/type1/gsfonts/a010013l.pfb
afada000-afae4000 r-xs 00000000 08:02 961860     /usr/share/fonts/X11/Type1/c0419bt_.pfb
afae4000-afaff000 r-xs 00000000 08:02 981172     /usr/share/fonts/type1/gsfonts/p052023l.pfb
afaff000-afb0f000 r-xs 00000000 08:02 981212     /usr/share/fonts/type1/gsfonts/a010015l.pfb
afb0f000-afb2a000 r-xs 00000000 08:02 977441     /usr/share/fonts/type1/gsfonts/c059016l.pfb
afb2a000-afb4a000 r-xs 00000000 08:02 167198     /usr/share/texmf/fonts/type1/public/tex-gyre/qcrb.pfb
afb4a000-afb65000 r-xs 00000000 08:02 167210     /usr/share/texmf/fonts/type1/public/tex-gyre/qhvcr.pfb
afb65000-afb87000 r-xs 00000000 08:02 167221     /usr/share/texmf/fonts/type1/public/tex-gyre/qplb.pfb
afb87000-afba1000 r-xs 00000000 08:02 167207     /usr/share/texmf/fonts/type1/public/tex-gyre/qhvbi.pfb
afba1000-afbab000 r-xs 00000000 08:02 1099930    /usr/share/fonts/type1/mathml/Symbol.pfb
afbab000-afbc4000 r-xs 00000000 08:02 981216     /usr/share/fonts/type1/gsfonts/n022004l.pfb
afbc4000-afbd5000 r-xs 00000000 08:02 981218     /usr/share/fonts/type1/gsfonts/n019063l.pfb
afbd5000-afbdf000 r-xs 00000000 08:02 962078     /usr/share/fonts/X11/Type1/c0582bt_.pfb
afbdf000-afbe8000 r-xs 00000000 08:02 962073     /usr/share/fonts/X11/Type1/c0648bt_.pfb
afbe8000-afc09000 r-xs 00000000 08:02 167203     /usr/share/texmf/fonts/type1/public/tex-gyre/qcsbi.pfb
afc09000-afc13000 r-xs 00000000 08:02 962070     /usr/share/fonts/X11/Type1/c0611bt_.pfb
afc13000-afc33000 r-xs 00000000 08:02 167226     /usr/share/texmf/fonts/type1/public/tex-gyre/qtmbi.pfb
afc33000-afc3d000 r-xs 00000000 08:02 962077     /usr/share/fonts/X11/Type1/c0583bt_.pfb
afc3d000-afc56000 r-xs 00000000 08:02 167187     /usr/share/texmf/fonts/type1/public/tex-gyre/qagri.pfb
afc56000-afc71000 r-xs 00000000 08:02 167186     /usr/share/texmf/fonts/type1/public/tex-gyre/qagr.pfb
afc71000-afc7a000 r-xs 00000000 08:02 981196     /usr/share/fonts/type1/gsfonts/s050000l.pfb
afc7a000-afc90000 r-xs 00000000 08:02 981182     /usr/share/fonts/type1/gsfonts/n022024l.pfb
afc90000-afcb0000 r-xs 00000000 08:02 167195     /usr/share/texmf/fonts/type1/public/tex-gyre/qbkbi.pfb
afcb0000-afcd0000 r-xs 00000000 08:02 167196     /usr/share/texmf/fonts/type1/public/tex-gyre/qbkr.pfb
afcd0000-afce8000 r-xs 00000000 08:02 981232     /usr/share/fonts/type1/gsfonts/c059036l.pfb
afce8000-afd03000 r-xs 00000000 08:02 167218     /usr/share/texmf/fonts/type1/public/tex-gyre/qhvr.pfb
afd03000-afd20000 r-xs 00000000 08:02 123687     /usr/share/texmf/fonts/type1/public/lm/lmtk10.pfb
afd20000-afd3f000 r-xs 00000000 08:02 123624     /usr/share/texmf/fonts/type1/public/lm/lmbx8.pfb
afd3f000-afd5e000 r-xs 00000000 08:02 123676     /usr/share/texmf/fonts/type1/public/lm/lmssqbo8.pfb
afd5e000-afd79000 r-xs 00000000 08:02 123672     /usr/share/texmf/fonts/type1/public/lm/lmsso17.pfb
afd79000-afd94000 r-xs 00000000 08:02 123685     /usr/share/texmf/fonts/type1/public/lm/lmtcsc10.pfb
afd94000-afd9c000 r-xs 00000000 08:02 123639     /usr/share/texmf/fonts/type1/public/lm/lmmi9.pfb
afd9c000-afdbb000 r-xs 00000000 08:02 123698     /usr/share/texmf/fonts/type1/public/lm/lmtto10.pfb
afdbb000-afddd000 r-xs 00000000 08:02 123691     /usr/share/texmf/fonts/type1/public/lm/lmtlco10.pfb
afddd000-afde4000 r-xs 00000000 08:02 123684     /usr/share/texmf/fonts/type1/public/lm/lmsy9.pfb
afde4000-afdfc000 r-xs 00000000 08:02 123662     /usr/share/texmf/fonts/type1/public/lm/lmss12.pfb
afdfc000-afe17000 r-xs 00000000 08:02 123670     /usr/share/texmf/fonts/type1/public/lm/lmsso10.pfb
afe17000-afe34000 r-xs 00000000 08:02 123628     /usr/share/texmf/fonts/type1/public/lm/lmcsc10.pfb
afe34000-afe51000 r-xs 00000000 08:02 123695     /usr/share/texmf/fonts/type1/public/lm/lmtt8.pfb
afe51000-afe6f000 r-xs 00000000 08:02 123649     /usr/share/texmf/fonts/type1/public/lm/lmr8.pfb
afe6f000-afe8f000 r-xs 00000000 08:02 123678     /usr/share/texmf/fonts/type1/public/lm/lmssqo8.pfb
afe8f000-afeab000 r-xs 00000000 08:02 123699     /usr/share/texmf/fonts/type1/public/lm/lmu10.pfb
afeab000-afecc000 r-xs 00000000 08:02 123629     /usr/share/texmf/fonts/type1/public/lm/lmcsco10.pfb
afecc000-afed4000 r-xs 00000000 08:02 123618     /usr/share/texmf/fonts/type1/public/lm/lmbsy7.pfb
afed4000-afeec000 r-xs 00000000 08:02 123664     /usr/share/texmf/fonts/type1/public/lm/lmss8.pfb
afeec000-aff04000 r-xs 00000000 08:02 123661     /usr/share/texmf/fonts/type1/public/lm/lmss10.pfb
aff04000-aff26000 r-xs 00000000 08:02 123669     /usr/share/texmf/fonts/type1/public/lm/lmssdo10.pfb
aff26000-aff44000 r-xs 00000000 08:02 123702     /usr/share/texmf/fonts/type1/public/lm/lmvtl10.pfb
aff44000-aff65000 r-xs 00000000 08:02 123705     /usr/share/texmf/fonts/type1/public/lm/lmvtto10.pfb
aff65000-aff6d000 r-xs 00000000 08:02 123642     /usr/share/texmf/fonts/type1/public/lm/lmmib7.pfb
aff6d000-aff75000 r-xs 00000000 08:02 123641     /usr/share/texmf/fonts/type1/public/lm/lmmib5.pfb
aff75000-aff93000 r-xs 00000000 08:02 123650     /usr/share/texmf/fonts/type1/public/lm/lmr9.pfb
aff93000-affae000 r-xs 00000000 08:02 123655     /usr/share/texmf/fonts/type1/public/lm/lmri9.pfb
affae000-affb5000 r-xs 00000000 08:02 123616     /usr/share/texmf/fonts/type1/public/lm/lmbsy10.pfb
affb5000-affd0000 r-xs 00000000 08:02 123696     /usr/share/texmf/fonts/type1/public/lm/lmtt9.pfb
affd0000-afff3000 r-xs 00000000 08:02 123688     /usr/share/texmf/fonts/type1/public/lm/lmtko10.pfb
afff3000-b0015000 r-xs 00000000 08:02 123615     /usr/share/texmf/fonts/type1/public/lm/lmbo10.pfb
b0015000-b002f000 r-xs 00000000 08:02 123689     /usr/share/texmf/fonts/type1/public/lm/lmtl10.pfb
b002f000-b0037000 r-xs 00000000 08:02 123635     /usr/share/texmf/fonts/type1/public/lm/lmmi5.pfb
b0037000-b0055000 r-xs 00000000 08:02 123623     /usr/share/texmf/fonts/type1/public/lm/lmbx7.pfb
b0055000-b005c000 r-xs 00000000 08:02 123683     /usr/share/texmf/fonts/type1/public/lm/lmsy8.pfb
b005c000-b007e000 r-xs 00000000 08:02 123703     /usr/share/texmf/fonts/type1/public/lm/lmvtlo10.pfb
b007e000-b00a0000 r-xs 00000000 08:02 123660     /usr/share/texmf/fonts/type1/public/lm/lmro9.pfb
b00a0000-b00bf000 r-xs 00000000 08:02 123647     /usr/share/texmf/fonts/type1/public/lm/lmr6.pfb
b00bf000-b00dd000 r-xs 00000000 08:02 123646     /usr/share/texmf/fonts/type1/public/lm/lmr5.pfb
b00dd000-b00f6000 r-xs 00000000 08:02 123697     /usr/share/texmf/fonts/type1/public/lm/lmtti10.pfb
b00f6000-b0117000 r-xs 00000000 08:02 123658     /usr/share/texmf/fonts/type1/public/lm/lmro17.pfb
b0117000-b011f000 r-xs 00000000 08:02 123634     /usr/share/texmf/fonts/type1/public/lm/lmmi12.pfb
b011f000-b013a000 r-xs 00000000 08:02 123694     /usr/share/texmf/fonts/type1/public/lm/lmtt12.pfb
b013a000-b0159000 r-xs 00000000 08:02 123692     /usr/share/texmf/fonts/type1/public/lm/lmtlo10.pfb
b0159000-b0177000 r-xs 00000000 08:02 123619     /usr/share/texmf/fonts/type1/public/lm/lmbx10.pfb
b0177000-b017f000 r-xs 00000000 08:02 123638     /usr/share/texmf/fonts/type1/public/lm/lmmi8.pfb
b017f000-b019d000 r-xs 00000000 08:02 123645     /usr/share/texmf/fonts/type1/public/lm/lmr17.pfb
b019d000-b01c1000 r-xs 00000000 08:02 123631     /usr/share/texmf/fonts/type1/public/lm/lmduno10.pfb
b01c1000-b01c9000 r-xs 00000000 08:02 123636     /usr/share/texmf/fonts/type1/public/lm/lmmi6.pfb
b01c9000-b01e8000 r-xs 00000000 08:02 123622     /usr/share/texmf/fonts/type1/public/lm/lmbx6.pfb
b01e8000-b0206000 r-xs 00000000 08:02 123667     /usr/share/texmf/fonts/type1/public/lm/lmssbx10.pfb
b0206000-b0227000 r-xs 00000000 08:02 123656     /usr/share/texmf/fonts/type1/public/lm/lmro10.pfb
b0227000-b0244000 r-xs 00000000 08:02 123668     /usr/share/texmf/fonts/type1/public/lm/lmssdc10.pfb
b0244000-b0265000 r-xs 00000000 08:02 123659     /usr/share/texmf/fonts/type1/public/lm/lmro8.pfb
b0265000-b0284000 r-xs 00000000 08:02 123700     /usr/share/texmf/fonts/type1/public/lm/lmvtk10.pfb
b0284000-b028c000 r-xs 00000000 08:02 123617     /usr/share/texmf/fonts/type1/public/lm/lmbsy5.pfb
b028c000-b02a9000 r-xs 00000000 08:02 123620     /usr/share/texmf/fonts/type1/public/lm/lmbx12.pfb
b02a9000-b02c1000 r-xs 00000000 08:02 123663     /usr/share/texmf/fonts/type1/public/lm/lmss17.pfb
b02c1000-b02e0000 r-xs 00000000 08:02 123630     /usr/share/texmf/fonts/type1/public/lm/lmdunh10.pfb
b02e0000-b02fb000 r-xs 00000000 08:02 123654     /usr/share/texmf/fonts/type1/public/lm/lmri8.pfb
b02fb000-b031a000 r-xs 00000000 08:02 123625     /usr/share/texmf/fonts/type1/public/lm/lmbx9.pfb
b031a000-b033c000 r-xs 00000000 08:02 123627     /usr/share/texmf/fonts/type1/public/lm/lmbxo10.pfb
b033c000-b0358000 r-xs 00000000 08:02 123644     /usr/share/texmf/fonts/type1/public/lm/lmr12.pfb
b0358000-b035c000 rwxs 7130e000 00:05 7167       /dev/dri/card0
b035c000-b0364000 rwxs 72da5000 00:05 7167       /dev/dri/card0
b0364000-b036c000 rwxs 6f34d000 00:05 7167       /dev/dri/card0
b036c000-b056c000 rwxs 72ba5000 00:05 7167       /dev/dri/card0
b056c000-b096c000 rwxs 72715000 00:05 7167       /dev/dri/card0
b096c000-b0970000 rwxs 6f355000 00:05 7167       /dev/dri/card0
b0970000-b0977000 r-xs 00000000 08:02 123679     /usr/share/texmf/fonts/type1/public/lm/lmsy10.pfb
b0977000-b0992000 r-xs 00000000 08:02 123674     /usr/share/texmf/fonts/type1/public/lm/lmsso9.pfb
b0992000-b09ae000 r-xs 00000000 08:02 123651     /usr/share/texmf/fonts/type1/public/lm/lmri10.pfb
b09ae000-b09b6000 r-xs 00000000 08:02 123640     /usr/share/texmf/fonts/type1/public/lm/lmmib10.pfb
b09b6000-b09d3000 r-xs 00000000 08:02 123621     /usr/share/texmf/fonts/type1/public/lm/lmbx5.pfb
b09d3000-b09f0000 r-xs 00000000 08:02 123677     /usr/share/texmf/fonts/type1/public/lm/lmssqbx8.pfb
b09f0000-b09f7000 r-xs 00000000 08:02 123682     /usr/share/texmf/fonts/type1/public/lm/lmsy7.pfb
b09f7000-b0a12000 r-xs 00000000 08:02 123673     /usr/share/texmf/fonts/type1/public/lm/lmsso8.pfb
b0a12000-b0a37000 r-xs 00000000 08:02 123701     /usr/share/texmf/fonts/type1/public/lm/lmvtko10.pfb
b0a37000-b0a52000 r-xs 00000000 08:02 123652     /usr/share/texmf/fonts/type1/public/lm/lmri12.pfb
b0a52000-b0a6a000 r-xs 00000000 08:02 123665     /usr/share/texmf/fonts/type1/public/lm/lmss9.pfb
b0a6a000-b0a71000 r-xs 00000000 08:02 123681     /usr/share/texmf/fonts/type1/public/lm/lmsy6.pfb
b0a71000-b0a8f000 r-xs 00000000 08:02 123643     /usr/share/texmf/fonts/type1/public/lm/lmr10.pfb
b0a8f000-b0a95000 r-xs 00000000 08:02 123632     /usr/share/texmf/fonts/type1/public/lm/lmex10.pfb
b0a95000-b0ab4000 r-xs 00000000 08:02 123657     /usr/share/texmf/fonts/type1/public/lm/lmro12.pfb
b0ab4000-b0ad4000 r-xs 00000000 08:02 123686     /usr/share/texmf/fonts/type1/public/lm/lmtcso10.pfb
b0ad4000-b0af1000 r-xs 00000000 08:02 123704     /usr/share/texmf/fonts/type1/public/lm/lmvtt10.pfb
b0af1000-b0b13000 r-xs 00000000 08:02 123666     /usr/share/texmf/fonts/type1/public/lm/lmssbo10.pfb
b0b13000-b0b2f000 r-xs 00000000 08:02 123693     /usr/share/texmf/fonts/type1/public/lm/lmtt10.pfb
b0b2f000-b0b37000 r-xs 00000000 08:02 123633     /usr/share/texmf/fonts/type1/public/lm/lmmi10.pfb
b0b37000-b0b53000 r-xs 00000000 08:02 123626     /usr/share/texmf/fonts/type1/public/lm/lmbxi10.pfb
b0b53000-b0b5a000 r-xs 00000000 08:02 123680     /usr/share/texmf/fonts/type1/public/lm/lmsy5.pfb
b0b5a000-b0b78000 r-xs 00000000 08:02 123648     /usr/share/texmf/fonts/type1/public/lm/lmr7.pfb
b0b78000-b0b95000 r-xs 00000000 08:02 123675     /usr/share/texmf/fonts/type1/public/lm/lmssq8.pfb
b0b95000-b0b9d000 r-xs 00000000 08:02 123637     /usr/share/texmf/fonts/type1/public/lm/lmmi7.pfb
b0b9d000-b0bb9000 r-xs 00000000 08:02 123653     /usr/share/texmf/fonts/type1/public/lm/lmri7.pfb
b0bb9000-b0bbd000 rwxs 6f430000 00:05 7167       /dev/dri/card0
b0bbd000-b0bc0000 ---p 00000000 00:00 0 
b0bc0000-b0c0e000 rwxp 00000000 00:00 0 
b0c0e000-b0c1e000 rwxs 72ded000 00:05 7167       /dev/dri/card0
b0c1e000-b0c5e000 rwxs 72dad000 00:05 7167       /dev/dri/card0
b0c5e000-b0c6e000 rwxs 72b95000 00:05 7167       /dev/dri/card0
b0c6e000-b0c7e000 rwxs 72b85000 00:05 7167       /dev/dri/card0
b0c7e000-b0c8e000 rwxs 72b75000 00:05 7167       /dev/dri/card0
b0c8e000-b0c9e000 rwxs 6f420000 00:05 7167       /dev/dri/card0
b0c9e000-b0cae000 rwxs 6f3a3000 00:05 7167       /dev/dri/card0
b0cae000-b0cce000 rwxs 72b55000 00:05 7167       /dev/dri/card0
b0cce000-b0cee000 rwxs 72b35000 00:05 7167       /dev/dri/card0
b0cee000-b0d0e000 rwxs 72b15000 00:05 7167       /dev/dri/card0
b0d0e000-b0d2e000 rwxs 6f32d000 00:05 7167       /dev/dri/card0
b0d2e000-b0d6e000 rwxs 6f3c0000 00:05 7167       /dev/dri/card0
b0d6e000-b0dee000 rwxs 72695000 00:05 7167       /dev/dri/card0
b0dee000-b0e6e000 rwxs 72615000 00:05 7167       /dev/dri/card0
b0e6e000-b0eee000 rwxs 72595000 00:05 7167       /dev/dri/card0
b0eee000-b0f6e000 rwxs 72515000 00:05 7167       /dev/dri/card0
b0f6e000-b0fee000 rwxs 72495000 00:05 7167       /dev/dri/card0
b0fee000-b106e000 rwxs 72415000 00:05 7167       /dev/dri/card0
b106e000-b116e000 rwxs 72315000 00:05 7167       /dev/dri/card0
b116e000-b117e000 rwxs 71266000 00:05 7167       /dev/dri/card0
b117e000-b127e000 rwxs 72215000 00:05 7167       /dev/dri/card0
b127e000-b137e000 rwxs 72115000 00:05 7167       /dev/dri/card0
b137e000-b147e000 rwxs 72015000 00:05 7167       /dev/dri/card0
b147e000-b157e000 rwxs 71f15000 00:05 7167       /dev/dri/card0
b157e000-b167e000 rwxs 71e15000 00:05 7167       /dev/dri/card0
b167e000-b177e000 rwxs 71d15000 00:05 7167       /dev/dri/card0
b177e000-b187e000 rwxs 71c15000 00:05 7167       /dev/dri/card0
b187e000-b197e000 rwxs 71b15000 00:05 7167       /dev/dri/card0
b197e000-b1a7e000 rwxs 71a15000 00:05 7167       /dev/dri/card0
b1a7e000-b1b7e000 rwxs 71915000 00:05 7167       /dev/dri/card0
b1b7e000-b1c7e000 rwxs 71815000 00:05 7167       /dev/dri/card0
b1c7e000-b1d7e000 rwxs 71715000 00:05 7167       /dev/dri/card0
b1d7e000-b1e7e000 rwxs 71615000 00:05 7167       /dev/dri/card0
b1e7e000-b1f7e000 rwxs 71515000 00:05 7167       /dev/dri/card0
b1f7e000-b207e000 rwxs 70d55000 00:05 7167       /dev/dri/card0
b207e000-b217e000 rwxs 71315000 00:05 7167       /dev/dri/card0
b217e000-b227e000 rwxs 71415000 00:05 7167       /dev/dri/card0
b2280000-b22a0000 rwxs 6f400000 00:05 7167       /dev/dri/card0
b22a0000-b22c0000 rwxs 6f383000 00:05 7167       /dev/dri/card0
b22c0000-b22e0000 rwxs 6f363000 00:05 7167       /dev/dri/card0
b22e0000-b22e8000 rwxs 6f35b000 00:05 7167       /dev/dri/card0
b22e8000-b22f0000 rwxs 71306000 00:05 7167       /dev/dri/card0
b22f0000-b22f8000 rwxs 712fe000 00:05 7167       /dev/dri/card0
b22f8000-b2300000 rwxs 712f6000 00:05 7167       /dev/dri/card0
b2300000-b2340000 rwxs 712b6000 00:05 7167       /dev/dri/card0
b2340000-b2380000 rwxs 71276000 00:05 7167       /dev/dri/card0
b2380000-b2384000 rwxs 6f3b7000 00:05 7167       /dev/dri/card0
b2384000-b3171000 rwxp 00000000 00:00 0 
b3171000-b317a000 r-xp 00000000 08:02 1132146    /lib/i386-linux-gnu/libdrm_intel.so.1.0.0
b317a000-b317b000 r-xp 00008000 08:02 1132146    /lib/i386-linux-gnu/libdrm_intel.so.1.0.0
b317b000-b317c000 rwxp 00009000 08:02 1132146    /lib/i386-linux-gnu/libdrm_intel.so.1.0.0
b317c000-b31a2000 r-xp 00000000 08:02 1132466    /lib/i386-linux-gnu/libexpat.so.1.5.2
b31a2000-b31a3000 ---p 00026000 08:02 1132466    /lib/i386-linux-gnu/libexpat.so.1.5.2
b31a3000-b31a5000 r-xp 00026000 08:02 1132466    /lib/i386-linux-gnu/libexpat.so.1.5.2
b31a5000-b31a6000 rwxp 00028000 08:02 1132466    /lib/i386-linux-gnu/libexpat.so.1.5.2
b31a6000-b3290000 r-xp 00000000 08:02 838951     /usr/lib/dri/libglsl.so
b3290000-b3294000 r-xp 000ea000 08:02 838951     /usr/lib/dri/libglsl.so
b3294000-b3295000 rwxp 000ee000 08:02 838951     /usr/lib/dri/libglsl.so
b3295000-b3296000 rwxp 00000000 00:00 0 
b3296000-b3471000 r-xp 00000000 08:02 839124     /usr/lib/dri/libdricore.so
b3471000-b3477000 r-xp 001db000 08:02 839124     /usr/lib/dri/libdricore.so
b3477000-b3479000 rwxp 001e1000 08:02 839124     /usr/lib/dri/libdricore.so
b3479000-b3489000 rwxp 00000000 00:00 0 
b3489000-b34ed000 r-xp 00000000 08:02 838933     /usr/lib/dri/i915_dri.so
b34ed000-b34ef000 r-xp 00064000 08:02 838933     /usr/lib/dri/i915_dri.so
b34ef000-b34f0000 rwxp 00066000 08:02 838933     /usr/lib/dri/i915_dri.so
b34f0000-b35f2000 rwxp 00000000 00:00 0 
b35f2000-b35f5000 ---p 00000000 00:00 0 
b35f5000-b3643000 rwxp 00000000 00:00 0 
b3643000-b3646000 ---p 00000000 00:00 0 
b3646000-b3694000 rwxp 00000000 00:00 0 
b3694000-b36a5000 r-xp 00000000 08:02 1132059    /lib/i386-linux-gnu/libresolv-2.13.so
b36a5000-b36a6000 r-xp 00010000 08:02 1132059    /lib/i386-linux-gnu/libresolv-2.13.so
b36a6000-b36a7000 rwxp 00011000 08:02 1132059    /lib/i386-linux-gnu/libresolv-2.13.so
b36a7000-b36a9000 rwxp 00000000 00:00 0 
b36a9000-b36ad000 r-xp 00000000 08:02 1132072    /lib/i386-linux-gnu/libnss_dns-2.13.so
b36ad000-b36ae000 r-xp 00004000 08:02 1132072    /lib/i386-linux-gnu/libnss_dns-2.13.so
b36ae000-b36af000 rwxp 00005000 08:02 1132072    /lib/i386-linux-gnu/libnss_dns-2.13.so
b36af000-b36b2000 ---p 00000000 00:00 0 
b36b2000-b3700000 rwxp 00000000 00:00 0 
b3700000-b37f9000 rwxp 00000000 00:00 0 
b37f9000-b3800000 ---p 00000000 00:00 0 
b3800000-b3804000 rwxs 6f3b3000 00:05 7167       /dev/dri/card0
b3804000-b3806000 r-xp 00000000 08:02 1134975    /lib/libnss_mdns4_minimal.so.2
b3806000-b3807000 r-xp 00001000 08:02 1134975    /lib/libnss_mdns4_minimal.so.2
b3807000-b3808000 rwxp 00002000 08:02 1134975    /lib/libnss_mdns4_minimal.so.2
b380a000-b380e000 rwxs 6c330000 00:05 7167       /dev/dri/card0
b380e000-b3816000 rwxs 7125e000 00:05 7167       /dev/dri/card0
b3816000-b381e000 rwxs 71256000 00:05 7167       /dev/dri/card0
b381e000-b3822000 rwxs 6f3bc000 00:05 7167       /dev/dri/card0
b3822000-b3825000 r-xs 0001d000 08:02 1006925    /home/ichbinkeinreh/.m2/repository/org/lwjgl/lwjgl-util/2.7.1/lwjgl-util-2.7.1.jar
b3825000-b382c000 r-xp 00000000 08:02 1100602    /usr/lib/jvm/java-6-sun-1.6.0.26/jre/lib/i386/libnio.so
b382c000-b382d000 rwxp 00006000 08:02 1100602    /usr/lib/jvm/java-6-sun-1.6.0.26/jre/lib/i386/libnio.so
b382d000-b3830000 ---p 00000000 00:00 0 
b3830000-b387e000 rwxp 00000000 00:00 0 
b387e000-b3898000 r-xp 00000000 08:02 1132481    /lib/i386-linux-gnu/libgcc_s.so.1
b3898000-b3899000 r-xp 00019000 08:02 1132481    /lib/i386-linux-gnu/libgcc_s.so.1
b3899000-b389a000 rwxp 0001a000 08:02 1132481    /lib/i386-linux-gnu/libgcc_s.so.1
b389a000-b3979000 r-xp 00000000 08:02 840824     /usr/lib/i386-linux-gnu/libstdc++.so.6.0.14
b3979000-b397d000 r-xp 000de000 08:02 840824     /usr/lib/i386-linux-gnu/libstdc++.so.6.0.14
b397d000-b397e000 rwxp 000e2000 08:02 840824     /usr/lib/i386-linux-gnu/libstdc++.so.6.0.14
b397e000-b3985000 rwxp 00000000 00:00 0 
b3985000-b398d000 r-xp 00000000 08:02 1132196    /lib/i386-linux-gnu/libdrm.so.2.4.0
b398d000-b398e000 r-xp 00007000 08:02 1132196    /lib/i386-linux-gnu/libdrm.so.2.4.0
b398e000-b398f000 rwxp 00008000 08:02 1132196    /lib/i386-linux-gnu/libdrm.so.2.4.0
b398f000-b3993000 r-xp 00000000 08:02 839541     /usr/lib/i386-linux-gnu/libXxf86vm.so.1.0.0
b3993000-b3994000 r-xp 00003000 08:02 839541     /usr/lib/i386-linux-gnu/libXxf86vm.so.1.0.0
b3994000-b3995000 rwxp 00004000 08:02 839541     /usr/lib/i386-linux-gnu/libXxf86vm.so.1.0.0
b3995000-b39de000 r-xp 00000000 08:02 855147     /usr/lib/mesa/libGL.so.1.2
b39de000-b39df000 ---p 00049000 08:02 855147     /usr/lib/mesa/libGL.so.1.2
b39df000-b39e4000 r-xp 00049000 08:02 855147     /usr/lib/mesa/libGL.so.1.2
b39e4000-b39ea000 rwxp 0004e000 08:02 855147     /usr/lib/mesa/libGL.so.1.2
b39ea000-b39eb000 rwxp 00000000 00:00 0 
b39eb000-b39ee000 ---p 00000000 00:00 0 
b39ee000-b3a3c000 rwxp 00000000 00:00 0 
b3a3c000-b3a3d000 r-xs 00000000 08:02 90970      /var/cache/fontconfig/26de28bc8622bbc1fb67fd234c21975f-le32d4.cache-3
b3a3d000-b3a3e000 r-xs 00000000 08:02 91696      /var/cache/fontconfig/c05880de57d1f5e948fdfacc138775d9-le32d4.cache-3
b3a3e000-b3a44000 r-xs 00000000 08:02 90537      /var/cache/fontconfig/945677eb7aeaf62f1d50efc3fb3ec7d8-le32d4.cache-3
b3a44000-b3a47000 r-xs 00000000 08:02 91695      /var/cache/fontconfig/99e8ed0e538f840c565b6ed5dad60d56-le32d4.cache-3
b3a47000-b3a49000 r-xs 00000000 08:02 90481      /var/cache/fontconfig/f24b2111ab8703b4e963115a8cf14259-le32d4.cache-3
b3a49000-b3a4c000 r-xs 00000000 08:02 91694      /var/cache/fontconfig/e383d7ea5fbe662a33d9b44caf393297-le32d4.cache-3
b3a4c000-b3a51000 r-xs 00000000 08:02 90971      /var/cache/fontconfig/401a5dd6b567794a1d18dd9342dfa604-le32d4.cache-3
b3a51000-b3a53000 r-xs 00000000 08:02 91693      /var/cache/fontconfig/2cd17615ca594fa2959ae173292e504c-le32d4.cache-3
b3a53000-b3a56000 r-xs 00000000 08:02 91072      /var/cache/fontconfig/a46337af8a0b4c9b317ad981ec3bdf87-le32d4.cache-3
b3a56000-b3a57000 r-xs 00000000 08:02 552612     /var/cache/fontconfig/e3fa16a14183b06aa45b3e009278fd14-le32d4.cache-3
b3a57000-b3a58000 r-xs 00000000 08:02 91692      /var/cache/fontconfig/e7071f4a29fa870f4323321c154eba04-le32d4.cache-3
b3a58000-b3a5c000 r-xs 00000000 08:02 91719      /var/cache/fontconfig/926e794c3d5e5dffcaf2fa83ef8d36c2-le32d4.cache-3
b3a5c000-b3a5f000 r-xs 00000000 08:02 91691      /var/cache/fontconfig/6eb3985aa4124903f6ff08ba781cd364-le32d4.cache-3
b3a5f000-b3a60000 r-xs 00000000 08:02 91690      /var/cache/fontconfig/4c73fe0c47614734b17d736dbde7580a-le32d4.cache-3
b3a60000-b3a61000 r-xs 00000000 08:02 91689      /var/cache/fontconfig/0d8c3b2ac0904cb8a57a757ad11a4a08-le32d4.cache-3
b3a61000-b3a62000 r-xs 00000000 08:02 91688      /var/cache/fontconfig/6a53c69dea097a2d716e069445527da8-le32d4.cache-3
b3a62000-b3a66000 r-xs 00000000 08:02 91687      /var/cache/fontconfig/062808c12e6e608270f93bb230aed730-le32d4.cache-3
b3a66000-b3a6a000 r-xs 00000000 08:02 90784      /var/cache/fontconfig/a755afe4a08bf5b97852ceb7400b47bc-le32d4.cache-3
b3a6a000-b3a6b000 r-xs 00000000 08:02 552611     /var/cache/fontconfig/79517df041c92e3f2b4a9700e7dbe3c7-le32d4.cache-3
b3a6b000-b3a6c000 r-xs 00000000 08:02 552610     /var/cache/fontconfig/4abdb2dd99886b2b2d3168a6b22d0473-le32d4.cache-3
b3a6c000-b3a6d000 r-xs 00000000 08:02 552609     /var/cache/fontconfig/b9af901c4f3947128be824d599af5f25-le32d4.cache-3
b3a6d000-b3a6e000 r-xs 00000000 08:02 552608     /var/cache/fontconfig/a18183678af55fd6535fa2d00e080189-le32d4.cache-3
b3a6e000-b3a70000 r-xs 00000000 08:02 552607     /var/cache/fontconfig/90e84e89a4382a8db77728561d41356d-le32d4.cache-3
b3a70000-b3a71000 r-xs 00000000 08:02 552606     /var/cache/fontconfig/b73ae53b2eee308c3d7feb99ac2d34cd-le32d4.cache-3
b3a71000-b3a72000 r-xs 00000000 08:02 552605     /var/cache/fontconfig/407fd690308a0b04640307de6deab6da-le32d4.cache-3
b3a72000-b3a74000 r-xs 00000000 08:02 552604     /var/cache/fontconfig/8039e78ad04dad2b193eec8c5f90bc4d-le32d4.cache-3
b3a74000-b3a76000 r-xs 00000000 08:02 552601     /var/cache/fontconfig/9123b38b1c36356a690c2f0bc4cbf728-le32d4.cache-3
b3a76000-b3a7a000 r-xs 00000000 08:02 90977      /var/cache/fontconfig/515ca1ebc4b18308bea979be5704f9db-le32d4.cache-3
b3a7a000-b3a81000 r-xs 00000000 08:02 91069      /var/cache/fontconfig/6d41288fd70b0be22e8c3a91e032eec0-le32d4.cache-3
b3a81000-b3a89000 r-xs 00000000 08:02 90558      /var/cache/fontconfig/e3de0de479f42330eadf588a55fb5bf4-le32d4.cache-3
b3a89000-b3a94000 r-xs 00000000 08:02 90557      /var/cache/fontconfig/0f34bcd4b6ee430af32735b75db7f02b-le32d4.cache-3
b3a94000-b3a97000 r-xs 00000000 08:02 90527      /var/cache/fontconfig/d60319d88cac85ba9e1a07bd06cfbb8c-le32d4.cache-3
b3a97000-b3a99000 r-xs 00000000 08:02 90526      /var/cache/fontconfig/ddd4086aec35a5275babba44bb759c3c-le32d4.cache-3
b3a99000-b3abb000 r-xs 00000000 08:02 90968      /var/cache/fontconfig/365b55f210c0a22e9a19e35191240f32-le32d4.cache-3
b3abb000-b3ac3000 r-xs 00000000 08:02 90507      /var/cache/fontconfig/d52a8644073d54c13679302ca1180695-le32d4.cache-3
b3ac3000-b3ac9000 r-xs 00000000 08:02 90519      /var/cache/fontconfig/089dead882dea3570ffc31a9898cfb69-le32d4.cache-3
b3ac9000-b3acf000 r-xs 00000000 08:02 90234      /var/cache/fontconfig/cabbd14511b9e8a55e92af97fb3a0461-le32d4.cache-3
b3acf000-b3ae1000 r-xs 00000000 08:02 90229      /var/cache/fontconfig/e13b20fdb08344e0e664864cc2ede53d-le32d4.cache-3
b3ae1000-b3ae3000 r-xp 00000000 08:02 839224     /usr/lib/i386-linux-gnu/libXdamage.so.1.1.0
b3ae3000-b3ae4000 r-xp 00001000 08:02 839224     /usr/lib/i386-linux-gnu/libXdamage.so.1.1.0
b3ae4000-b3ae5000 rwxp 00002000 08:02 839224     /usr/lib/i386-linux-gnu/libXdamage.so.1.1.0
b3ae5000-b3ae6000 r-xp 00000000 08:02 1100622    /usr/lib/jvm/java-6-sun-1.6.0.26/jre/lib/i386/libjawt.so
b3ae6000-b3ae7000 rwxp 00000000 08:02 1100622    /usr/lib/jvm/java-6-sun-1.6.0.26/jre/lib/i386/libjawt.so
b3ae7000-b3aed000 r-xp 00000000 08:02 839230     /usr/lib/i386-linux-gnu/libXrandr.so.2.2.0
b3aed000-b3aee000 r-xp 00005000 08:02 839230     /usr/lib/i386-linux-gnu/libXrandr.so.2.2.0
b3aee000-b3aef000 rwxp 00006000 08:02 839230     /usr/lib/i386-linux-gnu/libXrandr.so.2.2.0
b3aef000-b3b4d000 r-xp 00000000 08:02 939515     /tmp/liblwjgl.so
b3b4d000-b3b4e000 ---p 0005e000 08:02 939515     /tmp/liblwjgl.so
b3b4e000-b3b4f000 r-xp 0005e000 08:02 939515     /tmp/liblwjgl.so
b3b4f000-b3b50000 rwxp 0005f000 08:02 939515     /tmp/liblwjgl.so
b3b50000-b3b53000 ---p 00000000 00:00 0 
b3b53000-b3ba1000 rwxp 00000000 00:00 0 
b3ba1000-b3ba5000 r-xp 00000000 08:02 840480     /usr/lib/i386-linux-gnu/libXfixes.so.3.1.0
b3ba5000-b3ba6000 r-xp 00003000 08:02 840480     /usr/lib/i386-linux-gnu/libXfixes.so.3.1.0
b3ba6000-b3ba7000 rwxp 00004000 08:02 840480     /usr/lib/i386-linux-gnu/libXfixes.so.3.1.0
b3ba7000-b3baf000 r-xp 00000000 08:02 838970     /usr/lib/i386-linux-gnu/libXrender.so.1.3.0
b3baf000-b3bb0000 r-xp 00007000 08:02 838970     /usr/lib/i386-linux-gnu/libXrender.so.1.3.0
b3bb0000-b3bb1000 rwxp 00008000 08:02 838970     /usr/lib/i386-linux-gnu/libXrender.so.1.3.0
b3bb1000-b3bb9000 r-xp 00000000 08:02 839572     /usr/lib/i386-linux-gnu/libXcursor.so.1.0.2
b3bb9000-b3bba000 r-xp 00007000 08:02 839572     /usr/lib/i386-linux-gnu/libXcursor.so.1.0.2
b3bba000-b3bbb000 rwxp 00008000 08:02 839572     /usr/lib/i386-linux-gnu/libXcursor.so.1.0.2
b3bbc000-b3bbd000 rwxp 00000000 00:00 0 
b3bbd000-b3bc0000 rwxs 00000000 00:04 15859752   /SYSV00000000 (deleted)
b3bc0000-b3bd4000 r-xp 00000000 08:02 1100601    /usr/lib/jvm/java-6-sun-1.6.0.26/jre/lib/i386/libnet.so
b3bd4000-b3bd5000 rwxp 00013000 08:02 1100601    /usr/lib/jvm/java-6-sun-1.6.0.26/jre/lib/i386/libnet.so
b3bd5000-b3bd8000 ---p 00000000 00:00 0 
b3bd8000-b3c26000 rwxp 00000000 00:00 0 
b3c26000-b3c9f000 r-xp 00000000 08:02 1100616    /usr/lib/jvm/java-6-sun-1.6.0.26/jre/lib/i386/libfontmanager.so
b3c9f000-b3ca9000 rwxp 00078000 08:02 1100616    /usr/lib/jvm/java-6-sun-1.6.0.26/jre/lib/i386/libfontmanager.so
b3ca9000-b3cae000 rwxp 00000000 00:00 0 
b3cae000-b3cbb000 r-xp 00000000 08:02 839545     /usr/lib/i386-linux-gnu/libXi.so.6.1.0
b3cbb000-b3cbc000 r-xp 0000c000 08:02 839545     /usr/lib/i386-linux-gnu/libXi.so.6.1.0
b3cbc000-b3cbd000 rwxp 0000d000 08:02 839545     /usr/lib/i386-linux-gnu/libXi.so.6.1.0
b3cbd000-b3cbe000 r-xs 0019f000 08:02 546362     /home/ichbinkeinreh/.m2/repository/org/lwjgl/lwjgl-native/2.7.1/lwjgl-native-2.7.1.jar
b3cbe000-b3cc3000 r-xs 00000000 08:02 552600     /var/cache/fontconfig/7ef2298fde41cc6eeb7af42e48b7d293-le32d4.cache-3
b3cc3000-b3cc9000 r-xs 00000000 08:02 90228      /var/cache/fontconfig/b83386915dae36184c7e3985fd26e4b1-le32d4.cache-3
b3cc9000-b3cd7000 r-xs 00000000 08:02 90227      /var/cache/fontconfig/865f88548240fee46819705c6468c165-le32d4.cache-3
b3cd7000-b3d1a000 r-xp 00000000 08:02 927545     /usr/lib/jvm/java-6-sun-1.6.0.26/jre/lib/i386/xawt/libmawt.so
b3d1a000-b3d1c000 rwxp 00043000 08:02 927545     /usr/lib/jvm/java-6-sun-1.6.0.26/jre/lib/i386/xawt/libmawt.so
b3d1c000-b3d1d000 rwxp 00000000 00:00 0 
b3d1d000-b3da2000 r-xp 00000000 08:02 1100614    /usr/lib/jvm/java-6-sun-1.6.0.26/jre/lib/i386/libawt.so
b3da2000-b3da9000 rwxp 00085000 08:02 1100614    /usr/lib/jvm/java-6-sun-1.6.0.26/jre/lib/i386/libawt.so
b3da9000-b3dcd000 rwxp 00000000 00:00 0 
b3dcd000-b3dd9000 r-xs 000ca000 08:02 480543     /home/ichbinkeinreh/.m2/repository/org/lwjgl/lwjgl/2.7.1/lwjgl-2.7.1.jar
b3dd9000-b3ddb000 r-xs 0000d000 08:02 343913     /home/ichbinkeinreh/.m2/repository/jcraft/jorbis/0.0.15/jorbis-0.0.15.jar
b3ddb000-b3ddc000 r-xs 00001000 08:02 286175     /home/ichbinkeinreh/.m2/repository/jcraft/jogg/0.0.7/jogg-0.0.7.jar
b3ddc000-b3dde000 r-xs 00008000 08:02 236939     /home/ichbinkeinreh/.m2/repository/ibxm/ibxm/unknown/ibxm-unknown.jar
b3dde000-b3ddf000 r-xs 00001000 08:02 123509     /home/ichbinkeinreh/.m2/repository/javax/jnlp/jnlp/1.2/jnlp-1.2.jar
b3ddf000-b3de0000 r-xs 00038000 08:02 11156      /home/ichbinkeinreh/.m2/repository/org/lwjgl/lwjgl-native/2.1.0/lwjgl-native-2.1.0-win32.jar
b3de0000-b3de5000 r-xs 0002f000 08:02 1170738    /home/ichbinkeinreh/.m2/repository/org/lwjgl/lwjgl-jinput/2.1.0/lwjgl-jinput-2.1.0.jar
b3de5000-b3de7000 r-xs 00019000 08:02 1047833    /home/ichbinkeinreh/.m2/repository/phys2d/phys2d/060408/phys2d-060408.jar
b3de7000-b3df1000 r-xs 00093000 08:02 334537     /home/ichbinkeinreh/.m2/repository/slick/slick/270/slick-270.jar
b3df1000-b3dfe000 r-xs 000a8000 08:02 179480     /home/ichbinkeinreh/.m2/repository/net/sf/trove4j/trove4j/2.0.2/trove4j-2.0.2.jar
b3dfe000-b3dff000 ---p 00000000 00:00 0 
b3dff000-b3e7f000 rwxp 00000000 00:00 0 
b3e7f000-b3e82000 ---p 00000000 00:00 0 
b3e82000-b3f00000 rwxp 00000000 00:00 0 
b3f00000-b4000000 rwxp 00000000 00:00 0 
b4000000-b4003000 ---p 00000000 00:00 0 
b4003000-b4051000 rwxp 00000000 00:00 0 
b4051000-b4054000 ---p 00000000 00:00 0 
b4054000-b40a2000 rwxp 00000000 00:00 0 
b40a2000-b41c2000 r-xp 00178000 08:02 838897     /usr/lib/locale/locale-archive
b41c2000-b43c2000 r-xp 00000000 08:02 838897     /usr/lib/locale/locale-archive
b43c2000-b43c5000 ---p 00000000 00:00 0 
b43c5000-b4413000 rwxp 00000000 00:00 0 
b4413000-b4416000 ---p 00000000 00:00 0 
b4416000-b4498000 rwxp 00000000 00:00 0 
b4498000-b4630000 r-xs 03029000 08:02 1002499    /usr/lib/jvm/java-6-sun-1.6.0.26/jre/lib/rt.jar
b4630000-b4631000 ---p 00000000 00:00 0 
b4631000-b46c5000 rwxp 00000000 00:00 0 
b46c5000-b46df000 rwxp 00000000 00:00 0 
b46df000-b46e8000 rwxp 00000000 00:00 0 
b46e8000-b4732000 rwxp 00000000 00:00 0 
b4732000-b4737000 rwxp 00000000 00:00 0 
b4737000-b475b000 rwxp 00000000 00:00 0 
b475b000-b4764000 rwxp 00000000 00:00 0 
b4764000-b47ae000 rwxp 00000000 00:00 0 
b47ae000-b47b4000 rwxp 00000000 00:00 0 
b47b4000-b47ce000 rwxp 00000000 00:00 0 
b47ce000-b47e2000 rwxp 00000000 00:00 0 
b47e2000-b485a000 rwxp 00000000 00:00 0 
b485a000-b4a32000 rwxp 00000000 00:00 0 
b4a32000-b685a000 rwxp 00000000 00:00 0 
b685a000-b6864000 r-xp 00000000 08:02 1132124    /lib/i386-linux-gnu/libnss_files-2.13.so
b6864000-b6865000 r-xp 00009000 08:02 1132124    /lib/i386-linux-gnu/libnss_files-2.13.so
b6865000-b6866000 rwxp 0000a000 08:02 1132124    /lib/i386-linux-gnu/libnss_files-2.13.so
b6866000-b6867000 r-xs 00000000 08:02 552603     /var/cache/fontconfig/27f6fa40476fb33ad65cb210c133a216-le32d4.cache-3
b6867000-b6876000 r-xp 00000000 08:02 1100597    /usr/lib/jvm/java-6-sun-1.6.0.26/jre/lib/i386/libzip.so
b6876000-b6878000 rwxp 0000e000 08:02 1100597    /usr/lib/jvm/java-6-sun-1.6.0.26/jre/lib/i386/libzip.so
b6878000-b6880000 rwxs 00000000 08:02 939202     /tmp/hsperfdata_ichbinkeinreh/8385
b6880000-b68a3000 r-xp 00000000 08:02 1100596    /usr/lib/jvm/java-6-sun-1.6.0.26/jre/lib/i386/libjava.so
b68a3000-b68a5000 rwxp 00023000 08:02 1100596    /usr/lib/jvm/java-6-sun-1.6.0.26/jre/lib/i386/libjava.so
b68a5000-b68b0000 r-xp 00000000 08:02 1100350    /usr/lib/jvm/java-6-sun-1.6.0.26/jre/lib/i386/libverify.so
b68b0000-b68b1000 rwxp 0000b000 08:02 1100350    /usr/lib/jvm/java-6-sun-1.6.0.26/jre/lib/i386/libverify.so
b68b1000-b68b4000 ---p 00000000 00:00 0 
b68b4000-b6902000 rwxp 00000000 00:00 0 
b6902000-b6de3000 r-xp 00000000 08:02 929613     /usr/lib/jvm/java-6-sun-1.6.0.26/jre/lib/i386/client/libjvm.so
b6de3000-b6e06000 rwxp 004e1000 08:02 929613     /usr/lib/jvm/java-6-sun-1.6.0.26/jre/lib/i386/client/libjvm.so
b6e06000-b7224000 rwxp 00000000 00:00 0 
b7224000-b7229000 r-xp 00000000 08:02 825750     /usr/lib/libogg.so.0.7.0
b7229000-b722a000 r-xp 00004000 08:02 825750     /usr/lib/libogg.so.0.7.0
b722a000-b722b000 rwxp 00005000 08:02 825750     /usr/lib/libogg.so.0.7.0
b722b000-b7250000 r-xp 00000000 08:02 825318     /usr/lib/libvorbis.so.0.4.5
b7250000-b7251000 r-xp 00025000 08:02 825318     /usr/lib/libvorbis.so.0.4.5
b7251000-b7252000 rwxp 00026000 08:02 825318     /usr/lib/libvorbis.so.0.4.5
b7252000-b7253000 rwxp 00000000 00:00 0 
b7253000-b73b8000 r-xp 00000000 08:02 823156     /usr/lib/libvorbisenc.so.2.0.8
b73b8000-b73b9000 ---p 00165000 08:02 823156     /usr/lib/libvorbisenc.so.2.0.8
b73b9000-b73ca000 r-xp 00165000 08:02 823156     /usr/lib/libvorbisenc.so.2.0.8
b73ca000-b73cb000 rwxp 00176000 08:02 823156     /usr/lib/libvorbisenc.so.2.0.8
b73cb000-b7415000 r-xp 00000000 08:02 824172     /usr/lib/libFLAC.so.8.2.0
b7415000-b7416000 r-xp 00049000 08:02 824172     /usr/lib/libFLAC.so.8.2.0
b7416000-b7417000 rwxp 0004a000 08:02 824172     /usr/lib/libFLAC.so.8.2.0
b7417000-b742a000 r-xp 00000000 08:02 1132078    /lib/i386-linux-gnu/libnsl-2.13.so
b742a000-b742b000 r-xp 00012000 08:02 1132078    /lib/i386-linux-gnu/libnsl-2.13.so
b742b000-b742c000 rwxp 00013000 08:02 1132078    /lib/i386-linux-gnu/libnsl-2.13.so
b742c000-b742e000 rwxp 00000000 00:00 0 
b742e000-b7432000 r-xp 00000000 08:02 839340     /usr/lib/i386-linux-gnu/libXdmcp.so.6.0.0
b7432000-b7433000 r-xp 00003000 08:02 839340     /usr/lib/i386-linux-gnu/libXdmcp.so.6.0.0
b7433000-b7434000 rwxp 00004000 08:02 839340     /usr/lib/i386-linux-gnu/libXdmcp.so.6.0.0
b7434000-b7436000 r-xp 00000000 08:02 838952     /usr/lib/i386-linux-gnu/libXau.so.6.0.0
b7436000-b7437000 r-xp 00001000 08:02 838952     /usr/lib/i386-linux-gnu/libXau.so.6.0.0
b7437000-b7438000 rwxp 00002000 08:02 838952     /usr/lib/i386-linux-gnu/libXau.so.6.0.0
b7438000-b7439000 rwxp 00000000 00:00 0 
b7439000-b7446000 r-xp 00000000 08:02 839424     /usr/lib/i386-linux-gnu/libXext.so.6.4.0
b7446000-b7447000 r-xp 0000c000 08:02 839424     /usr/lib/i386-linux-gnu/libXext.so.6.4.0
b7447000-b7448000 rwxp 0000d000 08:02 839424     /usr/lib/i386-linux-gnu/libXext.so.6.4.0
b7448000-b744b000 r-xp 00000000 08:02 1132113    /lib/i386-linux-gnu/libuuid.so.1.3.0
b744b000-b744c000 r-xp 00002000 08:02 1132113    /lib/i386-linux-gnu/libuuid.so.1.3.0
b744c000-b744d000 rwxp 00003000 08:02 1132113    /lib/i386-linux-gnu/libuuid.so.1.3.0
b744d000-b74ad000 r-xp 00000000 08:02 824300     /usr/lib/libsndfile.so.1.0.23
b74ad000-b74ae000 ---p 00060000 08:02 824300     /usr/lib/libsndfile.so.1.0.23
b74ae000-b74af000 r-xp 00060000 08:02 824300     /usr/lib/libsndfile.so.1.0.23
b74af000-b74b0000 rwxp 00061000 08:02 824300     /usr/lib/libsndfile.so.1.0.23
b74b0000-b74b4000 rwxp 00000000 00:00 0 
b74b4000-b74bb000 r-xp 00000000 08:02 1132021    /lib/libwrap.so.0.7.6
b74bb000-b74bc000 r-xp 00006000 08:02 1132021    /lib/libwrap.so.0.7.6
b74bc000-b74bd000 rwxp 00007000 08:02 1132021    /lib/libwrap.so.0.7.6
b74bd000-b74f8000 r-xp 00000000 08:02 1211187    /lib/i386-linux-gnu/libdbus-1.so.3.5.4
b74f8000-b74f9000 r-xp 0003a000 08:02 1211187    /lib/i386-linux-gnu/libdbus-1.so.3.5.4
b74f9000-b74fa000 rwxp 0003b000 08:02 1211187    /lib/i386-linux-gnu/libdbus-1.so.3.5.4
b74fa000-b74fb000 rwxp 00000000 00:00 0 
b74fb000-b7512000 r-xp 00000000 08:02 838880     /usr/lib/i386-linux-gnu/libxcb.so.1.1.0
b7512000-b7513000 r-xp 00016000 08:02 838880     /usr/lib/i386-linux-gnu/libxcb.so.1.1.0
b7513000-b7514000 rwxp 00017000 08:02 838880     /usr/lib/i386-linux-gnu/libxcb.so.1.1.0
b7514000-b7517000 r-xp 00000000 08:02 825253     /usr/lib/libxcb-atom.so.1.0.0
b7517000-b7518000 r-xp 00002000 08:02 825253     /usr/lib/libxcb-atom.so.1.0.0
b7518000-b7519000 rwxp 00003000 08:02 825253     /usr/lib/libxcb-atom.so.1.0.0
b7519000-b751d000 r-xp 00000000 08:02 823028     /usr/lib/libXtst.so.6.1.0
b751d000-b751e000 r-xp 00003000 08:02 823028     /usr/lib/libXtst.so.6.1.0
b751e000-b751f000 rwxp 00004000 08:02 823028     /usr/lib/libXtst.so.6.1.0
b751f000-b7525000 r-xp 00000000 08:02 840970     /usr/lib/i386-linux-gnu/libSM.so.6.0.1
b7525000-b7526000 r-xp 00005000 08:02 840970     /usr/lib/i386-linux-gnu/libSM.so.6.0.1
b7526000-b7527000 rwxp 00006000 08:02 840970     /usr/lib/i386-linux-gnu/libSM.so.6.0.1
b7527000-b753b000 r-xp 00000000 08:02 840961     /usr/lib/i386-linux-gnu/libICE.so.6.3.0
b753b000-b753c000 r-xp 00013000 08:02 840961     /usr/lib/i386-linux-gnu/libICE.so.6.3.0
b753c000-b753d000 rwxp 00014000 08:02 840961     /usr/lib/i386-linux-gnu/libICE.so.6.3.0
b753d000-b7540000 rwxp 00000000 00:00 0 
b7540000-b7656000 r-xp 00000000 08:02 838881     /usr/lib/i386-linux-gnu/libX11.so.6.3.0
b7656000-b7657000 ---p 00116000 08:02 838881     /usr/lib/i386-linux-gnu/libX11.so.6.3.0
b7657000-b7658000 r-xp 00116000 08:02 838881     /usr/lib/i386-linux-gnu/libX11.so.6.3.0
b7658000-b765a000 rwxp 00117000 08:02 838881     /usr/lib/i386-linux-gnu/libX11.so.6.3.0
b765a000-b765b000 rwxp 00000000 00:00 0 
b765b000-b765c000 r-xp 00000000 08:02 838968     /usr/lib/i386-linux-gnu/libX11-xcb.so.1.0.0
b765c000-b765d000 r-xp 00000000 08:02 838968     /usr/lib/i386-linux-gnu/libX11-xcb.so.1.0.0
b765d000-b765e000 rwxp 00001000 08:02 838968     /usr/lib/i386-linux-gnu/libX11-xcb.so.1.0.0
b765e000-b7682000 r-xp 00000000 08:02 1132114    /lib/i386-linux-gnu/libm-2.13.so
b7682000-b7683000 r-xp 00023000 08:02 1132114    /lib/i386-linux-gnu/libm-2.13.so
b7683000-b7684000 rwxp 00024000 08:02 1132114    /lib/i386-linux-gnu/libm-2.13.so
b7684000-b768b000 r-xp 00000000 08:02 1132067    /lib/i386-linux-gnu/librt-2.13.so
b768b000-b768c000 r-xp 00006000 08:02 1132067    /lib/i386-linux-gnu/librt-2.13.so
b768c000-b768d000 rwxp 00007000 08:02 1132067    /lib/i386-linux-gnu/librt-2.13.so
b768d000-b76d4000 r-xp 00000000 08:02 825372     /usr/lib/libpulsecommon-0.9.22.so
b76d4000-b76d5000 r-xp 00046000 08:02 825372     /usr/lib/libpulsecommon-0.9.22.so
b76d5000-b76d6000 rwxp 00047000 08:02 825372     /usr/lib/libpulsecommon-0.9.22.so
b76d6000-b76d7000 rwxp 00000000 00:00 0 
b76d7000-b7716000 r-xp 00000000 08:02 823400     /usr/lib/libpulse.so.0.12.3
b7716000-b7717000 r-xp 0003e000 08:02 823400     /usr/lib/libpulse.so.0.12.3
b7717000-b7718000 rwxp 0003f000 08:02 823400     /usr/lib/libpulse.so.0.12.3
b7718000-b7872000 r-xp 00000000 08:02 1132061    /lib/i386-linux-gnu/libc-2.13.so
b7872000-b7873000 ---p 0015a000 08:02 1132061    /lib/i386-linux-gnu/libc-2.13.so
b7873000-b7875000 r-xp 0015a000 08:02 1132061    /lib/i386-linux-gnu/libc-2.13.so
b7875000-b7876000 rwxp 0015c000 08:02 1132061    /lib/i386-linux-gnu/libc-2.13.so
b7876000-b7879000 rwxp 00000000 00:00 0 
b7879000-b787b000 r-xp 00000000 08:02 1132103    /lib/i386-linux-gnu/libdl-2.13.so
b787b000-b787c000 r-xp 00001000 08:02 1132103    /lib/i386-linux-gnu/libdl-2.13.so
b787c000-b787d000 rwxp 00002000 08:02 1132103    /lib/i386-linux-gnu/libdl-2.13.so
b787d000-b7884000 r-xp 00000000 08:02 947822     /usr/lib/jvm/java-6-sun-1.6.0.26/jre/lib/i386/jli/libjli.so
b7884000-b7886000 rwxp 00006000 08:02 947822     /usr/lib/jvm/java-6-sun-1.6.0.26/jre/lib/i386/jli/libjli.so
b7886000-b789b000 r-xp 00000000 08:02 1132096    /lib/i386-linux-gnu/libpthread-2.13.so
b789b000-b789c000 r-xp 00015000 08:02 1132096    /lib/i386-linux-gnu/libpthread-2.13.so
b789c000-b789d000 rwxp 00016000 08:02 1132096    /lib/i386-linux-gnu/libpthread-2.13.so
b789d000-b78a0000 rwxp 00000000 00:00 0 
b78a0000-b78a9000 r-xp 00000000 08:02 825342     /usr/lib/libpulsedsp.so
b78a9000-b78aa000 r-xp 00008000 08:02 825342     /usr/lib/libpulsedsp.so
b78aa000-b78ab000 rwxp 00009000 08:02 825342     /usr/lib/libpulsedsp.so
b78ab000-b78ac000 r-xs 00000000 08:02 552602     /var/cache/fontconfig/98d684ad3abba16030bd60992dc9c5d7-le32d4.cache-3
b78ac000-b78ad000 r-xs 00000000 08:02 92596      /var/cache/fontconfig/4794a0821666d79190d59a36cb4f44b5-le32d4.cache-3
b78ad000-b78b0000 r-xs 00011000 08:02 200285     /home/ichbinkeinreh/.m2/repository/de/unisaarland/cs/st/saarsiedler-cl-comm/1.1.1/saarsiedler-cl-comm-1.1.1.jar
b78b0000-b78b9000 r-xp 00000000 08:02 1132083    /lib/i386-linux-gnu/libnss_nis-2.13.so
b78b9000-b78ba000 r-xp 00008000 08:02 1132083    /lib/i386-linux-gnu/libnss_nis-2.13.so
b78ba000-b78bb000 rwxp 00009000 08:02 1132083    /lib/i386-linux-gnu/libnss_nis-2.13.so
b78bb000-b78c1000 r-xp 00000000 08:02 1132085    /lib/i386-linux-gnu/libnss_compat-2.13.so
b78c1000-b78c2000 r-xp 00005000 08:02 1132085    /lib/i386-linux-gnu/libnss_compat-2.13.so
b78c2000-b78c3000 rwxp 00006000 08:02 1132085    /lib/i386-linux-gnu/libnss_compat-2.13.so
b78c3000-b78c4000 rwxp 00000000 00:00 0 
b78c4000-b78c5000 r-xp 00000000 00:00 0 
b78c5000-b78c7000 rwxp 00000000 00:00 0 
b78c7000-b78c8000 r-xp 00000000 00:00 0          [vdso]
b78c8000-b78e4000 r-xp 00000000 08:02 1132122    /lib/i386-linux-gnu/ld-2.13.so
b78e4000-b78e5000 r-xp 0001b000 08:02 1132122    /lib/i386-linux-gnu/ld-2.13.so
b78e5000-b78e6000 rwxp 0001c000 08:02 1132122    /lib/i386-linux-gnu/ld-2.13.so
bfb7c000-bfb9d000 rwxp 00000000 00:00 0          [stack]

VM Arguments:
jvm_args: -Dfile.encoding=UTF-8 
java_command: de.unisaarland.cs.sopra.common.Client
Launcher Type: SUN_STANDARD

Environment Variables:
PATH=/usr/local/texlive/2010/bin/i386-linux/:/usr/local/sbin:/usr/local/bin:/usr/sbin:/usr/bin:/sbin:/bin:/usr/games
USERNAME=ichbinkeinreh
LD_LIBRARY_PATH=/usr/lib/jvm/java-6-sun-1.6.0.26/jre/lib/i386/client:/usr/lib/jvm/java-6-sun-1.6.0.26/jre/lib/i386:/usr/lib/jvm/java-6-sun-1.6.0.26/jre/../lib/i386
LD_PRELOAD=libpulsedsp.so
SHELL=/bin/bash
DISPLAY=:0.0

Signal Handlers:
SIGSEGV: [libjvm.so+0x469ec0], sa_mask[0]=0x7ffbfeff, sa_flags=0x10000004
SIGBUS: [libjvm.so+0x469ec0], sa_mask[0]=0x7ffbfeff, sa_flags=0x10000004
SIGFPE: [libjvm.so+0x38bf10], sa_mask[0]=0x7ffbfeff, sa_flags=0x10000004
SIGPIPE: [libjvm.so+0x38bf10], sa_mask[0]=0x7ffbfeff, sa_flags=0x10000004
SIGXFSZ: [libjvm.so+0x38bf10], sa_mask[0]=0x7ffbfeff, sa_flags=0x10000004
SIGILL: [libjvm.so+0x38bf10], sa_mask[0]=0x7ffbfeff, sa_flags=0x10000004
SIGUSR1: SIG_DFL, sa_mask[0]=0x00000000, sa_flags=0x00000000
SIGUSR2: [libjvm.so+0x38f150], sa_mask[0]=0x00000004, sa_flags=0x10000004
SIGHUP: [libjvm.so+0x38ed30], sa_mask[0]=0x7ffbfeff, sa_flags=0x10000004
SIGINT: [libjvm.so+0x38ed30], sa_mask[0]=0x7ffbfeff, sa_flags=0x10000004
SIGTERM: [libjvm.so+0x38ed30], sa_mask[0]=0x7ffbfeff, sa_flags=0x10000004
SIGQUIT: [libjvm.so+0x38ed30], sa_mask[0]=0x7ffbfeff, sa_flags=0x10000004


---------------  S Y S T E M  ---------------

OS:squeeze/sid

uname:Linux 2.6.38-11-generic #48-Ubuntu SMP Fri Jul 29 19:05:14 UTC 2011 i686
libc:glibc 2.13 NPTL 2.13 
rlimit: STACK 8192k, CORE 0k, NPROC infinity, NOFILE 4096, AS infinity
load average:0.85 0.72 0.56

/proc/meminfo:
MemTotal:        1012532 kB
MemFree:           19228 kB
Buffers:            6032 kB
Cached:           217964 kB
SwapCached:        23712 kB
Active:           480564 kB
Inactive:         445076 kB
Active(anon):     405684 kB
Inactive(anon):   405592 kB
Active(file):      74880 kB
Inactive(file):    39484 kB
Unevictable:          32 kB
Mlocked:              32 kB
HighTotal:        127328 kB
HighFree:            400 kB
LowTotal:         885204 kB
LowFree:           18828 kB
SwapTotal:        978940 kB
SwapFree:         695000 kB
Dirty:              3616 kB
Writeback:             0 kB
AnonPages:        695220 kB
Mapped:            67616 kB
Shmem:            109512 kB
Slab:              29804 kB
SReclaimable:      12992 kB
SUnreclaim:        16812 kB
KernelStack:        3544 kB
PageTables:         8284 kB
NFS_Unstable:          0 kB
Bounce:                0 kB
WritebackTmp:          0 kB
CommitLimit:     1485204 kB
Committed_AS:    2885004 kB
VmallocTotal:     122880 kB
VmallocUsed:       18548 kB
VmallocChunk:      97292 kB
HardwareCorrupted:     0 kB
HugePages_Total:       0
HugePages_Free:        0
HugePages_Rsvd:        0
HugePages_Surp:        0
Hugepagesize:       4096 kB
DirectMap4k:      909304 kB
DirectMap4M:           0 kB


CPU:total 2 (1 cores per cpu, 2 threads per core) family 6 model 28 stepping 2, cmov, cx8, fxsr, mmx, sse, sse2, sse3, ssse3, ht

/proc/cpuinfo:
processor	: 0
vendor_id	: GenuineIntel
cpu family	: 6
model		: 28
model name	: Intel(R) Atom(TM) CPU N270   @ 1.60GHz
stepping	: 2
cpu MHz		: 1600.000
cache size	: 512 KB
physical id	: 0
siblings	: 2
core id		: 0
cpu cores	: 1
apicid		: 0
initial apicid	: 0
fdiv_bug	: no
hlt_bug		: no
f00f_bug	: no
coma_bug	: no
fpu		: yes
fpu_exception	: yes
cpuid level	: 10
wp		: yes
flags		: fpu vme de tsc msr pae mce cx8 apic mtrr pge mca cmov pat clflush dts acpi mmx fxsr sse sse2 ss ht tm pbe constant_tsc arch_perfmon pebs bts aperfmperf pni dtes64 monitor ds_cpl est tm2 ssse3 xtpr pdcm movbe lahf_lm dts
bogomips	: 3192.02
clflush size	: 64
cache_alignment	: 64
address sizes	: 32 bits physical, 32 bits virtual
power management:

processor	: 1
vendor_id	: GenuineIntel
cpu family	: 6
model		: 28
model name	: Intel(R) Atom(TM) CPU N270   @ 1.60GHz
stepping	: 2
cpu MHz		: 1600.000
cache size	: 512 KB
physical id	: 0
siblings	: 2
core id		: 0
cpu cores	: 1
apicid		: 1
initial apicid	: 1
fdiv_bug	: no
hlt_bug		: no
f00f_bug	: no
coma_bug	: no
fpu		: yes
fpu_exception	: yes
cpuid level	: 10
wp		: yes
flags		: fpu vme de tsc msr pae mce cx8 apic mtrr pge mca cmov pat clflush dts acpi mmx fxsr sse sse2 ss ht tm pbe nx constant_tsc arch_perfmon pebs bts aperfmperf pni dtes64 monitor ds_cpl est tm2 ssse3 xtpr pdcm movbe lahf_lm dts
bogomips	: 3192.04
clflush size	: 64
cache_alignment	: 64
address sizes	: 32 bits physical, 32 bits virtual
power management:



Memory: 4k page, physical 1012532k(19228k free), swap 978940k(695000k free)

vm_info: Java HotSpot(TM) Client VM (20.1-b02) for linux-x86 JRE (1.6.0_26-b03), built on May  4 2011 01:23:42 by "java_re" with gcc 3.2.1-7a (J2SE release)

time: Tue Sep 20 21:31:53 2011
elapsed time: 893 seconds

