#
# A fatal error has been detected by the Java Runtime Environment:
#
#  SIGSEGV (0xb) at pc=0x00031302, pid=3967, tid=2920282992
#
# JRE version: 6.0_26-b03
# Java VM: Java HotSpot(TM) Client VM (20.1-b02 mixed mode, sharing linux-x86 )
# Problematic frame:
# C  0x00031302
[error occurred during error reporting (printing problematic frame), id 0xb]

# If you would like to submit a bug report, please visit:
#   http://java.sun.com/webapps/bugreport/crash.jsp
# The crash happened outside the Java Virtual Machine in native code.
# See problematic frame for where to report the bug.
#

---------------  T H R E A D  ---------------

Current thread (0x09ffd400):  JavaThread "Thread-1" [_thread_in_native, id=4101, stack(0xae0af000,0xae100000)]

siginfo:si_signo=SIGSEGV: si_errno=0, si_code=1 (SEGV_MAPERR), si_addr=0x00031302

Registers:
EAX=0xae0feda8, EBX=0xb3ab9ff4, ECX=0x09ffd520, EDX=0x8ed66cd8
ESP=0xae0fed8c, EBP=0xae0fedc8, ESI=0x09ffd520, EDI=0x09ffd400
EIP=0x00031302, EFLAGS=0x00010282, CR2=0x00031302

Top of Stack: (sp=0xae0fed8c)
0xae0fed8c:   b3a9ca50 09ffd520 ae0feda8 09ffd510
0xae0fed9c:   8ed2ff90 ae0fedc4 b35fca04 00010004
0xae0fedac:   8ed2aba0 8ed2ff7b 000000b9 b35fca08
0xae0fedbc:   b35fca04 8ed5d980 8ed5d978 ae0fedf8
0xae0fedcc:   b46cd0dd 09ffd520 ae0fee00 ae0fedd8
0xae0feddc:   00000000 ae0fee04 8ed66cd8 00000000
0xae0fedec:   8ed5d980 00000000 ae0fee08 ae0fee28
0xae0fedfc:   b46c604d 8ed647e0 b46cb3b9 ae0fee08 

Instructions: (pc=0x00031302)
0x000312e2:   
[error occurred during error reporting (printing registers, top of stack, instructions near pc), id 0xb]

Register to memory mapping:

EAX=0xae0feda8 is pointing into the stack for thread: 0x09ffd400
EBX=
[error occurred during error reporting (printing register info), id 0xb]

Stack: [0xae0af000,0xae100000],  sp=0xae0fed8c,  free space=319k
Native frames: (J=compiled Java code, j=interpreted, Vv=VM code, C=native code)
C  0x00031302
[error occurred during error reporting (printing native stack), id 0xb]

Java frames: (J=compiled Java code, j=interpreted, Vv=VM code)
j  org.lwjgl.opengl.LinuxDisplay.nLockAWT()V+0
j  org.lwjgl.opengl.LinuxDisplay.lockAWT()V+0
j  org.lwjgl.opengl.LinuxDisplay.resetDisplayMode()V+0
j  org.lwjgl.opengl.Display.reset()V+3
j  org.lwjgl.opengl.Display.access$000()V+0
j  org.lwjgl.opengl.Display$1.run()V+0
v  ~StubRoutines::call_stub

---------------  P R O C E S S  ---------------

Java Threads: ( => current thread )
=>0x09ffd400 JavaThread "Thread-1" [_thread_in_native, id=4101, stack(0xae0af000,0xae100000)]
  0x09973800 JavaThread "SIGTERM handler" daemon [_thread_blocked, id=4100, stack(0xb30ea000,0xb313b000)]
  0x09f34400 JavaThread "Thread-4" [_thread_blocked, id=4008, stack(0xb361d000,0xb366e000)]
  0x09bae000 JavaThread "TimerQueue" daemon [_thread_blocked, id=3992, stack(0xb313b000,0xb318c000)]
  0x09b7e400 JavaThread "SocketMessageRouter" daemon [_thread_in_native, id=3991, stack(0xb3449000,0xb349a000)]
  0x09babc00 JavaThread "AsynchronousHandler" daemon [_thread_blocked, id=3990, stack(0xb349a000,0xb34eb000)]
  0xb35d4c00 JavaThread "DestroyJavaVM" [_thread_blocked, id=3972, stack(0xb671a000,0xb676b000)]
  0xb3829400 JavaThread "AWT-EventQueue-0" [_thread_blocked, id=3988, stack(0xb366e000,0xb36bf000)]
  0xb3820800 JavaThread "AWT-Shutdown" [_thread_blocked, id=3987, stack(0xb3953000,0xb39a4000)]
  0xb3811c00 JavaThread "AWT-XAWT" daemon [_thread_in_native, id=3982, stack(0xb3abb000,0xb3b0c000)]
  0x09a9c400 JavaThread "Java2D Disposer" daemon [_thread_blocked, id=3981, stack(0xb3b40000,0xb3b91000)]
  0x0998f400 JavaThread "Low Memory Detector" daemon [_thread_blocked, id=3978, stack(0xb3de8000,0xb3e39000)]
  0x0998d800 JavaThread "C1 CompilerThread0" daemon [_thread_blocked, id=3977, stack(0xb3e39000,0xb3eba000)]
  0x0998bc00 JavaThread "Signal Dispatcher" daemon [_thread_blocked, id=3976, stack(0xb3eba000,0xb3f0b000)]
  0x09984400 JavaThread "Finalizer" daemon [_thread_blocked, id=3975, stack(0xb422b000,0xb427c000)]
  0x09983000 JavaThread "Reference Handler" daemon [_thread_blocked, id=3974, stack(0xb427c000,0xb42cd000)]

Other Threads:
  0x09978800 VMThread [stack: 0xb4499000,0xb451a000] [id=3973]
  0x0999b400 WatcherThread [stack: 0xb3d67000,0xb3de8000] [id=3979]

VM state:not at safepoint (normal execution)

VM Mutex/Monitor currently owned by a thread: None

Heap
 def new generation   total 7488K, used 4992K [0x7f4f0000, 0x7fd00000, 0x84790000)
  eden space 6720K,  62% used [0x7f4f0000, 0x7f910258, 0x7fb80000)
  from space 768K, 100% used [0x7fc40000, 0x7fd00000, 0x7fd00000)
  to   space 768K,   0% used [0x7fb80000, 0x7fb80000, 0x7fc40000)
 tenured generation   total 16380K, used 7889K [0x84790000, 0x8578f000, 0x8ecf0000)
   the space 16380K,  48% used [0x84790000, 0x84f44708, 0x84f44800, 0x8578f000)
 compacting perm gen  total 12288K, used 3812K [0x8ecf0000, 0x8f8f0000, 0x92cf0000)
   the space 12288K,  31% used [0x8ecf0000, 0x8f0a90c8, 0x8f0a9200, 0x8f8f0000)
    ro space 10240K,  61% used [0x92cf0000, 0x93319d08, 0x93319e00, 0x936f0000)
    rw space 12288K,  60% used [0x936f0000, 0x93e2c660, 0x93e2c800, 0x942f0000)

Code Cache  [0xb46c3000, 0xb4883000, 0xb66c3000)
 total_blobs=1004 nmethods=693 adapters=247 free_code_cache=31748928 largest_free_block=64

Dynamic libraries:
08048000-08052000 r-xp 00000000 08:02 969303     /usr/lib/jvm/java-6-sun-1.6.0.26/jre/bin/java
08052000-08053000 rwxp 00009000 08:02 969303     /usr/lib/jvm/java-6-sun-1.6.0.26/jre/bin/java
0994f000-0a050000 rwxp 00000000 00:00 0          [heap]
7f4f0000-7fd00000 rwxp 00000000 00:00 0 
7fd00000-84790000 rwxp 00000000 00:00 0 
84790000-8578f000 rwxp 00000000 00:00 0 
8578f000-85873000 ---p 00000000 00:00 0 
85873000-8ecf0000 rwxp 00000000 00:00 0 
8ecf0000-8f8f0000 rwxp 00000000 00:00 0 
8f8f0000-92cf0000 rwxp 00000000 00:00 0 
92cf0000-9331a000 r-xs 00001000 08:02 970090     /usr/lib/jvm/java-6-sun-1.6.0.26/jre/lib/i386/client/classes.jsa
9331a000-936f0000 rwxp 00000000 00:00 0 
936f0000-93e2d000 rwxp 0062b000 08:02 970090     /usr/lib/jvm/java-6-sun-1.6.0.26/jre/lib/i386/client/classes.jsa
93e2d000-942f0000 rwxp 00000000 00:00 0 
942f0000-943d2000 rwxp 00d68000 08:02 970090     /usr/lib/jvm/java-6-sun-1.6.0.26/jre/lib/i386/client/classes.jsa
943d2000-946f0000 rwxp 00000000 00:00 0 
946f0000-946f8000 r-xs 00e4a000 08:02 970090     /usr/lib/jvm/java-6-sun-1.6.0.26/jre/lib/i386/client/classes.jsa
946f8000-94af0000 rwxp 00000000 00:00 0 
adfbc000-adfbf000 ---p 00000000 00:00 0 
adfbf000-ae00d000 rwxp 00000000 00:00 0 
ae00d000-ae010000 ---p 00000000 00:00 0 
ae010000-ae05e000 rwxp 00000000 00:00 0 
ae05e000-ae061000 ---p 00000000 00:00 0 
ae061000-ae0af000 rwxp 00000000 00:00 0 
ae0af000-ae0b2000 ---p 00000000 00:00 0 
ae0b2000-ae100000 rwxp 00000000 00:00 0 
ae100000-ae170000 rwxp 00000000 00:00 0 
ae170000-ae200000 ---p 00000000 00:00 0 
ae206000-aec06000 rwxp 00000000 00:00 0 
aec06000-aed06000 rwxs 5650c000 00:05 7167       /dev/dri/card0
aed06000-aee08000 rwxp 00000000 00:00 0 
aee08000-aef08000 rwxs 5640c000 00:05 7167       /dev/dri/card0
aef08000-af00a000 rwxp 00000000 00:00 0 
af00a000-af10a000 rwxs 5630c000 00:05 7167       /dev/dri/card0
af10a000-af20c000 rwxp 00000000 00:00 0 
af20c000-af22c000 r-xs 00000000 08:02 167202     /usr/share/texmf/fonts/type1/public/tex-gyre/qcsb.pfb
af22c000-af247000 r-xs 00000000 08:02 981179     /usr/share/fonts/type1/gsfonts/p052004l.pfb
af247000-af260000 r-xs 00000000 08:02 981239     /usr/share/fonts/type1/gsfonts/n021004l.pfb
af260000-af281000 r-xs 00000000 08:02 167227     /usr/share/texmf/fonts/type1/public/tex-gyre/qtmr.pfb
af281000-af2a1000 r-xs 00000000 08:02 167205     /usr/share/texmf/fonts/type1/public/tex-gyre/qcsri.pfb
af2a1000-af2bb000 r-xs 00000000 08:02 167130     /usr/share/texmf/fonts/type1/public/tex-gyre/qagbi.pfb
af2bb000-af2cd000 r-xs 00000000 08:02 981206     /usr/share/fonts/type1/gsfonts/n019044l.pfb
af2cd000-af2de000 r-xs 00000000 08:02 981221     /usr/share/fonts/type1/gsfonts/n019024l.pfb
af2de000-af2f9000 r-xs 00000000 08:02 167220     /usr/share/texmf/fonts/type1/public/tex-gyre/qhvri.pfb
af2f9000-af309000 r-xs 00000000 08:02 981200     /usr/share/fonts/type1/gsfonts/a010033l.pfb
af309000-af32a000 r-xs 00000000 08:02 167197     /usr/share/texmf/fonts/type1/public/tex-gyre/qbkri.pfb
af32a000-af33f000 r-xs 00000000 08:02 981170     /usr/share/fonts/type1/gsfonts/b018032l.pfb
af33f000-af35b000 r-xs 00000000 08:02 167208     /usr/share/texmf/fonts/type1/public/tex-gyre/qhvcb.pfb
af35b000-af372000 r-xs 00000000 08:02 981190     /usr/share/fonts/type1/gsfonts/n021023l.pfb
af372000-af38c000 r-xs 00000000 08:02 167211     /usr/share/texmf/fonts/type1/public/tex-gyre/qhvcri.pfb
af38c000-af395000 r-xs 00000000 08:02 962071     /usr/share/fonts/X11/Type1/c0632bt_.pfb
af395000-af3af000 r-xs 00000000 08:02 981178     /usr/share/fonts/type1/gsfonts/c059013l.pfb
af3af000-af3c6000 r-xs 00000000 08:02 981241     /usr/share/fonts/type1/gsfonts/z003034l.pfb
af3c6000-af3e1000 r-xs 00000000 08:02 167209     /usr/share/texmf/fonts/type1/public/tex-gyre/qhvcbi.pfb
af3e1000-af404000 r-xs 00000000 08:02 167222     /usr/share/texmf/fonts/type1/public/tex-gyre/qplbi.pfb
af404000-af416000 r-xs 00000000 08:02 981210     /usr/share/fonts/type1/gsfonts/n019004l.pfb
af416000-af422000 r-xs 00000000 08:02 981165     /usr/share/fonts/type1/gsfonts/d050000l.pfb
af422000-af438000 r-xs 00000000 08:02 981185     /usr/share/fonts/type1/gsfonts/n021024l.pfb
af438000-af44c000 r-xs 00000000 08:02 981171     /usr/share/fonts/type1/gsfonts/n019003l.pfb
af44c000-af455000 r-xs 00000000 08:02 962079     /usr/share/fonts/X11/Type1/c0633bt_.pfb
af455000-af46d000 r-xs 00000000 08:02 977440     /usr/share/fonts/type1/gsfonts/c059033l.pfb
af46d000-af48f000 r-xs 00000000 08:02 167224     /usr/share/texmf/fonts/type1/public/tex-gyre/qplri.pfb
af48f000-af4af000 r-xs 00000000 08:02 167228     /usr/share/texmf/fonts/type1/public/tex-gyre/qtmri.pfb
af4af000-af4c0000 r-xs 00000000 08:02 981195     /usr/share/fonts/type1/gsfonts/n019023l.pfb
af4c0000-af4e0000 r-xs 00000000 08:02 167199     /usr/share/texmf/fonts/type1/public/tex-gyre/qcrbi.pfb
af4e0000-af500000 r-xs 00000000 08:02 167193     /usr/share/texmf/fonts/type1/public/tex-gyre/qbkb.pfb
af500000-af512000 r-xs 00000000 08:02 981245     /usr/share/fonts/type1/gsfonts/n019043l.pfb
af512000-af525000 r-xs 00000000 08:02 981217     /usr/share/fonts/type1/gsfonts/n019064l.pfb
af525000-af52e000 r-xs 00000000 08:02 961681     /usr/share/fonts/X11/Type1/c0649bt_.pfb
af52e000-af54f000 r-xs 00000000 08:02 167225     /usr/share/texmf/fonts/type1/public/tex-gyre/qtmb.pfb
af54f000-af567000 r-xs 00000000 08:02 981197     /usr/share/fonts/type1/gsfonts/n022003l.pfb
af567000-af580000 r-xs 00000000 08:02 977431     /usr/share/fonts/type1/gsfonts/n021003l.pfb
af580000-af593000 r-xs 00000000 08:02 981180     /usr/share/fonts/type1/gsfonts/b018015l.pfb
af593000-af5af000 r-xs 00000000 08:02 981199     /usr/share/fonts/type1/gsfonts/p052024l.pfb
af5af000-af5c5000 r-xs 00000000 08:02 981238     /usr/share/fonts/type1/gsfonts/n022023l.pfb
af5c5000-af5e5000 r-xs 00000000 08:02 167204     /usr/share/texmf/fonts/type1/public/tex-gyre/qcsr.pfb
af5e5000-af5f7000 r-xs 00000000 08:02 981202     /usr/share/fonts/type1/gsfonts/b018035l.pfb
af5f7000-af612000 r-xs 00000000 08:02 981169     /usr/share/fonts/type1/gsfonts/p052003l.pfb
af612000-af631000 r-xs 00000000 08:02 167200     /usr/share/texmf/fonts/type1/public/tex-gyre/qcrr.pfb
af631000-af653000 r-xs 00000000 08:02 167223     /usr/share/texmf/fonts/type1/public/tex-gyre/qplr.pfb
af653000-af66f000 r-xs 00000000 08:02 167206     /usr/share/texmf/fonts/type1/public/tex-gyre/qhvb.pfb
af66f000-af68e000 r-xs 00000000 08:02 167201     /usr/share/texmf/fonts/type1/public/tex-gyre/qcrri.pfb
af68e000-af6aa000 r-xs 00000000 08:02 164223     /usr/share/texmf/fonts/type1/public/tex-gyre/qagb.pfb
af6aa000-af6ba000 r-xs 00000000 08:02 981247     /usr/share/fonts/type1/gsfonts/a010013l.pfb
af6ba000-af6c4000 r-xs 00000000 08:02 961860     /usr/share/fonts/X11/Type1/c0419bt_.pfb
af6c4000-af6df000 r-xs 00000000 08:02 981172     /usr/share/fonts/type1/gsfonts/p052023l.pfb
af6df000-af6ef000 r-xs 00000000 08:02 981212     /usr/share/fonts/type1/gsfonts/a010015l.pfb
af6ef000-af70a000 r-xs 00000000 08:02 977441     /usr/share/fonts/type1/gsfonts/c059016l.pfb
af70a000-af72a000 r-xs 00000000 08:02 167198     /usr/share/texmf/fonts/type1/public/tex-gyre/qcrb.pfb
af72a000-af745000 r-xs 00000000 08:02 167210     /usr/share/texmf/fonts/type1/public/tex-gyre/qhvcr.pfb
af745000-af767000 r-xs 00000000 08:02 167221     /usr/share/texmf/fonts/type1/public/tex-gyre/qplb.pfb
af767000-af781000 r-xs 00000000 08:02 167207     /usr/share/texmf/fonts/type1/public/tex-gyre/qhvbi.pfb
af781000-af78b000 r-xs 00000000 08:02 1099930    /usr/share/fonts/type1/mathml/Symbol.pfb
af78b000-af7a4000 r-xs 00000000 08:02 981216     /usr/share/fonts/type1/gsfonts/n022004l.pfb
af7a4000-af7b5000 r-xs 00000000 08:02 981218     /usr/share/fonts/type1/gsfonts/n019063l.pfb
af7b5000-af7bf000 r-xs 00000000 08:02 962078     /usr/share/fonts/X11/Type1/c0582bt_.pfb
af7bf000-af7c8000 r-xs 00000000 08:02 962073     /usr/share/fonts/X11/Type1/c0648bt_.pfb
af7c8000-af7e9000 r-xs 00000000 08:02 167203     /usr/share/texmf/fonts/type1/public/tex-gyre/qcsbi.pfb
af7e9000-af7f3000 r-xs 00000000 08:02 962070     /usr/share/fonts/X11/Type1/c0611bt_.pfb
af7f3000-af813000 r-xs 00000000 08:02 167226     /usr/share/texmf/fonts/type1/public/tex-gyre/qtmbi.pfb
af813000-af81d000 r-xs 00000000 08:02 962077     /usr/share/fonts/X11/Type1/c0583bt_.pfb
af81d000-af836000 r-xs 00000000 08:02 167187     /usr/share/texmf/fonts/type1/public/tex-gyre/qagri.pfb
af836000-af851000 r-xs 00000000 08:02 167186     /usr/share/texmf/fonts/type1/public/tex-gyre/qagr.pfb
af851000-af85a000 r-xs 00000000 08:02 981196     /usr/share/fonts/type1/gsfonts/s050000l.pfb
af85a000-af870000 r-xs 00000000 08:02 981182     /usr/share/fonts/type1/gsfonts/n022024l.pfb
af870000-af890000 r-xs 00000000 08:02 167195     /usr/share/texmf/fonts/type1/public/tex-gyre/qbkbi.pfb
af890000-af8b0000 r-xs 00000000 08:02 167196     /usr/share/texmf/fonts/type1/public/tex-gyre/qbkr.pfb
af8b0000-af8c8000 r-xs 00000000 08:02 981232     /usr/share/fonts/type1/gsfonts/c059036l.pfb
af8c8000-af8e3000 r-xs 00000000 08:02 167218     /usr/share/texmf/fonts/type1/public/tex-gyre/qhvr.pfb
af8e3000-af900000 r-xs 00000000 08:02 123687     /usr/share/texmf/fonts/type1/public/lm/lmtk10.pfb
af900000-af91f000 r-xs 00000000 08:02 123624     /usr/share/texmf/fonts/type1/public/lm/lmbx8.pfb
af91f000-af93e000 r-xs 00000000 08:02 123676     /usr/share/texmf/fonts/type1/public/lm/lmssqbo8.pfb
af93e000-af959000 r-xs 00000000 08:02 123672     /usr/share/texmf/fonts/type1/public/lm/lmsso17.pfb
af959000-af974000 r-xs 00000000 08:02 123685     /usr/share/texmf/fonts/type1/public/lm/lmtcsc10.pfb
af974000-af97c000 r-xs 00000000 08:02 123639     /usr/share/texmf/fonts/type1/public/lm/lmmi9.pfb
af97c000-af99b000 r-xs 00000000 08:02 123698     /usr/share/texmf/fonts/type1/public/lm/lmtto10.pfb
af99b000-af9bd000 r-xs 00000000 08:02 123691     /usr/share/texmf/fonts/type1/public/lm/lmtlco10.pfb
af9bd000-af9c4000 r-xs 00000000 08:02 123684     /usr/share/texmf/fonts/type1/public/lm/lmsy9.pfb
af9c4000-af9dc000 r-xs 00000000 08:02 123662     /usr/share/texmf/fonts/type1/public/lm/lmss12.pfb
af9dc000-af9f7000 r-xs 00000000 08:02 123670     /usr/share/texmf/fonts/type1/public/lm/lmsso10.pfb
af9f7000-afa14000 r-xs 00000000 08:02 123628     /usr/share/texmf/fonts/type1/public/lm/lmcsc10.pfb
afa14000-afa31000 r-xs 00000000 08:02 123695     /usr/share/texmf/fonts/type1/public/lm/lmtt8.pfb
afa31000-afa4f000 r-xs 00000000 08:02 123649     /usr/share/texmf/fonts/type1/public/lm/lmr8.pfb
afa4f000-afa6f000 r-xs 00000000 08:02 123678     /usr/share/texmf/fonts/type1/public/lm/lmssqo8.pfb
afa6f000-afa8b000 r-xs 00000000 08:02 123699     /usr/share/texmf/fonts/type1/public/lm/lmu10.pfb
afa8b000-afaac000 r-xs 00000000 08:02 123629     /usr/share/texmf/fonts/type1/public/lm/lmcsco10.pfb
afaac000-afab4000 r-xs 00000000 08:02 123618     /usr/share/texmf/fonts/type1/public/lm/lmbsy7.pfb
afab4000-afacc000 r-xs 00000000 08:02 123664     /usr/share/texmf/fonts/type1/public/lm/lmss8.pfb
afacc000-afae4000 r-xs 00000000 08:02 123661     /usr/share/texmf/fonts/type1/public/lm/lmss10.pfb
afae4000-afb06000 r-xs 00000000 08:02 123669     /usr/share/texmf/fonts/type1/public/lm/lmssdo10.pfb
afb06000-afb24000 r-xs 00000000 08:02 123702     /usr/share/texmf/fonts/type1/public/lm/lmvtl10.pfb
afb24000-afb45000 r-xs 00000000 08:02 123705     /usr/share/texmf/fonts/type1/public/lm/lmvtto10.pfb
afb45000-afb4d000 r-xs 00000000 08:02 123642     /usr/share/texmf/fonts/type1/public/lm/lmmib7.pfb
afb4d000-afb55000 r-xs 00000000 08:02 123641     /usr/share/texmf/fonts/type1/public/lm/lmmib5.pfb
afb55000-afb73000 r-xs 00000000 08:02 123650     /usr/share/texmf/fonts/type1/public/lm/lmr9.pfb
afb73000-afb8e000 r-xs 00000000 08:02 123655     /usr/share/texmf/fonts/type1/public/lm/lmri9.pfb
afb8e000-afb95000 r-xs 00000000 08:02 123616     /usr/share/texmf/fonts/type1/public/lm/lmbsy10.pfb
afb95000-afbb0000 r-xs 00000000 08:02 123696     /usr/share/texmf/fonts/type1/public/lm/lmtt9.pfb
afbb0000-afbd3000 r-xs 00000000 08:02 123688     /usr/share/texmf/fonts/type1/public/lm/lmtko10.pfb
afbd3000-afbf5000 r-xs 00000000 08:02 123615     /usr/share/texmf/fonts/type1/public/lm/lmbo10.pfb
afbf5000-afc0f000 r-xs 00000000 08:02 123689     /usr/share/texmf/fonts/type1/public/lm/lmtl10.pfb
afc0f000-afc17000 r-xs 00000000 08:02 123635     /usr/share/texmf/fonts/type1/public/lm/lmmi5.pfb
afc17000-afc35000 r-xs 00000000 08:02 123623     /usr/share/texmf/fonts/type1/public/lm/lmbx7.pfb
afc35000-afc3c000 r-xs 00000000 08:02 123683     /usr/share/texmf/fonts/type1/public/lm/lmsy8.pfb
afc3c000-afc5e000 r-xs 00000000 08:02 123703     /usr/share/texmf/fonts/type1/public/lm/lmvtlo10.pfb
afc5e000-afc80000 r-xs 00000000 08:02 123660     /usr/share/texmf/fonts/type1/public/lm/lmro9.pfb
afc80000-afc9f000 r-xs 00000000 08:02 123647     /usr/share/texmf/fonts/type1/public/lm/lmr6.pfb
afc9f000-afcbd000 r-xs 00000000 08:02 123646     /usr/share/texmf/fonts/type1/public/lm/lmr5.pfb
afcbd000-afcd6000 r-xs 00000000 08:02 123697     /usr/share/texmf/fonts/type1/public/lm/lmtti10.pfb
afcd6000-afcf7000 r-xs 00000000 08:02 123658     /usr/share/texmf/fonts/type1/public/lm/lmro17.pfb
afcf7000-afcff000 r-xs 00000000 08:02 123634     /usr/share/texmf/fonts/type1/public/lm/lmmi12.pfb
afcff000-afd1a000 r-xs 00000000 08:02 123694     /usr/share/texmf/fonts/type1/public/lm/lmtt12.pfb
afd1a000-afd39000 r-xs 00000000 08:02 123692     /usr/share/texmf/fonts/type1/public/lm/lmtlo10.pfb
afd39000-afd57000 r-xs 00000000 08:02 123619     /usr/share/texmf/fonts/type1/public/lm/lmbx10.pfb
afd57000-afd5f000 r-xs 00000000 08:02 123638     /usr/share/texmf/fonts/type1/public/lm/lmmi8.pfb
afd5f000-afd7d000 r-xs 00000000 08:02 123645     /usr/share/texmf/fonts/type1/public/lm/lmr17.pfb
afd7d000-afda1000 r-xs 00000000 08:02 123631     /usr/share/texmf/fonts/type1/public/lm/lmduno10.pfb
afda1000-afda9000 r-xs 00000000 08:02 123636     /usr/share/texmf/fonts/type1/public/lm/lmmi6.pfb
afda9000-afdc8000 r-xs 00000000 08:02 123622     /usr/share/texmf/fonts/type1/public/lm/lmbx6.pfb
afdc8000-afde6000 r-xs 00000000 08:02 123667     /usr/share/texmf/fonts/type1/public/lm/lmssbx10.pfb
afde6000-afe07000 r-xs 00000000 08:02 123656     /usr/share/texmf/fonts/type1/public/lm/lmro10.pfb
afe07000-afe24000 r-xs 00000000 08:02 123668     /usr/share/texmf/fonts/type1/public/lm/lmssdc10.pfb
afe24000-afe45000 r-xs 00000000 08:02 123659     /usr/share/texmf/fonts/type1/public/lm/lmro8.pfb
afe45000-afe64000 r-xs 00000000 08:02 123700     /usr/share/texmf/fonts/type1/public/lm/lmvtk10.pfb
afe64000-afe6c000 r-xs 00000000 08:02 123617     /usr/share/texmf/fonts/type1/public/lm/lmbsy5.pfb
afe6c000-afe89000 r-xs 00000000 08:02 123620     /usr/share/texmf/fonts/type1/public/lm/lmbx12.pfb
afe89000-afea1000 r-xs 00000000 08:02 123663     /usr/share/texmf/fonts/type1/public/lm/lmss17.pfb
afea1000-afec0000 r-xs 00000000 08:02 123630     /usr/share/texmf/fonts/type1/public/lm/lmdunh10.pfb
afec0000-afedb000 r-xs 00000000 08:02 123654     /usr/share/texmf/fonts/type1/public/lm/lmri8.pfb
afedb000-afee2000 r-xs 00000000 08:02 123679     /usr/share/texmf/fonts/type1/public/lm/lmsy10.pfb
afee2000-aff01000 r-xs 00000000 08:02 123625     /usr/share/texmf/fonts/type1/public/lm/lmbx9.pfb
aff01000-aff23000 r-xs 00000000 08:02 123627     /usr/share/texmf/fonts/type1/public/lm/lmbxo10.pfb
aff23000-aff3f000 r-xs 00000000 08:02 123644     /usr/share/texmf/fonts/type1/public/lm/lmr12.pfb
aff3f000-aff5a000 r-xs 00000000 08:02 123674     /usr/share/texmf/fonts/type1/public/lm/lmsso9.pfb
aff5a000-aff76000 r-xs 00000000 08:02 123651     /usr/share/texmf/fonts/type1/public/lm/lmri10.pfb
aff76000-aff7e000 r-xs 00000000 08:02 123640     /usr/share/texmf/fonts/type1/public/lm/lmmib10.pfb
aff7e000-aff9b000 r-xs 00000000 08:02 123621     /usr/share/texmf/fonts/type1/public/lm/lmbx5.pfb
aff9b000-b019b000 rwxs 560bc000 00:05 7167       /dev/dri/card0
b019b000-b01bb000 rwxs 5437e000 00:05 7167       /dev/dri/card0
b01bb000-b01db000 rwxs 54684000 00:05 7167       /dev/dri/card0
b01db000-b05db000 rwxs 55bac000 00:05 7167       /dev/dri/card0
b05f3000-b0610000 r-xs 00000000 08:02 123677     /usr/share/texmf/fonts/type1/public/lm/lmssqbx8.pfb
b0610000-b0617000 r-xs 00000000 08:02 123682     /usr/share/texmf/fonts/type1/public/lm/lmsy7.pfb
b0617000-b0632000 r-xs 00000000 08:02 123673     /usr/share/texmf/fonts/type1/public/lm/lmsso8.pfb
b0632000-b0657000 r-xs 00000000 08:02 123701     /usr/share/texmf/fonts/type1/public/lm/lmvtko10.pfb
b0657000-b0697000 rwxs 562bc000 00:05 7167       /dev/dri/card0
b0697000-b069b000 rwxs 53e7d000 00:05 7167       /dev/dri/card0
b069b000-b06a3000 rwxs 53e8d000 00:05 7167       /dev/dri/card0
b06a3000-b06ab000 rwxs 543ae000 00:05 7167       /dev/dri/card0
b06c2000-b06c6000 rwxs 54178000 00:05 7167       /dev/dri/card0
b06c6000-b06e1000 r-xs 00000000 08:02 123652     /usr/share/texmf/fonts/type1/public/lm/lmri12.pfb
b06e1000-b06f9000 r-xs 00000000 08:02 123665     /usr/share/texmf/fonts/type1/public/lm/lmss9.pfb
b06f9000-b0700000 r-xs 00000000 08:02 123681     /usr/share/texmf/fonts/type1/public/lm/lmsy6.pfb
b0700000-b071e000 r-xs 00000000 08:02 123643     /usr/share/texmf/fonts/type1/public/lm/lmr10.pfb
b071e000-b0724000 r-xs 00000000 08:02 123632     /usr/share/texmf/fonts/type1/public/lm/lmex10.pfb
b0724000-b0743000 r-xs 00000000 08:02 123657     /usr/share/texmf/fonts/type1/public/lm/lmro12.pfb
b0743000-b0763000 r-xs 00000000 08:02 123686     /usr/share/texmf/fonts/type1/public/lm/lmtcso10.pfb
b0763000-b0780000 r-xs 00000000 08:02 123704     /usr/share/texmf/fonts/type1/public/lm/lmvtt10.pfb
b0780000-b07a2000 r-xs 00000000 08:02 123666     /usr/share/texmf/fonts/type1/public/lm/lmssbo10.pfb
b07a2000-b07be000 r-xs 00000000 08:02 123693     /usr/share/texmf/fonts/type1/public/lm/lmtt10.pfb
b07be000-b07c6000 r-xs 00000000 08:02 123633     /usr/share/texmf/fonts/type1/public/lm/lmmi10.pfb
b07c6000-b07e2000 r-xs 00000000 08:02 123626     /usr/share/texmf/fonts/type1/public/lm/lmbxi10.pfb
b07e2000-b07e9000 r-xs 00000000 08:02 123680     /usr/share/texmf/fonts/type1/public/lm/lmsy5.pfb
b07e9000-b0807000 r-xs 00000000 08:02 123648     /usr/share/texmf/fonts/type1/public/lm/lmr7.pfb
b0807000-b0824000 r-xs 00000000 08:02 123675     /usr/share/texmf/fonts/type1/public/lm/lmssq8.pfb
b0824000-b082c000 r-xs 00000000 08:02 123637     /usr/share/texmf/fonts/type1/public/lm/lmmi7.pfb
b082c000-b0848000 r-xs 00000000 08:02 123653     /usr/share/texmf/fonts/type1/public/lm/lmri7.pfb
b0848000-b0863000 r-xs 00000000 08:02 123671     /usr/share/texmf/fonts/type1/public/lm/lmsso12.pfb
b0865000-b0869000 rwxs 53ec1000 00:05 7167       /dev/dri/card0
b0869000-b086d000 rwxs 53e9d000 00:05 7167       /dev/dri/card0
b086d000-b0871000 rwxs 53ea9000 00:05 7167       /dev/dri/card0
b0871000-b0875000 rwxs 54678000 00:05 7167       /dev/dri/card0
b0875000-b088a000 r-xp 00000000 08:02 1100612    /usr/lib/jvm/java-6-sun-1.6.0.26/jre/lib/i386/libdcpr.so
b088a000-b089d000 rwxp 00014000 08:02 1100612    /usr/lib/jvm/java-6-sun-1.6.0.26/jre/lib/i386/libdcpr.so
b089d000-b08ad000 rwxs 562fc000 00:05 7167       /dev/dri/card0
b08ad000-b08bd000 rwxs 560ac000 00:05 7167       /dev/dri/card0
b08bd000-b08cd000 rwxs 5609c000 00:05 7167       /dev/dri/card0
b08cd000-b08dd000 rwxs 5608c000 00:05 7167       /dev/dri/card0
b08dd000-b08ed000 rwxs 5439e000 00:05 7167       /dev/dri/card0
b08ed000-b08fd000 rwxs 53eb1000 00:05 7167       /dev/dri/card0
b08fd000-b091d000 rwxs 5606c000 00:05 7167       /dev/dri/card0
b091d000-b093d000 rwxs 5604c000 00:05 7167       /dev/dri/card0
b093d000-b095d000 rwxs 5602c000 00:05 7167       /dev/dri/card0
b095d000-b097d000 rwxs 5600c000 00:05 7167       /dev/dri/card0
b097d000-b099d000 rwxs 55fec000 00:05 7167       /dev/dri/card0
b099d000-b09dd000 rwxs 55fac000 00:05 7167       /dev/dri/card0
b09dd000-b0a5d000 rwxs 55b2c000 00:05 7167       /dev/dri/card0
b0a5d000-b0add000 rwxs 55aac000 00:05 7167       /dev/dri/card0
b0add000-b0b5d000 rwxs 55a2c000 00:05 7167       /dev/dri/card0
b0b5d000-b0bdd000 rwxs 559ac000 00:05 7167       /dev/dri/card0
b0bdd000-b0c5d000 rwxs 5592c000 00:05 7167       /dev/dri/card0
b0c5d000-b0cdd000 rwxs 558ac000 00:05 7167       /dev/dri/card0
b0cdd000-b0ce5000 rwxs 54660000 00:05 7167       /dev/dri/card0
b0ce5000-b0ced000 rwxs 54658000 00:05 7167       /dev/dri/card0
b0ced000-b0d2d000 rwxs 54618000 00:05 7167       /dev/dri/card0
b0d2d000-b0d6d000 rwxs 545d8000 00:05 7167       /dev/dri/card0
b0d6d000-b0e6d000 rwxs 557ac000 00:05 7167       /dev/dri/card0
b0e6d000-b0f6d000 rwxs 556ac000 00:05 7167       /dev/dri/card0
b0f6d000-b106d000 rwxs 555ac000 00:05 7167       /dev/dri/card0
b106d000-b116d000 rwxs 554ac000 00:05 7167       /dev/dri/card0
b116d000-b126d000 rwxs 553ac000 00:05 7167       /dev/dri/card0
b126d000-b136d000 rwxs 552ac000 00:05 7167       /dev/dri/card0
b136d000-b146d000 rwxs 551ac000 00:05 7167       /dev/dri/card0
b146d000-b156d000 rwxs 550ac000 00:05 7167       /dev/dri/card0
b156d000-b166d000 rwxs 54fac000 00:05 7167       /dev/dri/card0
b166d000-b176d000 rwxs 54eac000 00:05 7167       /dev/dri/card0
b176d000-b186d000 rwxs 54dac000 00:05 7167       /dev/dri/card0
b186d000-b196d000 rwxs 54cac000 00:05 7167       /dev/dri/card0
b196d000-b1a6d000 rwxs 54bac000 00:05 7167       /dev/dri/card0
b1a6d000-b1b6d000 rwxs 54aac000 00:05 7167       /dev/dri/card0
b1b6d000-b1c6d000 rwxs 549ac000 00:05 7167       /dev/dri/card0
b1c6d000-b1d6d000 rwxs 546a8000 00:05 7167       /dev/dri/card0
b1d6d000-b1e6d000 rwxs 548ac000 00:05 7167       /dev/dri/card0
b1e6f000-b1f6f000 rwxs 547a8000 00:05 7167       /dev/dri/card0
b1f6f000-b2d5c000 rwxp 00000000 00:00 0 
b2d5c000-b2d82000 r-xp 00000000 08:02 1132466    /lib/i386-linux-gnu/libexpat.so.1.5.2
b2d82000-b2d83000 ---p 00026000 08:02 1132466    /lib/i386-linux-gnu/libexpat.so.1.5.2
b2d83000-b2d85000 r-xp 00026000 08:02 1132466    /lib/i386-linux-gnu/libexpat.so.1.5.2
b2d85000-b2d86000 rwxp 00028000 08:02 1132466    /lib/i386-linux-gnu/libexpat.so.1.5.2
b2d88000-b2d90000 rwxs 54670000 00:05 7167       /dev/dri/card0
b2d90000-b2da0000 rwxs 545c8000 00:05 7167       /dev/dri/card0
b2da0000-b2e8a000 r-xp 00000000 08:02 838951     /usr/lib/dri/libglsl.so
b2e8a000-b2e8e000 r-xp 000ea000 08:02 838951     /usr/lib/dri/libglsl.so
b2e8e000-b2e8f000 rwxp 000ee000 08:02 838951     /usr/lib/dri/libglsl.so
b2e8f000-b2e90000 rwxp 00000000 00:00 0 
b2e90000-b306b000 r-xp 00000000 08:02 839124     /usr/lib/dri/libdricore.so
b306b000-b3071000 r-xp 001db000 08:02 839124     /usr/lib/dri/libdricore.so
b3071000-b3073000 rwxp 001e1000 08:02 839124     /usr/lib/dri/libdricore.so
b3073000-b3083000 rwxp 00000000 00:00 0 
b3083000-b30e7000 r-xp 00000000 08:02 838933     /usr/lib/dri/i915_dri.so
b30e7000-b30e9000 r-xp 00064000 08:02 838933     /usr/lib/dri/i915_dri.so
b30e9000-b30ea000 rwxp 00066000 08:02 838933     /usr/lib/dri/i915_dri.so
b30ea000-b30ed000 ---p 00000000 00:00 0 
b30ed000-b313b000 rwxp 00000000 00:00 0 
b313b000-b313e000 ---p 00000000 00:00 0 
b313e000-b318c000 rwxp 00000000 00:00 0 
b318c000-b3347000 rwxs 00000000 00:04 12255269   /SYSV00000000 (deleted)
b3347000-b3449000 rwxp 00000000 00:00 0 
b3449000-b344c000 ---p 00000000 00:00 0 
b344c000-b349a000 rwxp 00000000 00:00 0 
b349a000-b349d000 ---p 00000000 00:00 0 
b349d000-b34eb000 rwxp 00000000 00:00 0 
b34eb000-b34fc000 r-xp 00000000 08:02 1132059    /lib/i386-linux-gnu/libresolv-2.13.so
b34fc000-b34fd000 r-xp 00010000 08:02 1132059    /lib/i386-linux-gnu/libresolv-2.13.so
b34fd000-b34fe000 rwxp 00011000 08:02 1132059    /lib/i386-linux-gnu/libresolv-2.13.so
b34fe000-b3500000 rwxp 00000000 00:00 0 
b3500000-b35fd000 rwxp 00000000 00:00 0 
b35fd000-b3600000 ---p 00000000 00:00 0 
b3603000-b360b000 rwxs 54668000 00:05 7167       /dev/dri/card0
b360b000-b3613000 rwxs 545c0000 00:05 7167       /dev/dri/card0
b3613000-b3617000 r-xp 00000000 08:02 1132072    /lib/i386-linux-gnu/libnss_dns-2.13.so
b3617000-b3618000 r-xp 00004000 08:02 1132072    /lib/i386-linux-gnu/libnss_dns-2.13.so
b3618000-b3619000 rwxp 00005000 08:02 1132072    /lib/i386-linux-gnu/libnss_dns-2.13.so
b3619000-b361b000 r-xp 00000000 08:02 1134975    /lib/libnss_mdns4_minimal.so.2
b361b000-b361c000 r-xp 00001000 08:02 1134975    /lib/libnss_mdns4_minimal.so.2
b361c000-b361d000 rwxp 00002000 08:02 1134975    /lib/libnss_mdns4_minimal.so.2
b361d000-b3620000 ---p 00000000 00:00 0 
b3620000-b366e000 rwxp 00000000 00:00 0 
b366e000-b3671000 ---p 00000000 00:00 0 
b3671000-b36bf000 rwxp 00000000 00:00 0 
b36bf000-b379e000 r-xp 00000000 08:02 840824     /usr/lib/i386-linux-gnu/libstdc++.so.6.0.14
b379e000-b37a2000 r-xp 000de000 08:02 840824     /usr/lib/i386-linux-gnu/libstdc++.so.6.0.14
b37a2000-b37a3000 rwxp 000e2000 08:02 840824     /usr/lib/i386-linux-gnu/libstdc++.so.6.0.14
b37a3000-b37aa000 rwxp 00000000 00:00 0 
b37aa000-b37f3000 r-xp 00000000 08:02 855147     /usr/lib/mesa/libGL.so.1.2
b37f3000-b37f4000 ---p 00049000 08:02 855147     /usr/lib/mesa/libGL.so.1.2
b37f4000-b37f9000 r-xp 00049000 08:02 855147     /usr/lib/mesa/libGL.so.1.2
b37f9000-b37ff000 rwxp 0004e000 08:02 855147     /usr/lib/mesa/libGL.so.1.2
b37ff000-b3800000 rwxp 00000000 00:00 0 
b3800000-b38fd000 rwxp 00000000 00:00 0 
b38fd000-b3900000 ---p 00000000 00:00 0 
b3902000-b390a000 rwxs 545b8000 00:05 7167       /dev/dri/card0
b390a000-b390e000 rwxs 548a8000 00:05 7167       /dev/dri/card0
b390e000-b3917000 r-xp 00000000 08:02 1132146    /lib/i386-linux-gnu/libdrm_intel.so.1.0.0
b3917000-b3918000 r-xp 00008000 08:02 1132146    /lib/i386-linux-gnu/libdrm_intel.so.1.0.0
b3918000-b3919000 rwxp 00009000 08:02 1132146    /lib/i386-linux-gnu/libdrm_intel.so.1.0.0
b3919000-b391c000 rwxs 00000000 00:04 12288040   /SYSV00000000 (deleted)
b391c000-b391f000 r-xs 0001d000 08:02 1006925    /home/ichbinkeinreh/.m2/repository/org/lwjgl/lwjgl-util/2.7.1/lwjgl-util-2.7.1.jar
b391f000-b3926000 r-xp 00000000 08:02 1100602    /usr/lib/jvm/java-6-sun-1.6.0.26/jre/lib/i386/libnio.so
b3926000-b3927000 rwxp 00006000 08:02 1100602    /usr/lib/jvm/java-6-sun-1.6.0.26/jre/lib/i386/libnio.so
b3927000-b3941000 r-xp 00000000 08:02 1132481    /lib/i386-linux-gnu/libgcc_s.so.1
b3941000-b3942000 r-xp 00019000 08:02 1132481    /lib/i386-linux-gnu/libgcc_s.so.1
b3942000-b3943000 rwxp 0001a000 08:02 1132481    /lib/i386-linux-gnu/libgcc_s.so.1
b3943000-b394b000 r-xp 00000000 08:02 1132196    /lib/i386-linux-gnu/libdrm.so.2.4.0
b394b000-b394c000 r-xp 00007000 08:02 1132196    /lib/i386-linux-gnu/libdrm.so.2.4.0
b394c000-b394d000 rwxp 00008000 08:02 1132196    /lib/i386-linux-gnu/libdrm.so.2.4.0
b394d000-b3951000 r-xp 00000000 08:02 839541     /usr/lib/i386-linux-gnu/libXxf86vm.so.1.0.0
b3951000-b3952000 r-xp 00003000 08:02 839541     /usr/lib/i386-linux-gnu/libXxf86vm.so.1.0.0
b3952000-b3953000 rwxp 00004000 08:02 839541     /usr/lib/i386-linux-gnu/libXxf86vm.so.1.0.0
b3953000-b3956000 ---p 00000000 00:00 0 
b3956000-b39a4000 rwxp 00000000 00:00 0 
b39a4000-b39a5000 r-xs 00000000 08:02 90970      /var/cache/fontconfig/26de28bc8622bbc1fb67fd234c21975f-le32d4.cache-3
b39a5000-b39a6000 r-xs 00000000 08:02 91696      /var/cache/fontconfig/c05880de57d1f5e948fdfacc138775d9-le32d4.cache-3
b39a6000-b39ac000 r-xs 00000000 08:02 90537      /var/cache/fontconfig/945677eb7aeaf62f1d50efc3fb3ec7d8-le32d4.cache-3
b39ac000-b39af000 r-xs 00000000 08:02 91695      /var/cache/fontconfig/99e8ed0e538f840c565b6ed5dad60d56-le32d4.cache-3
b39af000-b39b1000 r-xs 00000000 08:02 90481      /var/cache/fontconfig/f24b2111ab8703b4e963115a8cf14259-le32d4.cache-3
b39b1000-b39b4000 r-xs 00000000 08:02 91694      /var/cache/fontconfig/e383d7ea5fbe662a33d9b44caf393297-le32d4.cache-3
b39b4000-b39b9000 r-xs 00000000 08:02 90971      /var/cache/fontconfig/401a5dd6b567794a1d18dd9342dfa604-le32d4.cache-3
b39b9000-b39bb000 r-xs 00000000 08:02 91693      /var/cache/fontconfig/2cd17615ca594fa2959ae173292e504c-le32d4.cache-3
b39bb000-b39be000 r-xs 00000000 08:02 91072      /var/cache/fontconfig/a46337af8a0b4c9b317ad981ec3bdf87-le32d4.cache-3
b39be000-b39bf000 r-xs 00000000 08:02 552612     /var/cache/fontconfig/e3fa16a14183b06aa45b3e009278fd14-le32d4.cache-3
b39bf000-b39c0000 r-xs 00000000 08:02 91692      /var/cache/fontconfig/e7071f4a29fa870f4323321c154eba04-le32d4.cache-3
b39c0000-b39c4000 r-xs 00000000 08:02 91719      /var/cache/fontconfig/926e794c3d5e5dffcaf2fa83ef8d36c2-le32d4.cache-3
b39c4000-b39c7000 r-xs 00000000 08:02 91691      /var/cache/fontconfig/6eb3985aa4124903f6ff08ba781cd364-le32d4.cache-3
b39c7000-b39c8000 r-xs 00000000 08:02 91690      /var/cache/fontconfig/4c73fe0c47614734b17d736dbde7580a-le32d4.cache-3
b39c8000-b39c9000 r-xs 00000000 08:02 91689      /var/cache/fontconfig/0d8c3b2ac0904cb8a57a757ad11a4a08-le32d4.cache-3
b39c9000-b39ca000 r-xs 00000000 08:02 91688      /var/cache/fontconfig/6a53c69dea097a2d716e069445527da8-le32d4.cache-3
b39ca000-b39ce000 r-xs 00000000 08:02 91687      /var/cache/fontconfig/062808c12e6e608270f93bb230aed730-le32d4.cache-3
b39ce000-b39d2000 r-xs 00000000 08:02 90784      /var/cache/fontconfig/a755afe4a08bf5b97852ceb7400b47bc-le32d4.cache-3
b39d2000-b39d3000 r-xs 00000000 08:02 552611     /var/cache/fontconfig/79517df041c92e3f2b4a9700e7dbe3c7-le32d4.cache-3
b39d3000-b39d4000 r-xs 00000000 08:02 552610     /var/cache/fontconfig/4abdb2dd99886b2b2d3168a6b22d0473-le32d4.cache-3
b39d4000-b39d5000 r-xs 00000000 08:02 552609     /var/cache/fontconfig/b9af901c4f3947128be824d599af5f25-le32d4.cache-3
b39d5000-b39d6000 r-xs 00000000 08:02 552608     /var/cache/fontconfig/a18183678af55fd6535fa2d00e080189-le32d4.cache-3
b39d6000-b39d8000 r-xs 00000000 08:02 552607     /var/cache/fontconfig/90e84e89a4382a8db77728561d41356d-le32d4.cache-3
b39d8000-b39d9000 r-xs 00000000 08:02 552606     /var/cache/fontconfig/b73ae53b2eee308c3d7feb99ac2d34cd-le32d4.cache-3
b39d9000-b39da000 r-xs 00000000 08:02 552605     /var/cache/fontconfig/407fd690308a0b04640307de6deab6da-le32d4.cache-3
b39da000-b39dc000 r-xs 00000000 08:02 552604     /var/cache/fontconfig/8039e78ad04dad2b193eec8c5f90bc4d-le32d4.cache-3
b39dc000-b39dd000 r-xs 00000000 08:02 552603     /var/cache/fontconfig/27f6fa40476fb33ad65cb210c133a216-le32d4.cache-3
b39dd000-b39de000 r-xs 00000000 08:02 552602     /var/cache/fontconfig/98d684ad3abba16030bd60992dc9c5d7-le32d4.cache-3
b39de000-b39e0000 r-xs 00000000 08:02 552601     /var/cache/fontconfig/9123b38b1c36356a690c2f0bc4cbf728-le32d4.cache-3
b39e0000-b39e4000 r-xs 00000000 08:02 90977      /var/cache/fontconfig/515ca1ebc4b18308bea979be5704f9db-le32d4.cache-3
b39e4000-b39eb000 r-xs 00000000 08:02 91069      /var/cache/fontconfig/6d41288fd70b0be22e8c3a91e032eec0-le32d4.cache-3
b39eb000-b39f3000 r-xs 00000000 08:02 90558      /var/cache/fontconfig/e3de0de479f42330eadf588a55fb5bf4-le32d4.cache-3
b39f3000-b39fe000 r-xs 00000000 08:02 90557      /var/cache/fontconfig/0f34bcd4b6ee430af32735b75db7f02b-le32d4.cache-3
b39fe000-b3a01000 r-xs 00000000 08:02 90527      /var/cache/fontconfig/d60319d88cac85ba9e1a07bd06cfbb8c-le32d4.cache-3
b3a01000-b3a03000 r-xs 00000000 08:02 90526      /var/cache/fontconfig/ddd4086aec35a5275babba44bb759c3c-le32d4.cache-3
b3a03000-b3a04000 r-xs 00000000 08:02 92596      /var/cache/fontconfig/4794a0821666d79190d59a36cb4f44b5-le32d4.cache-3
b3a04000-b3a26000 r-xs 00000000 08:02 90968      /var/cache/fontconfig/365b55f210c0a22e9a19e35191240f32-le32d4.cache-3
b3a26000-b3a2e000 r-xs 00000000 08:02 90507      /var/cache/fontconfig/d52a8644073d54c13679302ca1180695-le32d4.cache-3
b3a2e000-b3a34000 r-xs 00000000 08:02 90519      /var/cache/fontconfig/089dead882dea3570ffc31a9898cfb69-le32d4.cache-3
b3a34000-b3a3a000 r-xs 00000000 08:02 90234      /var/cache/fontconfig/cabbd14511b9e8a55e92af97fb3a0461-le32d4.cache-3
b3a3a000-b3a4c000 r-xs 00000000 08:02 90229      /var/cache/fontconfig/e13b20fdb08344e0e664864cc2ede53d-le32d4.cache-3
b3a4c000-b3a4e000 r-xp 00000000 08:02 839224     /usr/lib/i386-linux-gnu/libXdamage.so.1.1.0
b3a4e000-b3a4f000 r-xp 00001000 08:02 839224     /usr/lib/i386-linux-gnu/libXdamage.so.1.1.0
b3a4f000-b3a50000 rwxp 00002000 08:02 839224     /usr/lib/i386-linux-gnu/libXdamage.so.1.1.0
b3a50000-b3a51000 r-xp 00000000 08:02 1100622    /usr/lib/jvm/java-6-sun-1.6.0.26/jre/lib/i386/libjawt.so
b3a51000-b3a52000 rwxp 00000000 08:02 1100622    /usr/lib/jvm/java-6-sun-1.6.0.26/jre/lib/i386/libjawt.so
b3a52000-b3a58000 r-xp 00000000 08:02 839230     /usr/lib/i386-linux-gnu/libXrandr.so.2.2.0
b3a58000-b3a59000 r-xp 00005000 08:02 839230     /usr/lib/i386-linux-gnu/libXrandr.so.2.2.0
b3a59000-b3a5a000 rwxp 00006000 08:02 839230     /usr/lib/i386-linux-gnu/libXrandr.so.2.2.0
b3a5a000-b3ab8000 r-xp 00000000 08:02 939515     /tmp/liblwjgl.so
b3ab8000-b3ab9000 ---p 0005e000 08:02 939515     /tmp/liblwjgl.so
b3ab9000-b3aba000 r-xp 0005e000 08:02 939515     /tmp/liblwjgl.so
b3aba000-b3abb000 rwxp 0005f000 08:02 939515     /tmp/liblwjgl.so
b3abb000-b3abe000 ---p 00000000 00:00 0 
b3abe000-b3b0c000 rwxp 00000000 00:00 0 
b3b0c000-b3b10000 r-xp 00000000 08:02 840480     /usr/lib/i386-linux-gnu/libXfixes.so.3.1.0
b3b10000-b3b11000 r-xp 00003000 08:02 840480     /usr/lib/i386-linux-gnu/libXfixes.so.3.1.0
b3b11000-b3b12000 rwxp 00004000 08:02 840480     /usr/lib/i386-linux-gnu/libXfixes.so.3.1.0
b3b12000-b3b1a000 r-xp 00000000 08:02 838970     /usr/lib/i386-linux-gnu/libXrender.so.1.3.0
b3b1a000-b3b1b000 r-xp 00007000 08:02 838970     /usr/lib/i386-linux-gnu/libXrender.so.1.3.0
b3b1b000-b3b1c000 rwxp 00008000 08:02 838970     /usr/lib/i386-linux-gnu/libXrender.so.1.3.0
b3b1c000-b3b24000 r-xp 00000000 08:02 839572     /usr/lib/i386-linux-gnu/libXcursor.so.1.0.2
b3b24000-b3b25000 r-xp 00007000 08:02 839572     /usr/lib/i386-linux-gnu/libXcursor.so.1.0.2
b3b25000-b3b26000 rwxp 00008000 08:02 839572     /usr/lib/i386-linux-gnu/libXcursor.so.1.0.2
b3b27000-b3b2b000 rwxs 546a4000 00:05 7167       /dev/dri/card0
b3b2b000-b3b3f000 r-xp 00000000 08:02 1100601    /usr/lib/jvm/java-6-sun-1.6.0.26/jre/lib/i386/libnet.so
b3b3f000-b3b40000 rwxp 00013000 08:02 1100601    /usr/lib/jvm/java-6-sun-1.6.0.26/jre/lib/i386/libnet.so
b3b40000-b3b43000 ---p 00000000 00:00 0 
b3b43000-b3b91000 rwxp 00000000 00:00 0 
b3b91000-b3c0a000 r-xp 00000000 08:02 1100616    /usr/lib/jvm/java-6-sun-1.6.0.26/jre/lib/i386/libfontmanager.so
b3c0a000-b3c14000 rwxp 00078000 08:02 1100616    /usr/lib/jvm/java-6-sun-1.6.0.26/jre/lib/i386/libfontmanager.so
b3c14000-b3c19000 rwxp 00000000 00:00 0 
b3c19000-b3c26000 r-xp 00000000 08:02 839545     /usr/lib/i386-linux-gnu/libXi.so.6.1.0
b3c26000-b3c27000 r-xp 0000c000 08:02 839545     /usr/lib/i386-linux-gnu/libXi.so.6.1.0
b3c27000-b3c28000 rwxp 0000d000 08:02 839545     /usr/lib/i386-linux-gnu/libXi.so.6.1.0
b3c28000-b3c29000 rwxp 00000000 00:00 0 
b3c29000-b3c2e000 r-xs 00000000 08:02 552600     /var/cache/fontconfig/7ef2298fde41cc6eeb7af42e48b7d293-le32d4.cache-3
b3c2e000-b3c34000 r-xs 00000000 08:02 90228      /var/cache/fontconfig/b83386915dae36184c7e3985fd26e4b1-le32d4.cache-3
b3c34000-b3c42000 r-xs 00000000 08:02 90227      /var/cache/fontconfig/865f88548240fee46819705c6468c165-le32d4.cache-3
b3c42000-b3c85000 r-xp 00000000 08:02 927545     /usr/lib/jvm/java-6-sun-1.6.0.26/jre/lib/i386/xawt/libmawt.so
b3c85000-b3c87000 rwxp 00043000 08:02 927545     /usr/lib/jvm/java-6-sun-1.6.0.26/jre/lib/i386/xawt/libmawt.so
b3c87000-b3c88000 rwxp 00000000 00:00 0 
b3c88000-b3d0d000 r-xp 00000000 08:02 1100614    /usr/lib/jvm/java-6-sun-1.6.0.26/jre/lib/i386/libawt.so
b3d0d000-b3d14000 rwxp 00085000 08:02 1100614    /usr/lib/jvm/java-6-sun-1.6.0.26/jre/lib/i386/libawt.so
b3d14000-b3d38000 rwxp 00000000 00:00 0 
b3d38000-b3d44000 r-xs 000ca000 08:02 480543     /home/ichbinkeinreh/.m2/repository/org/lwjgl/lwjgl/2.7.1/lwjgl-2.7.1.jar
b3d44000-b3d46000 r-xs 0000d000 08:02 343913     /home/ichbinkeinreh/.m2/repository/jcraft/jorbis/0.0.15/jorbis-0.0.15.jar
b3d46000-b3d47000 r-xs 00001000 08:02 286175     /home/ichbinkeinreh/.m2/repository/jcraft/jogg/0.0.7/jogg-0.0.7.jar
b3d47000-b3d49000 r-xs 00008000 08:02 236939     /home/ichbinkeinreh/.m2/repository/ibxm/ibxm/unknown/ibxm-unknown.jar
b3d49000-b3d4a000 r-xs 00001000 08:02 123509     /home/ichbinkeinreh/.m2/repository/javax/jnlp/jnlp/1.2/jnlp-1.2.jar
b3d4a000-b3d4b000 r-xs 00038000 08:02 11156      /home/ichbinkeinreh/.m2/repository/org/lwjgl/lwjgl-native/2.1.0/lwjgl-native-2.1.0-win32.jar
b3d4b000-b3d50000 r-xs 0002f000 08:02 1170738    /home/ichbinkeinreh/.m2/repository/org/lwjgl/lwjgl-jinput/2.1.0/lwjgl-jinput-2.1.0.jar
b3d50000-b3d5a000 r-xs 00093000 08:02 334537     /home/ichbinkeinreh/.m2/repository/slick/slick/270/slick-270.jar
b3d5a000-b3d67000 r-xs 000a8000 08:02 179480     /home/ichbinkeinreh/.m2/repository/net/sf/trove4j/trove4j/2.0.2/trove4j-2.0.2.jar
b3d67000-b3d68000 ---p 00000000 00:00 0 
b3d68000-b3de8000 rwxp 00000000 00:00 0 
b3de8000-b3deb000 ---p 00000000 00:00 0 
b3deb000-b3e39000 rwxp 00000000 00:00 0 
b3e39000-b3e3c000 ---p 00000000 00:00 0 
b3e3c000-b3eba000 rwxp 00000000 00:00 0 
b3eba000-b3ebd000 ---p 00000000 00:00 0 
b3ebd000-b3f0b000 rwxp 00000000 00:00 0 
b3f0b000-b402b000 r-xp 00178000 08:02 838897     /usr/lib/locale/locale-archive
b402b000-b422b000 r-xp 00000000 08:02 838897     /usr/lib/locale/locale-archive
b422b000-b422e000 ---p 00000000 00:00 0 
b422e000-b427c000 rwxp 00000000 00:00 0 
b427c000-b427f000 ---p 00000000 00:00 0 
b427f000-b4301000 rwxp 00000000 00:00 0 
b4301000-b4499000 r-xs 03029000 08:02 1002499    /usr/lib/jvm/java-6-sun-1.6.0.26/jre/lib/rt.jar
b4499000-b449a000 ---p 00000000 00:00 0 
b449a000-b452e000 rwxp 00000000 00:00 0 
b452e000-b4548000 rwxp 00000000 00:00 0 
b4548000-b4550000 rwxp 00000000 00:00 0 
b4550000-b4551000 ---p 00000000 00:00 0 
b4551000-b459b000 rwxp 00000000 00:00 0 
b459b000-b45a0000 rwxp 00000000 00:00 0 
b45a0000-b45c4000 rwxp 00000000 00:00 0 
b45c4000-b45cd000 rwxp 00000000 00:00 0 
b45cd000-b4617000 rwxp 00000000 00:00 0 
b4617000-b461d000 rwxp 00000000 00:00 0 
b461d000-b4637000 rwxp 00000000 00:00 0 
b4637000-b464a000 rwxp 00000000 00:00 0 
b464a000-b46c3000 rwxp 00000000 00:00 0 
b46c3000-b4883000 rwxp 00000000 00:00 0 
b4883000-b66c3000 rwxp 00000000 00:00 0 
b66c3000-b66cd000 r-xp 00000000 08:02 1132124    /lib/i386-linux-gnu/libnss_files-2.13.so
b66cd000-b66ce000 r-xp 00009000 08:02 1132124    /lib/i386-linux-gnu/libnss_files-2.13.so
b66ce000-b66cf000 rwxp 0000a000 08:02 1132124    /lib/i386-linux-gnu/libnss_files-2.13.so
b66cf000-b66d0000 r-xs 0019f000 08:02 546362     /home/ichbinkeinreh/.m2/repository/org/lwjgl/lwjgl-native/2.7.1/lwjgl-native-2.7.1.jar
b66d0000-b66df000 r-xp 00000000 08:02 1100597    /usr/lib/jvm/java-6-sun-1.6.0.26/jre/lib/i386/libzip.so
b66df000-b66e1000 rwxp 0000e000 08:02 1100597    /usr/lib/jvm/java-6-sun-1.6.0.26/jre/lib/i386/libzip.so
b66e1000-b66e9000 rwxs 00000000 08:02 939197     /tmp/hsperfdata_ichbinkeinreh/3967
b66e9000-b670c000 r-xp 00000000 08:02 1100596    /usr/lib/jvm/java-6-sun-1.6.0.26/jre/lib/i386/libjava.so
b670c000-b670e000 rwxp 00023000 08:02 1100596    /usr/lib/jvm/java-6-sun-1.6.0.26/jre/lib/i386/libjava.so
b670e000-b6719000 r-xp 00000000 08:02 1100350    /usr/lib/jvm/java-6-sun-1.6.0.26/jre/lib/i386/libverify.so
b6719000-b671a000 rwxp 0000b000 08:02 1100350    /usr/lib/jvm/java-6-sun-1.6.0.26/jre/lib/i386/libverify.so
b671a000-b671d000 ---p 00000000 00:00 0 
b671d000-b676b000 rwxp 00000000 00:00 0 
b676b000-b6c4c000 r-xp 00000000 08:02 929613     /usr/lib/jvm/java-6-sun-1.6.0.26/jre/lib/i386/client/libjvm.so
b6c4c000-b6c6f000 rwxp 004e1000 08:02 929613     /usr/lib/jvm/java-6-sun-1.6.0.26/jre/lib/i386/client/libjvm.so
b6c6f000-b708d000 rwxp 00000000 00:00 0 
b708d000-b7092000 r-xp 00000000 08:02 825750     /usr/lib/libogg.so.0.7.0
b7092000-b7093000 r-xp 00004000 08:02 825750     /usr/lib/libogg.so.0.7.0
b7093000-b7094000 rwxp 00005000 08:02 825750     /usr/lib/libogg.so.0.7.0
b7094000-b70b9000 r-xp 00000000 08:02 825318     /usr/lib/libvorbis.so.0.4.5
b70b9000-b70ba000 r-xp 00025000 08:02 825318     /usr/lib/libvorbis.so.0.4.5
b70ba000-b70bb000 rwxp 00026000 08:02 825318     /usr/lib/libvorbis.so.0.4.5
b70bb000-b70bc000 rwxp 00000000 00:00 0 
b70bc000-b7221000 r-xp 00000000 08:02 823156     /usr/lib/libvorbisenc.so.2.0.8
b7221000-b7222000 ---p 00165000 08:02 823156     /usr/lib/libvorbisenc.so.2.0.8
b7222000-b7233000 r-xp 00165000 08:02 823156     /usr/lib/libvorbisenc.so.2.0.8
b7233000-b7234000 rwxp 00176000 08:02 823156     /usr/lib/libvorbisenc.so.2.0.8
b7234000-b727e000 r-xp 00000000 08:02 824172     /usr/lib/libFLAC.so.8.2.0
b727e000-b727f000 r-xp 00049000 08:02 824172     /usr/lib/libFLAC.so.8.2.0
b727f000-b7280000 rwxp 0004a000 08:02 824172     /usr/lib/libFLAC.so.8.2.0
b7280000-b7293000 r-xp 00000000 08:02 1132078    /lib/i386-linux-gnu/libnsl-2.13.so
b7293000-b7294000 r-xp 00012000 08:02 1132078    /lib/i386-linux-gnu/libnsl-2.13.so
b7294000-b7295000 rwxp 00013000 08:02 1132078    /lib/i386-linux-gnu/libnsl-2.13.so
b7295000-b7297000 rwxp 00000000 00:00 0 
b7297000-b729b000 r-xp 00000000 08:02 839340     /usr/lib/i386-linux-gnu/libXdmcp.so.6.0.0
b729b000-b729c000 r-xp 00003000 08:02 839340     /usr/lib/i386-linux-gnu/libXdmcp.so.6.0.0
b729c000-b729d000 rwxp 00004000 08:02 839340     /usr/lib/i386-linux-gnu/libXdmcp.so.6.0.0
b729d000-b729f000 r-xp 00000000 08:02 838952     /usr/lib/i386-linux-gnu/libXau.so.6.0.0
b729f000-b72a0000 r-xp 00001000 08:02 838952     /usr/lib/i386-linux-gnu/libXau.so.6.0.0
b72a0000-b72a1000 rwxp 00002000 08:02 838952     /usr/lib/i386-linux-gnu/libXau.so.6.0.0
b72a1000-b72a2000 rwxp 00000000 00:00 0 
b72a2000-b72af000 r-xp 00000000 08:02 839424     /usr/lib/i386-linux-gnu/libXext.so.6.4.0
b72af000-b72b0000 r-xp 0000c000 08:02 839424     /usr/lib/i386-linux-gnu/libXext.so.6.4.0
b72b0000-b72b1000 rwxp 0000d000 08:02 839424     /usr/lib/i386-linux-gnu/libXext.so.6.4.0
b72b1000-b72b4000 r-xp 00000000 08:02 1132113    /lib/i386-linux-gnu/libuuid.so.1.3.0
b72b4000-b72b5000 r-xp 00002000 08:02 1132113    /lib/i386-linux-gnu/libuuid.so.1.3.0
b72b5000-b72b6000 rwxp 00003000 08:02 1132113    /lib/i386-linux-gnu/libuuid.so.1.3.0
b72b6000-b7316000 r-xp 00000000 08:02 824300     /usr/lib/libsndfile.so.1.0.23
b7316000-b7317000 ---p 00060000 08:02 824300     /usr/lib/libsndfile.so.1.0.23
b7317000-b7318000 r-xp 00060000 08:02 824300     /usr/lib/libsndfile.so.1.0.23
b7318000-b7319000 rwxp 00061000 08:02 824300     /usr/lib/libsndfile.so.1.0.23
b7319000-b731d000 rwxp 00000000 00:00 0 
b731d000-b7324000 r-xp 00000000 08:02 1132021    /lib/libwrap.so.0.7.6
b7324000-b7325000 r-xp 00006000 08:02 1132021    /lib/libwrap.so.0.7.6
b7325000-b7326000 rwxp 00007000 08:02 1132021    /lib/libwrap.so.0.7.6
b7326000-b7361000 r-xp 00000000 08:02 1211187    /lib/i386-linux-gnu/libdbus-1.so.3.5.4
b7361000-b7362000 r-xp 0003a000 08:02 1211187    /lib/i386-linux-gnu/libdbus-1.so.3.5.4
b7362000-b7363000 rwxp 0003b000 08:02 1211187    /lib/i386-linux-gnu/libdbus-1.so.3.5.4
b7363000-b7364000 rwxp 00000000 00:00 0 
b7364000-b737b000 r-xp 00000000 08:02 838880     /usr/lib/i386-linux-gnu/libxcb.so.1.1.0
b737b000-b737c000 r-xp 00016000 08:02 838880     /usr/lib/i386-linux-gnu/libxcb.so.1.1.0
b737c000-b737d000 rwxp 00017000 08:02 838880     /usr/lib/i386-linux-gnu/libxcb.so.1.1.0
b737d000-b7380000 r-xp 00000000 08:02 825253     /usr/lib/libxcb-atom.so.1.0.0
b7380000-b7381000 r-xp 00002000 08:02 825253     /usr/lib/libxcb-atom.so.1.0.0
b7381000-b7382000 rwxp 00003000 08:02 825253     /usr/lib/libxcb-atom.so.1.0.0
b7382000-b7386000 r-xp 00000000 08:02 823028     /usr/lib/libXtst.so.6.1.0
b7386000-b7387000 r-xp 00003000 08:02 823028     /usr/lib/libXtst.so.6.1.0
b7387000-b7388000 rwxp 00004000 08:02 823028     /usr/lib/libXtst.so.6.1.0
b7388000-b738e000 r-xp 00000000 08:02 840970     /usr/lib/i386-linux-gnu/libSM.so.6.0.1
b738e000-b738f000 r-xp 00005000 08:02 840970     /usr/lib/i386-linux-gnu/libSM.so.6.0.1
b738f000-b7390000 rwxp 00006000 08:02 840970     /usr/lib/i386-linux-gnu/libSM.so.6.0.1
b7390000-b73a4000 r-xp 00000000 08:02 840961     /usr/lib/i386-linux-gnu/libICE.so.6.3.0
b73a4000-b73a5000 r-xp 00013000 08:02 840961     /usr/lib/i386-linux-gnu/libICE.so.6.3.0
b73a5000-b73a6000 rwxp 00014000 08:02 840961     /usr/lib/i386-linux-gnu/libICE.so.6.3.0
b73a6000-b73a9000 rwxp 00000000 00:00 0 
b73a9000-b74bf000 r-xp 00000000 08:02 838881     /usr/lib/i386-linux-gnu/libX11.so.6.3.0
b74bf000-b74c0000 ---p 00116000 08:02 838881     /usr/lib/i386-linux-gnu/libX11.so.6.3.0
b74c0000-b74c1000 r-xp 00116000 08:02 838881     /usr/lib/i386-linux-gnu/libX11.so.6.3.0
b74c1000-b74c3000 rwxp 00117000 08:02 838881     /usr/lib/i386-linux-gnu/libX11.so.6.3.0
b74c3000-b74c4000 rwxp 00000000 00:00 0 
b74c4000-b74c5000 r-xp 00000000 08:02 838968     /usr/lib/i386-linux-gnu/libX11-xcb.so.1.0.0
b74c5000-b74c6000 r-xp 00000000 08:02 838968     /usr/lib/i386-linux-gnu/libX11-xcb.so.1.0.0
b74c6000-b74c7000 rwxp 00001000 08:02 838968     /usr/lib/i386-linux-gnu/libX11-xcb.so.1.0.0
b74c7000-b74eb000 r-xp 00000000 08:02 1132114    /lib/i386-linux-gnu/libm-2.13.so
b74eb000-b74ec000 r-xp 00023000 08:02 1132114    /lib/i386-linux-gnu/libm-2.13.so
b74ec000-b74ed000 rwxp 00024000 08:02 1132114    /lib/i386-linux-gnu/libm-2.13.so
b74ed000-b74f4000 r-xp 00000000 08:02 1132067    /lib/i386-linux-gnu/librt-2.13.so
b74f4000-b74f5000 r-xp 00006000 08:02 1132067    /lib/i386-linux-gnu/librt-2.13.so
b74f5000-b74f6000 rwxp 00007000 08:02 1132067    /lib/i386-linux-gnu/librt-2.13.so
b74f6000-b753d000 r-xp 00000000 08:02 825372     /usr/lib/libpulsecommon-0.9.22.so
b753d000-b753e000 r-xp 00046000 08:02 825372     /usr/lib/libpulsecommon-0.9.22.so
b753e000-b753f000 rwxp 00047000 08:02 825372     /usr/lib/libpulsecommon-0.9.22.so
b753f000-b7540000 rwxp 00000000 00:00 0 
b7540000-b757f000 r-xp 00000000 08:02 823400     /usr/lib/libpulse.so.0.12.3
b757f000-b7580000 r-xp 0003e000 08:02 823400     /usr/lib/libpulse.so.0.12.3
b7580000-b7581000 rwxp 0003f000 08:02 823400     /usr/lib/libpulse.so.0.12.3
b7581000-b76db000 r-xp 00000000 08:02 1132061    /lib/i386-linux-gnu/libc-2.13.so
b76db000-b76dc000 ---p 0015a000 08:02 1132061    /lib/i386-linux-gnu/libc-2.13.so
b76dc000-b76de000 r-xp 0015a000 08:02 1132061    /lib/i386-linux-gnu/libc-2.13.so
b76de000-b76df000 rwxp 0015c000 08:02 1132061    /lib/i386-linux-gnu/libc-2.13.so
b76df000-b76e2000 rwxp 00000000 00:00 0 
b76e2000-b76e4000 r-xp 00000000 08:02 1132103    /lib/i386-linux-gnu/libdl-2.13.so
b76e4000-b76e5000 r-xp 00001000 08:02 1132103    /lib/i386-linux-gnu/libdl-2.13.so
b76e5000-b76e6000 rwxp 00002000 08:02 1132103    /lib/i386-linux-gnu/libdl-2.13.so
b76e6000-b76ed000 r-xp 00000000 08:02 947822     /usr/lib/jvm/java-6-sun-1.6.0.26/jre/lib/i386/jli/libjli.so
b76ed000-b76ef000 rwxp 00006000 08:02 947822     /usr/lib/jvm/java-6-sun-1.6.0.26/jre/lib/i386/jli/libjli.so
b76ef000-b7704000 r-xp 00000000 08:02 1132096    /lib/i386-linux-gnu/libpthread-2.13.so
b7704000-b7705000 r-xp 00015000 08:02 1132096    /lib/i386-linux-gnu/libpthread-2.13.so
b7705000-b7706000 rwxp 00016000 08:02 1132096    /lib/i386-linux-gnu/libpthread-2.13.so
b7706000-b7709000 rwxp 00000000 00:00 0 
b7709000-b7712000 r-xp 00000000 08:02 825342     /usr/lib/libpulsedsp.so
b7712000-b7713000 r-xp 00008000 08:02 825342     /usr/lib/libpulsedsp.so
b7713000-b7714000 rwxp 00009000 08:02 825342     /usr/lib/libpulsedsp.so
b7714000-b7716000 r-xs 00019000 08:02 1047833    /home/ichbinkeinreh/.m2/repository/phys2d/phys2d/060408/phys2d-060408.jar
b7716000-b7719000 r-xs 00011000 08:02 200285     /home/ichbinkeinreh/.m2/repository/de/unisaarland/cs/st/saarsiedler-cl-comm/1.1.1/saarsiedler-cl-comm-1.1.1.jar
b7719000-b7722000 r-xp 00000000 08:02 1132083    /lib/i386-linux-gnu/libnss_nis-2.13.so
b7722000-b7723000 r-xp 00008000 08:02 1132083    /lib/i386-linux-gnu/libnss_nis-2.13.so
b7723000-b7724000 rwxp 00009000 08:02 1132083    /lib/i386-linux-gnu/libnss_nis-2.13.so
b7724000-b772a000 r-xp 00000000 08:02 1132085    /lib/i386-linux-gnu/libnss_compat-2.13.so
b772a000-b772b000 r-xp 00005000 08:02 1132085    /lib/i386-linux-gnu/libnss_compat-2.13.so
b772b000-b772c000 rwxp 00006000 08:02 1132085    /lib/i386-linux-gnu/libnss_compat-2.13.so
b772c000-b772d000 rwxp 00000000 00:00 0 
b772d000-b772e000 r-xp 00000000 00:00 0 
b772e000-b7730000 rwxp 00000000 00:00 0 
b7730000-b7731000 r-xp 00000000 00:00 0          [vdso]
b7731000-b774d000 r-xp 00000000 08:02 1132122    /lib/i386-linux-gnu/ld-2.13.so
b774d000-b774e000 r-xp 0001b000 08:02 1132122    /lib/i386-linux-gnu/ld-2.13.so
b774e000-b774f000 rwxp 0001c000 08:02 1132122    /lib/i386-linux-gnu/ld-2.13.so
bfa70000-bfa91000 rwxp 00000000 00:00 0          [stack]

VM Arguments:
jvm_args: -Dfile.encoding=UTF-8 
java_command: de.unisaarland.cs.sopra.common.Client
Launcher Type: SUN_STANDARD

Environment Variables:
PATH=/usr/local/texlive/2010/bin/i386-linux/:/usr/local/sbin:/usr/local/bin:/usr/sbin:/usr/bin:/sbin:/bin:/usr/games
USERNAME=ichbinkeinreh
LD_LIBRARY_PATH=/usr/lib/jvm/java-6-sun-1.6.0.26/jre/lib/i386/client:/usr/lib/jvm/java-6-sun-1.6.0.26/jre/lib/i386:/usr/lib/jvm/java-6-sun-1.6.0.26/jre/../lib/i386
LD_PRELOAD=libpulsedsp.so
SHELL=/bin/bash
DISPLAY=:0.0

Signal Handlers:
SIGSEGV: [libjvm.so+0x469ec0], sa_mask[0]=0x7ffbfeff, sa_flags=0x10000004
SIGBUS: [libjvm.so+0x469ec0], sa_mask[0]=0x7ffbfeff, sa_flags=0x10000004
SIGFPE: [libjvm.so+0x38bf10], sa_mask[0]=0x7ffbfeff, sa_flags=0x10000004
SIGPIPE: [libjvm.so+0x38bf10], sa_mask[0]=0x7ffbfeff, sa_flags=0x10000004
SIGXFSZ: [libjvm.so+0x38bf10], sa_mask[0]=0x7ffbfeff, sa_flags=0x10000004
SIGILL: [libjvm.so+0x38bf10], sa_mask[0]=0x7ffbfeff, sa_flags=0x10000004
SIGUSR1: SIG_DFL, sa_mask[0]=0x00000000, sa_flags=0x00000000
SIGUSR2: [libjvm.so+0x38f150], sa_mask[0]=0x00000004, sa_flags=0x10000004
SIGHUP: [libjvm.so+0x38ed30], sa_mask[0]=0x7ffbfeff, sa_flags=0x10000004
SIGINT: [libjvm.so+0x38ed30], sa_mask[0]=0x7ffbfeff, sa_flags=0x10000004
SIGTERM: [libjvm.so+0x38ed30], sa_mask[0]=0x7ffbfeff, sa_flags=0x10000004
SIGQUIT: [libjvm.so+0x38ed30], sa_mask[0]=0x7ffbfeff, sa_flags=0x10000004


---------------  S Y S T E M  ---------------

OS:squeeze/sid

uname:Linux 2.6.38-11-generic #48-Ubuntu SMP Fri Jul 29 19:05:14 UTC 2011 i686
libc:glibc 2.13 NPTL 2.13 
rlimit: STACK 8192k, CORE 0k, NPROC infinity, NOFILE 4096, AS infinity
load average:0.63 0.51 0.30

/proc/meminfo:
MemTotal:        1012532 kB
MemFree:          117152 kB
Buffers:            2928 kB
Cached:           178636 kB
SwapCached:        19296 kB
Active:           420280 kB
Inactive:         408176 kB
Active(anon):     376340 kB
Inactive(anon):   372408 kB
Active(file):      43940 kB
Inactive(file):    35768 kB
Unevictable:          32 kB
Mlocked:              32 kB
HighTotal:        127328 kB
HighFree:          15872 kB
LowTotal:         885204 kB
LowFree:          101280 kB
SwapTotal:        978940 kB
SwapFree:         692072 kB
Dirty:               264 kB
Writeback:             0 kB
AnonPages:        644996 kB
Mapped:            59284 kB
Shmem:            101812 kB
Slab:              29760 kB
SReclaimable:      13164 kB
SUnreclaim:        16596 kB
KernelStack:        3368 kB
PageTables:         7968 kB
NFS_Unstable:          0 kB
Bounce:                0 kB
WritebackTmp:          0 kB
CommitLimit:     1485204 kB
Committed_AS:    2758944 kB
VmallocTotal:     122880 kB
VmallocUsed:       18528 kB
VmallocChunk:      97292 kB
HardwareCorrupted:     0 kB
HugePages_Total:       0
HugePages_Free:        0
HugePages_Rsvd:        0
HugePages_Surp:        0
Hugepagesize:       4096 kB
DirectMap4k:      909304 kB
DirectMap4M:           0 kB


CPU:total 2 (1 cores per cpu, 2 threads per core) family 6 model 28 stepping 2, cmov, cx8, fxsr, mmx, sse, sse2, sse3, ssse3, ht

/proc/cpuinfo:
processor	: 0
vendor_id	: GenuineIntel
cpu family	: 6
model		: 28
model name	: Intel(R) Atom(TM) CPU N270   @ 1.60GHz
stepping	: 2
cpu MHz		: 800.000
cache size	: 512 KB
physical id	: 0
siblings	: 2
core id		: 0
cpu cores	: 1
apicid		: 0
initial apicid	: 0
fdiv_bug	: no
hlt_bug		: no
f00f_bug	: no
coma_bug	: no
fpu		: yes
fpu_exception	: yes
cpuid level	: 10
wp		: yes
flags		: fpu vme de tsc msr pae mce cx8 apic mtrr pge mca cmov pat clflush dts acpi mmx fxsr sse sse2 ss ht tm pbe constant_tsc arch_perfmon pebs bts aperfmperf pni dtes64 monitor ds_cpl est tm2 ssse3 xtpr pdcm movbe lahf_lm dts
bogomips	: 3192.02
clflush size	: 64
cache_alignment	: 64
address sizes	: 32 bits physical, 32 bits virtual
power management:

processor	: 1
vendor_id	: GenuineIntel
cpu family	: 6
model		: 28
model name	: Intel(R) Atom(TM) CPU N270   @ 1.60GHz
stepping	: 2
cpu MHz		: 800.000
cache size	: 512 KB
physical id	: 0
siblings	: 2
core id		: 0
cpu cores	: 1
apicid		: 1
initial apicid	: 1
fdiv_bug	: no
hlt_bug		: no
f00f_bug	: no
coma_bug	: no
fpu		: yes
fpu_exception	: yes
cpuid level	: 10
wp		: yes
flags		: fpu vme de tsc msr pae mce cx8 apic mtrr pge mca cmov pat clflush dts acpi mmx fxsr sse sse2 ss ht tm pbe nx constant_tsc arch_perfmon pebs bts aperfmperf pni dtes64 monitor ds_cpl est tm2 ssse3 xtpr pdcm movbe lahf_lm dts
bogomips	: 3192.04
clflush size	: 64
cache_alignment	: 64
address sizes	: 32 bits physical, 32 bits virtual
power management:



Memory: 4k page, physical 1012532k(117152k free), swap 978940k(692072k free)

vm_info: Java HotSpot(TM) Client VM (20.1-b02) for linux-x86 JRE (1.6.0_26-b03), built on May  4 2011 01:23:42 by "java_re" with gcc 3.2.1-7a (J2SE release)

time: Tue Sep 20 17:46:47 2011
elapsed time: 163 seconds

