#
# A fatal error has been detected by the Java Runtime Environment:
#
#  SIGSEGV (0xb) at pc=0x00031302, pid=4107, tid=3011001200
#
# JRE version: 6.0_26-b03
# Java VM: Java HotSpot(TM) Client VM (20.1-b02 mixed mode, sharing linux-x86 )
# Problematic frame:
# C  0x00031302
[error occurred during error reporting (printing problematic frame), id 0xb]

# If you would like to submit a bug report, please visit:
#   http://java.sun.com/webapps/bugreport/crash.jsp
# The crash happened outside the Java Virtual Machine in native code.
# See problematic frame for where to report the bug.
#

---------------  T H R E A D  ---------------

Current thread (0xb3d80c00):  JavaThread "Thread-2" [_thread_in_native, id=4139, stack(0xb3733000,0xb3784000)]

siginfo:si_signo=SIGSEGV: si_errno=0, si_code=1 (SEGV_MAPERR), si_addr=0x00031302

Registers:
EAX=0xb3782d58, EBX=0xb3ab4ff4, ECX=0x84991dd8, EDX=0xb3d80d20
ESP=0xb3782d3c, EBP=0xb3782d78, ESI=0xb3d80d20, EDI=0xb3d80c00
EIP=0x00031302, EFLAGS=0x00210282, CR2=0x00031302

Top of Stack: (sp=0xb3782d3c)
0xb3782d3c:   b3a97a50 b3d80d20 b3782d58 8f09ba88
0xb3782d4c:   7f6b7880 8f0a33c8 84f500b0 00010004
0xb3782d5c:   7f6b79a0 8f0a3458 84f500b0 8ef4aba8
0xb3782d6c:   8ef498d8 00000001 b3782d90 b3782da8
0xb3782d7c:   b4984a5e b3d80d20 b3782d90 b3782f28
0xb3782d8c:   b48ae8c8 8ed647e0 7f6b7c28 7f6b7c98
0xb3782d9c:   8f0a35f0 8498fcf8 7f6b7cf8 b3782f28
0xb3782dac:   b49bdfd4 84ffd190 7f6b7da8 8f09ba88 

Instructions: (pc=0x00031302)
0x000312e2:   
[error occurred during error reporting (printing registers, top of stack, instructions near pc), id 0xb]

Register to memory mapping:

EAX=0xb3782d58 is pointing into the stack for thread: 0xb3d80c00
EBX=
[error occurred during error reporting (printing register info), id 0xb]

Stack: [0xb3733000,0xb3784000],  sp=0xb3782d3c,  free space=319k
Native frames: (J=compiled Java code, j=interpreted, Vv=VM code, C=native code)
C  0x00031302
[error occurred during error reporting (printing native stack), id 0xb]

Java frames: (J=compiled Java code, j=interpreted, Vv=VM code)
J  org.lwjgl.opengl.LinuxDisplay.nLockAWT()V
J  org.lwjgl.opengl.LinuxContextImplementation.swapBuffers()V
J  org.lwjgl.opengl.Display.swapBuffers()V
J  org.lwjgl.opengl.Display.update(Z)V
J  org.lwjgl.opengl.Display.update()V
j  de.unisaarland.cs.sopra.common.view.GameGUI.run()V+17
j  java.lang.Thread.run()V+11
v  ~StubRoutines::call_stub

---------------  P R O C E S S  ---------------

Java Threads: ( => current thread )
=>0xb3d80c00 JavaThread "Thread-2" [_thread_in_native, id=4139, stack(0xb3733000,0xb3784000)]
  0xb367c400 JavaThread "TimerQueue" daemon [_thread_blocked, id=4135, stack(0xb30f2000,0xb3143000)]
  0x08b32000 JavaThread "DestroyJavaVM" [_thread_blocked, id=4112, stack(0xb6817000,0xb6868000)]
  0xb340d000 JavaThread "SocketMessageRouter" daemon [_thread_in_native, id=4134, stack(0xb3549000,0xb359a000)]
  0xb340e000 JavaThread "AsynchronousHandler" daemon [_thread_blocked, id=4133, stack(0xb359a000,0xb35eb000)]
  0x08ce4400 JavaThread "AWT-EventQueue-0" [_thread_blocked, id=4131, stack(0xb378c000,0xb37dd000)]
  0x08ce3c00 JavaThread "AWT-Shutdown" [_thread_blocked, id=4130, stack(0xb3944000,0xb3995000)]
  0x08ccec00 JavaThread "AWT-XAWT" daemon [_thread_in_native, id=4125, stack(0xb3ab6000,0xb3b07000)]
  0x08c79800 JavaThread "Java2D Disposer" daemon [_thread_blocked, id=4124, stack(0xb3b31000,0xb3b82000)]
  0x08b6c400 JavaThread "Low Memory Detector" daemon [_thread_blocked, id=4119, stack(0xb3ee5000,0xb3f36000)]
  0x08b6a800 JavaThread "C1 CompilerThread0" daemon [_thread_blocked, id=4118, stack(0xb3f36000,0xb3fb7000)]
  0x08b68c00 JavaThread "Signal Dispatcher" daemon [_thread_blocked, id=4117, stack(0xb3fb7000,0xb4008000)]
  0x08b64800 JavaThread "Finalizer" daemon [_thread_blocked, id=4116, stack(0xb4328000,0xb4379000)]
  0x08b60000 JavaThread "Reference Handler" daemon [_thread_blocked, id=4115, stack(0xb4379000,0xb43ca000)]

Other Threads:
  0x08b55800 VMThread [stack: 0xb4596000,0xb4617000] [id=4114]
  0x08b78400 WatcherThread [stack: 0xb3e64000,0xb3ee5000] [id=4120]

VM state:not at safepoint (normal execution)

VM Mutex/Monitor currently owned by a thread: None

Heap
 def new generation   total 7488K, used 1959K [0x7f4f0000, 0x7fd00000, 0x84790000)
  eden space 6720K,  29% used [0x7f4f0000, 0x7f6d9108, 0x7fb80000)
  from space 768K,   0% used [0x7fb80000, 0x7fb80cf0, 0x7fc40000)
  to   space 768K,   0% used [0x7fc40000, 0x7fc40000, 0x7fd00000)
 tenured generation   total 16376K, used 8791K [0x84790000, 0x8578e000, 0x8ecf0000)
   the space 16376K,  53% used [0x84790000, 0x85025cb8, 0x85025e00, 0x8578e000)
 compacting perm gen  total 12288K, used 3814K [0x8ecf0000, 0x8f8f0000, 0x92cf0000)
   the space 12288K,  31% used [0x8ecf0000, 0x8f0a99c0, 0x8f0a9a00, 0x8f8f0000)
    ro space 10240K,  61% used [0x92cf0000, 0x93319d08, 0x93319e00, 0x936f0000)
    rw space 12288K,  60% used [0x936f0000, 0x93e2c660, 0x93e2c800, 0x942f0000)

Code Cache  [0xb47c0000, 0xb49e8000, 0xb67c0000)
 total_blobs=1239 nmethods=928 adapters=247 free_code_cache=31293760 largest_free_block=64

Dynamic libraries:
08048000-08052000 r-xp 00000000 08:02 969303     /usr/lib/jvm/java-6-sun-1.6.0.26/jre/bin/java
08052000-08053000 rwxp 00009000 08:02 969303     /usr/lib/jvm/java-6-sun-1.6.0.26/jre/bin/java
08b2c000-0924f000 rwxp 00000000 00:00 0          [heap]
7f4f0000-7fd00000 rwxp 00000000 00:00 0 
7fd00000-84790000 rwxp 00000000 00:00 0 
84790000-8578e000 rwxp 00000000 00:00 0 
8578e000-85872000 ---p 00000000 00:00 0 
85872000-8ecf0000 rwxp 00000000 00:00 0 
8ecf0000-8f8f0000 rwxp 00000000 00:00 0 
8f8f0000-92cf0000 rwxp 00000000 00:00 0 
92cf0000-9331a000 r-xs 00001000 08:02 970090     /usr/lib/jvm/java-6-sun-1.6.0.26/jre/lib/i386/client/classes.jsa
9331a000-936f0000 rwxp 00000000 00:00 0 
936f0000-93e2d000 rwxp 0062b000 08:02 970090     /usr/lib/jvm/java-6-sun-1.6.0.26/jre/lib/i386/client/classes.jsa
93e2d000-942f0000 rwxp 00000000 00:00 0 
942f0000-943d2000 rwxp 00d68000 08:02 970090     /usr/lib/jvm/java-6-sun-1.6.0.26/jre/lib/i386/client/classes.jsa
943d2000-946f0000 rwxp 00000000 00:00 0 
946f0000-946f8000 r-xs 00e4a000 08:02 970090     /usr/lib/jvm/java-6-sun-1.6.0.26/jre/lib/i386/client/classes.jsa
946f8000-94af0000 rwxp 00000000 00:00 0 
ae215000-ae218000 ---p 00000000 00:00 0 
ae218000-aec66000 rwxp 00000000 00:00 0 
aec66000-aed66000 rwxs 58f04000 00:05 7167       /dev/dri/card0
aee68000-aef68000 rwxs 58e04000 00:05 7167       /dev/dri/card0
af06a000-af16a000 rwxs 58d04000 00:05 7167       /dev/dri/card0
af26c000-af28c000 r-xs 00000000 08:02 167202     /usr/share/texmf/fonts/type1/public/tex-gyre/qcsb.pfb
af28c000-af2a7000 r-xs 00000000 08:02 981179     /usr/share/fonts/type1/gsfonts/p052004l.pfb
af2a7000-af2c0000 r-xs 00000000 08:02 981239     /usr/share/fonts/type1/gsfonts/n021004l.pfb
af2c0000-af2e1000 r-xs 00000000 08:02 167227     /usr/share/texmf/fonts/type1/public/tex-gyre/qtmr.pfb
af2e1000-af301000 r-xs 00000000 08:02 167205     /usr/share/texmf/fonts/type1/public/tex-gyre/qcsri.pfb
af301000-af31b000 r-xs 00000000 08:02 167130     /usr/share/texmf/fonts/type1/public/tex-gyre/qagbi.pfb
af31b000-af32d000 r-xs 00000000 08:02 981206     /usr/share/fonts/type1/gsfonts/n019044l.pfb
af32d000-af33e000 r-xs 00000000 08:02 981221     /usr/share/fonts/type1/gsfonts/n019024l.pfb
af33e000-af359000 r-xs 00000000 08:02 167220     /usr/share/texmf/fonts/type1/public/tex-gyre/qhvri.pfb
af359000-af369000 r-xs 00000000 08:02 981200     /usr/share/fonts/type1/gsfonts/a010033l.pfb
af369000-af38a000 r-xs 00000000 08:02 167197     /usr/share/texmf/fonts/type1/public/tex-gyre/qbkri.pfb
af38a000-af39f000 r-xs 00000000 08:02 981170     /usr/share/fonts/type1/gsfonts/b018032l.pfb
af39f000-af3bb000 r-xs 00000000 08:02 167208     /usr/share/texmf/fonts/type1/public/tex-gyre/qhvcb.pfb
af3bb000-af3d2000 r-xs 00000000 08:02 981190     /usr/share/fonts/type1/gsfonts/n021023l.pfb
af3d2000-af3ec000 r-xs 00000000 08:02 167211     /usr/share/texmf/fonts/type1/public/tex-gyre/qhvcri.pfb
af3ec000-af3f5000 r-xs 00000000 08:02 962071     /usr/share/fonts/X11/Type1/c0632bt_.pfb
af3f5000-af40f000 r-xs 00000000 08:02 981178     /usr/share/fonts/type1/gsfonts/c059013l.pfb
af40f000-af42a000 r-xs 00000000 08:02 167209     /usr/share/texmf/fonts/type1/public/tex-gyre/qhvcbi.pfb
af42a000-af44d000 r-xs 00000000 08:02 167222     /usr/share/texmf/fonts/type1/public/tex-gyre/qplbi.pfb
af44d000-af45f000 r-xs 00000000 08:02 981210     /usr/share/fonts/type1/gsfonts/n019004l.pfb
af45f000-af46b000 r-xs 00000000 08:02 981165     /usr/share/fonts/type1/gsfonts/d050000l.pfb
af46b000-af481000 r-xs 00000000 08:02 981185     /usr/share/fonts/type1/gsfonts/n021024l.pfb
af481000-af495000 r-xs 00000000 08:02 981171     /usr/share/fonts/type1/gsfonts/n019003l.pfb
af495000-af49e000 r-xs 00000000 08:02 962079     /usr/share/fonts/X11/Type1/c0633bt_.pfb
af49e000-af4b6000 r-xs 00000000 08:02 977440     /usr/share/fonts/type1/gsfonts/c059033l.pfb
af4b6000-af4d8000 r-xs 00000000 08:02 167224     /usr/share/texmf/fonts/type1/public/tex-gyre/qplri.pfb
af4d8000-af4f8000 r-xs 00000000 08:02 167228     /usr/share/texmf/fonts/type1/public/tex-gyre/qtmri.pfb
af4f8000-af509000 r-xs 00000000 08:02 981195     /usr/share/fonts/type1/gsfonts/n019023l.pfb
af509000-af529000 r-xs 00000000 08:02 167199     /usr/share/texmf/fonts/type1/public/tex-gyre/qcrbi.pfb
af529000-af549000 r-xs 00000000 08:02 167193     /usr/share/texmf/fonts/type1/public/tex-gyre/qbkb.pfb
af549000-af55b000 r-xs 00000000 08:02 981245     /usr/share/fonts/type1/gsfonts/n019043l.pfb
af55b000-af56e000 r-xs 00000000 08:02 981217     /usr/share/fonts/type1/gsfonts/n019064l.pfb
af56e000-af577000 r-xs 00000000 08:02 961681     /usr/share/fonts/X11/Type1/c0649bt_.pfb
af577000-af598000 r-xs 00000000 08:02 167225     /usr/share/texmf/fonts/type1/public/tex-gyre/qtmb.pfb
af598000-af5b0000 r-xs 00000000 08:02 981197     /usr/share/fonts/type1/gsfonts/n022003l.pfb
af5b0000-af5c9000 r-xs 00000000 08:02 977431     /usr/share/fonts/type1/gsfonts/n021003l.pfb
af5c9000-af5dc000 r-xs 00000000 08:02 981180     /usr/share/fonts/type1/gsfonts/b018015l.pfb
af5dc000-af5f8000 r-xs 00000000 08:02 981199     /usr/share/fonts/type1/gsfonts/p052024l.pfb
af5f8000-af60e000 r-xs 00000000 08:02 981238     /usr/share/fonts/type1/gsfonts/n022023l.pfb
af60e000-af62e000 r-xs 00000000 08:02 167204     /usr/share/texmf/fonts/type1/public/tex-gyre/qcsr.pfb
af62e000-af640000 r-xs 00000000 08:02 981202     /usr/share/fonts/type1/gsfonts/b018035l.pfb
af640000-af65b000 r-xs 00000000 08:02 981169     /usr/share/fonts/type1/gsfonts/p052003l.pfb
af65b000-af67a000 r-xs 00000000 08:02 167200     /usr/share/texmf/fonts/type1/public/tex-gyre/qcrr.pfb
af67a000-af69c000 r-xs 00000000 08:02 167223     /usr/share/texmf/fonts/type1/public/tex-gyre/qplr.pfb
af69c000-af6b8000 r-xs 00000000 08:02 167206     /usr/share/texmf/fonts/type1/public/tex-gyre/qhvb.pfb
af6b8000-af6d7000 r-xs 00000000 08:02 167201     /usr/share/texmf/fonts/type1/public/tex-gyre/qcrri.pfb
af6d7000-af6f3000 r-xs 00000000 08:02 164223     /usr/share/texmf/fonts/type1/public/tex-gyre/qagb.pfb
af6f3000-af703000 r-xs 00000000 08:02 981247     /usr/share/fonts/type1/gsfonts/a010013l.pfb
af703000-af70d000 r-xs 00000000 08:02 961860     /usr/share/fonts/X11/Type1/c0419bt_.pfb
af70d000-af728000 r-xs 00000000 08:02 981172     /usr/share/fonts/type1/gsfonts/p052023l.pfb
af728000-af738000 r-xs 00000000 08:02 981212     /usr/share/fonts/type1/gsfonts/a010015l.pfb
af738000-af753000 r-xs 00000000 08:02 977441     /usr/share/fonts/type1/gsfonts/c059016l.pfb
af753000-af773000 r-xs 00000000 08:02 167198     /usr/share/texmf/fonts/type1/public/tex-gyre/qcrb.pfb
af773000-af78e000 r-xs 00000000 08:02 167210     /usr/share/texmf/fonts/type1/public/tex-gyre/qhvcr.pfb
af78e000-af7b0000 r-xs 00000000 08:02 167221     /usr/share/texmf/fonts/type1/public/tex-gyre/qplb.pfb
af7b0000-af7ca000 r-xs 00000000 08:02 167207     /usr/share/texmf/fonts/type1/public/tex-gyre/qhvbi.pfb
af7ca000-af7d4000 r-xs 00000000 08:02 1099930    /usr/share/fonts/type1/mathml/Symbol.pfb
af7d4000-af7ed000 r-xs 00000000 08:02 981216     /usr/share/fonts/type1/gsfonts/n022004l.pfb
af7ed000-af7fe000 r-xs 00000000 08:02 981218     /usr/share/fonts/type1/gsfonts/n019063l.pfb
af7fe000-af808000 r-xs 00000000 08:02 962078     /usr/share/fonts/X11/Type1/c0582bt_.pfb
af808000-af811000 r-xs 00000000 08:02 962073     /usr/share/fonts/X11/Type1/c0648bt_.pfb
af811000-af832000 r-xs 00000000 08:02 167203     /usr/share/texmf/fonts/type1/public/tex-gyre/qcsbi.pfb
af832000-af83c000 r-xs 00000000 08:02 962070     /usr/share/fonts/X11/Type1/c0611bt_.pfb
af83c000-af85c000 r-xs 00000000 08:02 167226     /usr/share/texmf/fonts/type1/public/tex-gyre/qtmbi.pfb
af85c000-af866000 r-xs 00000000 08:02 962077     /usr/share/fonts/X11/Type1/c0583bt_.pfb
af866000-af87f000 r-xs 00000000 08:02 167187     /usr/share/texmf/fonts/type1/public/tex-gyre/qagri.pfb
af87f000-af89a000 r-xs 00000000 08:02 167186     /usr/share/texmf/fonts/type1/public/tex-gyre/qagr.pfb
af89a000-af8a3000 r-xs 00000000 08:02 981196     /usr/share/fonts/type1/gsfonts/s050000l.pfb
af8a3000-af8b9000 r-xs 00000000 08:02 981182     /usr/share/fonts/type1/gsfonts/n022024l.pfb
af8b9000-af8d9000 r-xs 00000000 08:02 167195     /usr/share/texmf/fonts/type1/public/tex-gyre/qbkbi.pfb
af8d9000-af8f9000 r-xs 00000000 08:02 167196     /usr/share/texmf/fonts/type1/public/tex-gyre/qbkr.pfb
af8f9000-af911000 r-xs 00000000 08:02 981232     /usr/share/fonts/type1/gsfonts/c059036l.pfb
af911000-af92c000 r-xs 00000000 08:02 167218     /usr/share/texmf/fonts/type1/public/tex-gyre/qhvr.pfb
af92c000-af949000 r-xs 00000000 08:02 123687     /usr/share/texmf/fonts/type1/public/lm/lmtk10.pfb
af949000-af968000 r-xs 00000000 08:02 123624     /usr/share/texmf/fonts/type1/public/lm/lmbx8.pfb
af968000-af987000 r-xs 00000000 08:02 123676     /usr/share/texmf/fonts/type1/public/lm/lmssqbo8.pfb
af987000-af9a2000 r-xs 00000000 08:02 123672     /usr/share/texmf/fonts/type1/public/lm/lmsso17.pfb
af9a2000-af9bd000 r-xs 00000000 08:02 123685     /usr/share/texmf/fonts/type1/public/lm/lmtcsc10.pfb
af9bd000-af9c5000 r-xs 00000000 08:02 123639     /usr/share/texmf/fonts/type1/public/lm/lmmi9.pfb
af9c5000-af9e4000 r-xs 00000000 08:02 123698     /usr/share/texmf/fonts/type1/public/lm/lmtto10.pfb
af9e4000-afa06000 r-xs 00000000 08:02 123691     /usr/share/texmf/fonts/type1/public/lm/lmtlco10.pfb
afa06000-afa0d000 r-xs 00000000 08:02 123684     /usr/share/texmf/fonts/type1/public/lm/lmsy9.pfb
afa0d000-afa25000 r-xs 00000000 08:02 123662     /usr/share/texmf/fonts/type1/public/lm/lmss12.pfb
afa25000-afa40000 r-xs 00000000 08:02 123670     /usr/share/texmf/fonts/type1/public/lm/lmsso10.pfb
afa40000-afa5d000 r-xs 00000000 08:02 123628     /usr/share/texmf/fonts/type1/public/lm/lmcsc10.pfb
afa5d000-afa7a000 r-xs 00000000 08:02 123695     /usr/share/texmf/fonts/type1/public/lm/lmtt8.pfb
afa7a000-afa98000 r-xs 00000000 08:02 123649     /usr/share/texmf/fonts/type1/public/lm/lmr8.pfb
afa98000-afab8000 r-xs 00000000 08:02 123678     /usr/share/texmf/fonts/type1/public/lm/lmssqo8.pfb
afab8000-afad4000 r-xs 00000000 08:02 123699     /usr/share/texmf/fonts/type1/public/lm/lmu10.pfb
afad4000-afaf5000 r-xs 00000000 08:02 123629     /usr/share/texmf/fonts/type1/public/lm/lmcsco10.pfb
afaf5000-afafd000 r-xs 00000000 08:02 123618     /usr/share/texmf/fonts/type1/public/lm/lmbsy7.pfb
afafd000-afb15000 r-xs 00000000 08:02 123664     /usr/share/texmf/fonts/type1/public/lm/lmss8.pfb
afb15000-afb2d000 r-xs 00000000 08:02 123661     /usr/share/texmf/fonts/type1/public/lm/lmss10.pfb
afb2d000-afb4f000 r-xs 00000000 08:02 123669     /usr/share/texmf/fonts/type1/public/lm/lmssdo10.pfb
afb4f000-afb6d000 r-xs 00000000 08:02 123702     /usr/share/texmf/fonts/type1/public/lm/lmvtl10.pfb
afb6d000-afb8e000 r-xs 00000000 08:02 123705     /usr/share/texmf/fonts/type1/public/lm/lmvtto10.pfb
afb8e000-afb96000 r-xs 00000000 08:02 123642     /usr/share/texmf/fonts/type1/public/lm/lmmib7.pfb
afb96000-afb9e000 r-xs 00000000 08:02 123641     /usr/share/texmf/fonts/type1/public/lm/lmmib5.pfb
afb9e000-afbbc000 r-xs 00000000 08:02 123650     /usr/share/texmf/fonts/type1/public/lm/lmr9.pfb
afbbc000-afbd7000 r-xs 00000000 08:02 123655     /usr/share/texmf/fonts/type1/public/lm/lmri9.pfb
afbd7000-afbde000 r-xs 00000000 08:02 123616     /usr/share/texmf/fonts/type1/public/lm/lmbsy10.pfb
afbde000-afbf9000 r-xs 00000000 08:02 123696     /usr/share/texmf/fonts/type1/public/lm/lmtt9.pfb
afbf9000-afc1c000 r-xs 00000000 08:02 123688     /usr/share/texmf/fonts/type1/public/lm/lmtko10.pfb
afc1c000-afc3e000 r-xs 00000000 08:02 123615     /usr/share/texmf/fonts/type1/public/lm/lmbo10.pfb
afc3e000-afc58000 r-xs 00000000 08:02 123689     /usr/share/texmf/fonts/type1/public/lm/lmtl10.pfb
afc58000-afc60000 r-xs 00000000 08:02 123635     /usr/share/texmf/fonts/type1/public/lm/lmmi5.pfb
afc60000-afc7e000 r-xs 00000000 08:02 123623     /usr/share/texmf/fonts/type1/public/lm/lmbx7.pfb
afc7e000-afc85000 r-xs 00000000 08:02 123683     /usr/share/texmf/fonts/type1/public/lm/lmsy8.pfb
afc85000-afca7000 r-xs 00000000 08:02 123703     /usr/share/texmf/fonts/type1/public/lm/lmvtlo10.pfb
afca7000-afcc9000 r-xs 00000000 08:02 123660     /usr/share/texmf/fonts/type1/public/lm/lmro9.pfb
afcc9000-afce8000 r-xs 00000000 08:02 123647     /usr/share/texmf/fonts/type1/public/lm/lmr6.pfb
afce8000-afd06000 r-xs 00000000 08:02 123646     /usr/share/texmf/fonts/type1/public/lm/lmr5.pfb
afd06000-afd1f000 r-xs 00000000 08:02 123697     /usr/share/texmf/fonts/type1/public/lm/lmtti10.pfb
afd1f000-afd40000 r-xs 00000000 08:02 123658     /usr/share/texmf/fonts/type1/public/lm/lmro17.pfb
afd40000-afd48000 r-xs 00000000 08:02 123634     /usr/share/texmf/fonts/type1/public/lm/lmmi12.pfb
afd48000-afd63000 r-xs 00000000 08:02 123694     /usr/share/texmf/fonts/type1/public/lm/lmtt12.pfb
afd63000-afd82000 r-xs 00000000 08:02 123692     /usr/share/texmf/fonts/type1/public/lm/lmtlo10.pfb
afd82000-afda0000 r-xs 00000000 08:02 123619     /usr/share/texmf/fonts/type1/public/lm/lmbx10.pfb
afda0000-afda8000 r-xs 00000000 08:02 123638     /usr/share/texmf/fonts/type1/public/lm/lmmi8.pfb
afda8000-afdc6000 r-xs 00000000 08:02 123645     /usr/share/texmf/fonts/type1/public/lm/lmr17.pfb
afdc6000-afdea000 r-xs 00000000 08:02 123631     /usr/share/texmf/fonts/type1/public/lm/lmduno10.pfb
afdea000-afdf2000 r-xs 00000000 08:02 123636     /usr/share/texmf/fonts/type1/public/lm/lmmi6.pfb
afdf2000-afe11000 r-xs 00000000 08:02 123622     /usr/share/texmf/fonts/type1/public/lm/lmbx6.pfb
afe11000-afe2f000 r-xs 00000000 08:02 123667     /usr/share/texmf/fonts/type1/public/lm/lmssbx10.pfb
afe2f000-afe50000 r-xs 00000000 08:02 123656     /usr/share/texmf/fonts/type1/public/lm/lmro10.pfb
afe50000-afe6d000 r-xs 00000000 08:02 123668     /usr/share/texmf/fonts/type1/public/lm/lmssdc10.pfb
afe6d000-afe8e000 r-xs 00000000 08:02 123659     /usr/share/texmf/fonts/type1/public/lm/lmro8.pfb
afe8e000-afead000 r-xs 00000000 08:02 123700     /usr/share/texmf/fonts/type1/public/lm/lmvtk10.pfb
afead000-afeb5000 r-xs 00000000 08:02 123617     /usr/share/texmf/fonts/type1/public/lm/lmbsy5.pfb
afeb5000-afed2000 r-xs 00000000 08:02 123620     /usr/share/texmf/fonts/type1/public/lm/lmbx12.pfb
afed2000-afeea000 r-xs 00000000 08:02 123663     /usr/share/texmf/fonts/type1/public/lm/lmss17.pfb
afeea000-aff09000 r-xs 00000000 08:02 123630     /usr/share/texmf/fonts/type1/public/lm/lmdunh10.pfb
aff09000-aff24000 r-xs 00000000 08:02 123654     /usr/share/texmf/fonts/type1/public/lm/lmri8.pfb
aff24000-aff2b000 r-xs 00000000 08:02 123679     /usr/share/texmf/fonts/type1/public/lm/lmsy10.pfb
aff2b000-aff4a000 r-xs 00000000 08:02 123625     /usr/share/texmf/fonts/type1/public/lm/lmbx9.pfb
aff4a000-aff6c000 r-xs 00000000 08:02 123627     /usr/share/texmf/fonts/type1/public/lm/lmbxo10.pfb
aff6c000-aff88000 r-xs 00000000 08:02 123644     /usr/share/texmf/fonts/type1/public/lm/lmr12.pfb
aff88000-affa3000 r-xs 00000000 08:02 123674     /usr/share/texmf/fonts/type1/public/lm/lmsso9.pfb
affa3000-affbf000 r-xs 00000000 08:02 123651     /usr/share/texmf/fonts/type1/public/lm/lmri10.pfb
affbf000-affc7000 r-xs 00000000 08:02 123640     /usr/share/texmf/fonts/type1/public/lm/lmmib10.pfb
affc7000-affe4000 r-xs 00000000 08:02 123621     /usr/share/texmf/fonts/type1/public/lm/lmbx5.pfb
affe4000-b01e4000 rwxs 58b04000 00:05 7167       /dev/dri/card0
b01e4000-b0204000 rwxs 56fb6000 00:05 7167       /dev/dri/card0
b0204000-b0224000 rwxs 56f96000 00:05 7167       /dev/dri/card0
b0224000-b0624000 rwxs 58556000 00:05 7167       /dev/dri/card0
b063c000-b0659000 r-xs 00000000 08:02 123677     /usr/share/texmf/fonts/type1/public/lm/lmssqbx8.pfb
b0659000-b0660000 r-xs 00000000 08:02 123682     /usr/share/texmf/fonts/type1/public/lm/lmsy7.pfb
b0660000-b067b000 r-xs 00000000 08:02 123673     /usr/share/texmf/fonts/type1/public/lm/lmsso8.pfb
b067b000-b06a0000 r-xs 00000000 08:02 123701     /usr/share/texmf/fonts/type1/public/lm/lmvtko10.pfb
b06a0000-b06e0000 rwxs 589f6000 00:05 7167       /dev/dri/card0
b06e0000-b06e4000 rwxs 56e92000 00:05 7167       /dev/dri/card0
b06e4000-b06ec000 rwxs 56bc8000 00:05 7167       /dev/dri/card0
b06ec000-b06f4000 rwxs 56a8c000 00:05 7167       /dev/dri/card0
b06f8000-b070f000 r-xs 00000000 08:02 981241     /usr/share/fonts/type1/gsfonts/z003034l.pfb
b070f000-b072a000 r-xs 00000000 08:02 123652     /usr/share/texmf/fonts/type1/public/lm/lmri12.pfb
b072a000-b0742000 r-xs 00000000 08:02 123665     /usr/share/texmf/fonts/type1/public/lm/lmss9.pfb
b0742000-b0749000 r-xs 00000000 08:02 123681     /usr/share/texmf/fonts/type1/public/lm/lmsy6.pfb
b0749000-b0767000 r-xs 00000000 08:02 123643     /usr/share/texmf/fonts/type1/public/lm/lmr10.pfb
b0767000-b076d000 r-xs 00000000 08:02 123632     /usr/share/texmf/fonts/type1/public/lm/lmex10.pfb
b076d000-b078c000 r-xs 00000000 08:02 123657     /usr/share/texmf/fonts/type1/public/lm/lmro12.pfb
b078c000-b07ac000 r-xs 00000000 08:02 123686     /usr/share/texmf/fonts/type1/public/lm/lmtcso10.pfb
b07ac000-b07c9000 r-xs 00000000 08:02 123704     /usr/share/texmf/fonts/type1/public/lm/lmvtt10.pfb
b07c9000-b07eb000 r-xs 00000000 08:02 123666     /usr/share/texmf/fonts/type1/public/lm/lmssbo10.pfb
b07eb000-b0807000 r-xs 00000000 08:02 123693     /usr/share/texmf/fonts/type1/public/lm/lmtt10.pfb
b0807000-b080f000 r-xs 00000000 08:02 123633     /usr/share/texmf/fonts/type1/public/lm/lmmi10.pfb
b080f000-b082b000 r-xs 00000000 08:02 123626     /usr/share/texmf/fonts/type1/public/lm/lmbxi10.pfb
b082b000-b0832000 r-xs 00000000 08:02 123680     /usr/share/texmf/fonts/type1/public/lm/lmsy5.pfb
b0832000-b0850000 r-xs 00000000 08:02 123648     /usr/share/texmf/fonts/type1/public/lm/lmr7.pfb
b0850000-b086d000 r-xs 00000000 08:02 123675     /usr/share/texmf/fonts/type1/public/lm/lmssq8.pfb
b086d000-b0875000 r-xs 00000000 08:02 123637     /usr/share/texmf/fonts/type1/public/lm/lmmi7.pfb
b0875000-b0891000 r-xs 00000000 08:02 123653     /usr/share/texmf/fonts/type1/public/lm/lmri7.pfb
b0891000-b08ac000 r-xs 00000000 08:02 123671     /usr/share/texmf/fonts/type1/public/lm/lmsso12.pfb
b08b2000-b08b6000 rwxs 53ec1000 00:05 7167       /dev/dri/card0
b08b6000-b08ba000 rwxs 53ebd000 00:05 7167       /dev/dri/card0
b08ba000-b08be000 rwxs 57052000 00:05 7167       /dev/dri/card0
b08be000-b08d3000 r-xp 00000000 08:02 1100612    /usr/lib/jvm/java-6-sun-1.6.0.26/jre/lib/i386/libdcpr.so
b08d3000-b08e6000 rwxp 00014000 08:02 1100612    /usr/lib/jvm/java-6-sun-1.6.0.26/jre/lib/i386/libdcpr.so
b08e6000-b08f6000 rwxs 58a36000 00:05 7167       /dev/dri/card0
b08f6000-b0906000 rwxs 589e6000 00:05 7167       /dev/dri/card0
b0906000-b0916000 rwxs 589d6000 00:05 7167       /dev/dri/card0
b0916000-b0926000 rwxs 56a99000 00:05 7167       /dev/dri/card0
b0926000-b0936000 rwxs 56bb8000 00:05 7167       /dev/dri/card0
b0936000-b0946000 rwxs 57042000 00:05 7167       /dev/dri/card0
b0946000-b0966000 rwxs 589b6000 00:05 7167       /dev/dri/card0
b0966000-b0986000 rwxs 58996000 00:05 7167       /dev/dri/card0
b0986000-b09a6000 rwxs 58976000 00:05 7167       /dev/dri/card0
b09a6000-b09c6000 rwxs 58956000 00:05 7167       /dev/dri/card0
b09c6000-b09e6000 rwxs 56fd6000 00:05 7167       /dev/dri/card0
b09e6000-b0a26000 rwxs 57002000 00:05 7167       /dev/dri/card0
b0a26000-b0aa6000 rwxs 584d6000 00:05 7167       /dev/dri/card0
b0aa6000-b0b26000 rwxs 58456000 00:05 7167       /dev/dri/card0
b0b26000-b0ba6000 rwxs 583d6000 00:05 7167       /dev/dri/card0
b0ba6000-b0c26000 rwxs 58356000 00:05 7167       /dev/dri/card0
b0c26000-b0ca6000 rwxs 582d6000 00:05 7167       /dev/dri/card0
b0ca6000-b0d26000 rwxs 58256000 00:05 7167       /dev/dri/card0
b0d26000-b0d2e000 rwxs 56e8a000 00:05 7167       /dev/dri/card0
b0d2e000-b0d36000 rwxs 56e82000 00:05 7167       /dev/dri/card0
b0d36000-b0d76000 rwxs 56e32000 00:05 7167       /dev/dri/card0
b0d76000-b0db6000 rwxs 56df2000 00:05 7167       /dev/dri/card0
b0db6000-b0eb6000 rwxs 58156000 00:05 7167       /dev/dri/card0
b0eb6000-b0fb6000 rwxs 58056000 00:05 7167       /dev/dri/card0
b0fb6000-b10b6000 rwxs 57f56000 00:05 7167       /dev/dri/card0
b10b6000-b11b6000 rwxs 57e56000 00:05 7167       /dev/dri/card0
b11b6000-b12b6000 rwxs 57d56000 00:05 7167       /dev/dri/card0
b12b6000-b13b6000 rwxs 57c56000 00:05 7167       /dev/dri/card0
b13b6000-b14b6000 rwxs 57b56000 00:05 7167       /dev/dri/card0
b14b6000-b15b6000 rwxs 57a56000 00:05 7167       /dev/dri/card0
b15b6000-b16b6000 rwxs 57956000 00:05 7167       /dev/dri/card0
b16b6000-b17b6000 rwxs 57856000 00:05 7167       /dev/dri/card0
b17b6000-b18b6000 rwxs 57756000 00:05 7167       /dev/dri/card0
b18b6000-b19b6000 rwxs 57656000 00:05 7167       /dev/dri/card0
b19b6000-b1ab6000 rwxs 57556000 00:05 7167       /dev/dri/card0
b1ab6000-b1bb6000 rwxs 57456000 00:05 7167       /dev/dri/card0
b1bb6000-b1cb6000 rwxs 57356000 00:05 7167       /dev/dri/card0
b1cb6000-b1db6000 rwxs 57256000 00:05 7167       /dev/dri/card0
b1db6000-b1eb6000 rwxs 56e96000 00:05 7167       /dev/dri/card0
b1eb6000-b1fb6000 rwxs 56ab8000 00:05 7167       /dev/dri/card0
b1fb6000-b1fb7000 rwxp 00000000 00:00 0 
b1fb7000-b1fbb000 rwxs 56ffa000 00:05 7167       /dev/dri/card0
b1fbb000-b2da8000 rwxp 00000000 00:00 0 
b2da8000-b2e92000 r-xp 00000000 08:02 838951     /usr/lib/dri/libglsl.so
b2e92000-b2e96000 r-xp 000ea000 08:02 838951     /usr/lib/dri/libglsl.so
b2e96000-b2e97000 rwxp 000ee000 08:02 838951     /usr/lib/dri/libglsl.so
b2e97000-b2e98000 rwxp 00000000 00:00 0 
b2e98000-b3073000 r-xp 00000000 08:02 839124     /usr/lib/dri/libdricore.so
b3073000-b3079000 r-xp 001db000 08:02 839124     /usr/lib/dri/libdricore.so
b3079000-b307b000 rwxp 001e1000 08:02 839124     /usr/lib/dri/libdricore.so
b307b000-b308b000 rwxp 00000000 00:00 0 
b308b000-b30ef000 r-xp 00000000 08:02 838933     /usr/lib/dri/i915_dri.so
b30ef000-b30f1000 r-xp 00064000 08:02 838933     /usr/lib/dri/i915_dri.so
b30f1000-b30f2000 rwxp 00066000 08:02 838933     /usr/lib/dri/i915_dri.so
b30f2000-b30f5000 ---p 00000000 00:00 0 
b30f5000-b3143000 rwxp 00000000 00:00 0 
b3143000-b32fe000 rwxs 00000000 00:04 12582949   /SYSV00000000 (deleted)
b32fe000-b3400000 rwxp 00000000 00:00 0 
b3400000-b3442000 rwxp 00000000 00:00 0 
b3442000-b3500000 ---p 00000000 00:00 0 
b3503000-b3507000 rwxs 56ff6000 00:05 7167       /dev/dri/card0
b3507000-b350f000 rwxs 56e7a000 00:05 7167       /dev/dri/card0
b350f000-b351f000 rwxs 56de2000 00:05 7167       /dev/dri/card0
b351f000-b3545000 r-xp 00000000 08:02 1132466    /lib/i386-linux-gnu/libexpat.so.1.5.2
b3545000-b3546000 ---p 00026000 08:02 1132466    /lib/i386-linux-gnu/libexpat.so.1.5.2
b3546000-b3548000 r-xp 00026000 08:02 1132466    /lib/i386-linux-gnu/libexpat.so.1.5.2
b3548000-b3549000 rwxp 00028000 08:02 1132466    /lib/i386-linux-gnu/libexpat.so.1.5.2
b3549000-b354c000 ---p 00000000 00:00 0 
b354c000-b359a000 rwxp 00000000 00:00 0 
b359a000-b359d000 ---p 00000000 00:00 0 
b359d000-b35eb000 rwxp 00000000 00:00 0 
b35eb000-b35fc000 r-xp 00000000 08:02 1132059    /lib/i386-linux-gnu/libresolv-2.13.so
b35fc000-b35fd000 r-xp 00010000 08:02 1132059    /lib/i386-linux-gnu/libresolv-2.13.so
b35fd000-b35fe000 rwxp 00011000 08:02 1132059    /lib/i386-linux-gnu/libresolv-2.13.so
b35fe000-b3600000 rwxp 00000000 00:00 0 
b3600000-b36fe000 rwxp 00000000 00:00 0 
b36fe000-b3700000 ---p 00000000 00:00 0 
b3700000-b3704000 rwxs 56a94000 00:05 7167       /dev/dri/card0
b3704000-b370d000 r-xp 00000000 08:02 1132146    /lib/i386-linux-gnu/libdrm_intel.so.1.0.0
b370d000-b370e000 r-xp 00008000 08:02 1132146    /lib/i386-linux-gnu/libdrm_intel.so.1.0.0
b370e000-b370f000 rwxp 00009000 08:02 1132146    /lib/i386-linux-gnu/libdrm_intel.so.1.0.0
b370f000-b3713000 r-xp 00000000 08:02 1132072    /lib/i386-linux-gnu/libnss_dns-2.13.so
b3713000-b3714000 r-xp 00004000 08:02 1132072    /lib/i386-linux-gnu/libnss_dns-2.13.so
b3714000-b3715000 rwxp 00005000 08:02 1132072    /lib/i386-linux-gnu/libnss_dns-2.13.so
b3715000-b3717000 r-xp 00000000 08:02 1134975    /lib/libnss_mdns4_minimal.so.2
b3717000-b3718000 r-xp 00001000 08:02 1134975    /lib/libnss_mdns4_minimal.so.2
b3718000-b3719000 rwxp 00002000 08:02 1134975    /lib/libnss_mdns4_minimal.so.2
b371b000-b3723000 rwxs 56e72000 00:05 7167       /dev/dri/card0
b3723000-b372b000 rwxs 56dda000 00:05 7167       /dev/dri/card0
b372b000-b3733000 rwxs 56dd2000 00:05 7167       /dev/dri/card0
b3733000-b3736000 ---p 00000000 00:00 0 
b3736000-b3784000 rwxp 00000000 00:00 0 
b3784000-b378b000 r-xp 00000000 08:02 1100602    /usr/lib/jvm/java-6-sun-1.6.0.26/jre/lib/i386/libnio.so
b378b000-b378c000 rwxp 00006000 08:02 1100602    /usr/lib/jvm/java-6-sun-1.6.0.26/jre/lib/i386/libnio.so
b378c000-b378f000 ---p 00000000 00:00 0 
b378f000-b37dd000 rwxp 00000000 00:00 0 
b37dd000-b37f7000 r-xp 00000000 08:02 1132481    /lib/i386-linux-gnu/libgcc_s.so.1
b37f7000-b37f8000 r-xp 00019000 08:02 1132481    /lib/i386-linux-gnu/libgcc_s.so.1
b37f8000-b37f9000 rwxp 0001a000 08:02 1132481    /lib/i386-linux-gnu/libgcc_s.so.1
b37f9000-b38d8000 r-xp 00000000 08:02 840824     /usr/lib/i386-linux-gnu/libstdc++.so.6.0.14
b38d8000-b38dc000 r-xp 000de000 08:02 840824     /usr/lib/i386-linux-gnu/libstdc++.so.6.0.14
b38dc000-b38dd000 rwxp 000e2000 08:02 840824     /usr/lib/i386-linux-gnu/libstdc++.so.6.0.14
b38dd000-b38e4000 rwxp 00000000 00:00 0 
b38e4000-b38ec000 r-xp 00000000 08:02 1132196    /lib/i386-linux-gnu/libdrm.so.2.4.0
b38ec000-b38ed000 r-xp 00007000 08:02 1132196    /lib/i386-linux-gnu/libdrm.so.2.4.0
b38ed000-b38ee000 rwxp 00008000 08:02 1132196    /lib/i386-linux-gnu/libdrm.so.2.4.0
b38ee000-b3937000 r-xp 00000000 08:02 855147     /usr/lib/mesa/libGL.so.1.2
b3937000-b3938000 ---p 00049000 08:02 855147     /usr/lib/mesa/libGL.so.1.2
b3938000-b393d000 r-xp 00049000 08:02 855147     /usr/lib/mesa/libGL.so.1.2
b393d000-b3943000 rwxp 0004e000 08:02 855147     /usr/lib/mesa/libGL.so.1.2
b3943000-b3944000 rwxp 00000000 00:00 0 
b3944000-b3947000 ---p 00000000 00:00 0 
b3947000-b3995000 rwxp 00000000 00:00 0 
b3995000-b3996000 r-xs 00000000 08:02 90970      /var/cache/fontconfig/26de28bc8622bbc1fb67fd234c21975f-le32d4.cache-3
b3996000-b3997000 r-xs 00000000 08:02 91696      /var/cache/fontconfig/c05880de57d1f5e948fdfacc138775d9-le32d4.cache-3
b3997000-b399d000 r-xs 00000000 08:02 90537      /var/cache/fontconfig/945677eb7aeaf62f1d50efc3fb3ec7d8-le32d4.cache-3
b399d000-b39a0000 r-xs 00000000 08:02 91695      /var/cache/fontconfig/99e8ed0e538f840c565b6ed5dad60d56-le32d4.cache-3
b39a0000-b39a2000 r-xs 00000000 08:02 90481      /var/cache/fontconfig/f24b2111ab8703b4e963115a8cf14259-le32d4.cache-3
b39a2000-b39a5000 r-xs 00000000 08:02 91694      /var/cache/fontconfig/e383d7ea5fbe662a33d9b44caf393297-le32d4.cache-3
b39a5000-b39aa000 r-xs 00000000 08:02 90971      /var/cache/fontconfig/401a5dd6b567794a1d18dd9342dfa604-le32d4.cache-3
b39aa000-b39ac000 r-xs 00000000 08:02 91693      /var/cache/fontconfig/2cd17615ca594fa2959ae173292e504c-le32d4.cache-3
b39ac000-b39af000 r-xs 00000000 08:02 91072      /var/cache/fontconfig/a46337af8a0b4c9b317ad981ec3bdf87-le32d4.cache-3
b39af000-b39b0000 r-xs 00000000 08:02 552612     /var/cache/fontconfig/e3fa16a14183b06aa45b3e009278fd14-le32d4.cache-3
b39b0000-b39b1000 r-xs 00000000 08:02 91692      /var/cache/fontconfig/e7071f4a29fa870f4323321c154eba04-le32d4.cache-3
b39b1000-b39b5000 r-xs 00000000 08:02 91719      /var/cache/fontconfig/926e794c3d5e5dffcaf2fa83ef8d36c2-le32d4.cache-3
b39b5000-b39b8000 r-xs 00000000 08:02 91691      /var/cache/fontconfig/6eb3985aa4124903f6ff08ba781cd364-le32d4.cache-3
b39b8000-b39b9000 r-xs 00000000 08:02 91690      /var/cache/fontconfig/4c73fe0c47614734b17d736dbde7580a-le32d4.cache-3
b39b9000-b39ba000 r-xs 00000000 08:02 91689      /var/cache/fontconfig/0d8c3b2ac0904cb8a57a757ad11a4a08-le32d4.cache-3
b39ba000-b39bb000 r-xs 00000000 08:02 91688      /var/cache/fontconfig/6a53c69dea097a2d716e069445527da8-le32d4.cache-3
b39bb000-b39bf000 r-xs 00000000 08:02 91687      /var/cache/fontconfig/062808c12e6e608270f93bb230aed730-le32d4.cache-3
b39bf000-b39c3000 r-xs 00000000 08:02 90784      /var/cache/fontconfig/a755afe4a08bf5b97852ceb7400b47bc-le32d4.cache-3
b39c3000-b39c4000 r-xs 00000000 08:02 552611     /var/cache/fontconfig/79517df041c92e3f2b4a9700e7dbe3c7-le32d4.cache-3
b39c4000-b39c5000 r-xs 00000000 08:02 552610     /var/cache/fontconfig/4abdb2dd99886b2b2d3168a6b22d0473-le32d4.cache-3
b39c5000-b39c6000 r-xs 00000000 08:02 552609     /var/cache/fontconfig/b9af901c4f3947128be824d599af5f25-le32d4.cache-3
b39c6000-b39c7000 r-xs 00000000 08:02 552608     /var/cache/fontconfig/a18183678af55fd6535fa2d00e080189-le32d4.cache-3
b39c7000-b39c9000 r-xs 00000000 08:02 552607     /var/cache/fontconfig/90e84e89a4382a8db77728561d41356d-le32d4.cache-3
b39c9000-b39ca000 r-xs 00000000 08:02 552606     /var/cache/fontconfig/b73ae53b2eee308c3d7feb99ac2d34cd-le32d4.cache-3
b39ca000-b39cb000 r-xs 00000000 08:02 552605     /var/cache/fontconfig/407fd690308a0b04640307de6deab6da-le32d4.cache-3
b39cb000-b39cd000 r-xs 00000000 08:02 552604     /var/cache/fontconfig/8039e78ad04dad2b193eec8c5f90bc4d-le32d4.cache-3
b39cd000-b39ce000 r-xs 00000000 08:02 552603     /var/cache/fontconfig/27f6fa40476fb33ad65cb210c133a216-le32d4.cache-3
b39ce000-b39cf000 r-xs 00000000 08:02 552602     /var/cache/fontconfig/98d684ad3abba16030bd60992dc9c5d7-le32d4.cache-3
b39cf000-b39d1000 r-xs 00000000 08:02 552601     /var/cache/fontconfig/9123b38b1c36356a690c2f0bc4cbf728-le32d4.cache-3
b39d1000-b39d5000 r-xs 00000000 08:02 90977      /var/cache/fontconfig/515ca1ebc4b18308bea979be5704f9db-le32d4.cache-3
b39d5000-b39dc000 r-xs 00000000 08:02 91069      /var/cache/fontconfig/6d41288fd70b0be22e8c3a91e032eec0-le32d4.cache-3
b39dc000-b39e4000 r-xs 00000000 08:02 90558      /var/cache/fontconfig/e3de0de479f42330eadf588a55fb5bf4-le32d4.cache-3
b39e4000-b39ef000 r-xs 00000000 08:02 90557      /var/cache/fontconfig/0f34bcd4b6ee430af32735b75db7f02b-le32d4.cache-3
b39ef000-b39f2000 r-xs 00000000 08:02 90527      /var/cache/fontconfig/d60319d88cac85ba9e1a07bd06cfbb8c-le32d4.cache-3
b39f2000-b39f4000 r-xs 00000000 08:02 90526      /var/cache/fontconfig/ddd4086aec35a5275babba44bb759c3c-le32d4.cache-3
b39f4000-b39f5000 r-xs 00000000 08:02 92596      /var/cache/fontconfig/4794a0821666d79190d59a36cb4f44b5-le32d4.cache-3
b39f5000-b3a17000 r-xs 00000000 08:02 90968      /var/cache/fontconfig/365b55f210c0a22e9a19e35191240f32-le32d4.cache-3
b3a17000-b3a1f000 r-xs 00000000 08:02 90507      /var/cache/fontconfig/d52a8644073d54c13679302ca1180695-le32d4.cache-3
b3a1f000-b3a25000 r-xs 00000000 08:02 90519      /var/cache/fontconfig/089dead882dea3570ffc31a9898cfb69-le32d4.cache-3
b3a25000-b3a2b000 r-xs 00000000 08:02 90234      /var/cache/fontconfig/cabbd14511b9e8a55e92af97fb3a0461-le32d4.cache-3
b3a2b000-b3a3d000 r-xs 00000000 08:02 90229      /var/cache/fontconfig/e13b20fdb08344e0e664864cc2ede53d-le32d4.cache-3
b3a3d000-b3a40000 rwxs 00000000 00:04 12615720   /SYSV00000000 (deleted)
b3a40000-b3a43000 r-xs 0001d000 08:02 1006925    /home/ichbinkeinreh/.m2/repository/org/lwjgl/lwjgl-util/2.7.1/lwjgl-util-2.7.1.jar
b3a43000-b3a47000 r-xp 00000000 08:02 839541     /usr/lib/i386-linux-gnu/libXxf86vm.so.1.0.0
b3a47000-b3a48000 r-xp 00003000 08:02 839541     /usr/lib/i386-linux-gnu/libXxf86vm.so.1.0.0
b3a48000-b3a49000 rwxp 00004000 08:02 839541     /usr/lib/i386-linux-gnu/libXxf86vm.so.1.0.0
b3a49000-b3a4b000 r-xp 00000000 08:02 839224     /usr/lib/i386-linux-gnu/libXdamage.so.1.1.0
b3a4b000-b3a4c000 r-xp 00001000 08:02 839224     /usr/lib/i386-linux-gnu/libXdamage.so.1.1.0
b3a4c000-b3a4d000 rwxp 00002000 08:02 839224     /usr/lib/i386-linux-gnu/libXdamage.so.1.1.0
b3a4d000-b3a53000 r-xp 00000000 08:02 839230     /usr/lib/i386-linux-gnu/libXrandr.so.2.2.0
b3a53000-b3a54000 r-xp 00005000 08:02 839230     /usr/lib/i386-linux-gnu/libXrandr.so.2.2.0
b3a54000-b3a55000 rwxp 00006000 08:02 839230     /usr/lib/i386-linux-gnu/libXrandr.so.2.2.0
b3a55000-b3ab3000 r-xp 00000000 08:02 939515     /tmp/liblwjgl.so
b3ab3000-b3ab4000 ---p 0005e000 08:02 939515     /tmp/liblwjgl.so
b3ab4000-b3ab5000 r-xp 0005e000 08:02 939515     /tmp/liblwjgl.so
b3ab5000-b3ab6000 rwxp 0005f000 08:02 939515     /tmp/liblwjgl.so
b3ab6000-b3ab9000 ---p 00000000 00:00 0 
b3ab9000-b3b07000 rwxp 00000000 00:00 0 
b3b07000-b3b0b000 r-xp 00000000 08:02 840480     /usr/lib/i386-linux-gnu/libXfixes.so.3.1.0
b3b0b000-b3b0c000 r-xp 00003000 08:02 840480     /usr/lib/i386-linux-gnu/libXfixes.so.3.1.0
b3b0c000-b3b0d000 rwxp 00004000 08:02 840480     /usr/lib/i386-linux-gnu/libXfixes.so.3.1.0
b3b0d000-b3b15000 r-xp 00000000 08:02 838970     /usr/lib/i386-linux-gnu/libXrender.so.1.3.0
b3b15000-b3b16000 r-xp 00007000 08:02 838970     /usr/lib/i386-linux-gnu/libXrender.so.1.3.0
b3b16000-b3b17000 rwxp 00008000 08:02 838970     /usr/lib/i386-linux-gnu/libXrender.so.1.3.0
b3b18000-b3b1c000 rwxs 56ffe000 00:05 7167       /dev/dri/card0
b3b1c000-b3b30000 r-xp 00000000 08:02 1100601    /usr/lib/jvm/java-6-sun-1.6.0.26/jre/lib/i386/libnet.so
b3b30000-b3b31000 rwxp 00013000 08:02 1100601    /usr/lib/jvm/java-6-sun-1.6.0.26/jre/lib/i386/libnet.so
b3b31000-b3b34000 ---p 00000000 00:00 0 
b3b34000-b3b82000 rwxp 00000000 00:00 0 
b3b82000-b3bfb000 r-xp 00000000 08:02 1100616    /usr/lib/jvm/java-6-sun-1.6.0.26/jre/lib/i386/libfontmanager.so
b3bfb000-b3c05000 rwxp 00078000 08:02 1100616    /usr/lib/jvm/java-6-sun-1.6.0.26/jre/lib/i386/libfontmanager.so
b3c05000-b3c0a000 rwxp 00000000 00:00 0 
b3c0a000-b3c4d000 r-xp 00000000 08:02 927545     /usr/lib/jvm/java-6-sun-1.6.0.26/jre/lib/i386/xawt/libmawt.so
b3c4d000-b3c4f000 rwxp 00043000 08:02 927545     /usr/lib/jvm/java-6-sun-1.6.0.26/jre/lib/i386/xawt/libmawt.so
b3c4f000-b3c50000 rwxp 00000000 00:00 0 
b3c50000-b3cd5000 r-xp 00000000 08:02 1100614    /usr/lib/jvm/java-6-sun-1.6.0.26/jre/lib/i386/libawt.so
b3cd5000-b3cdc000 rwxp 00085000 08:02 1100614    /usr/lib/jvm/java-6-sun-1.6.0.26/jre/lib/i386/libawt.so
b3cdc000-b3d00000 rwxp 00000000 00:00 0 
b3d00000-b3dfa000 rwxp 00000000 00:00 0 
b3dfa000-b3e00000 ---p 00000000 00:00 0 
b3e00000-b3e01000 r-xp 00000000 08:02 1100622    /usr/lib/jvm/java-6-sun-1.6.0.26/jre/lib/i386/libjawt.so
b3e01000-b3e02000 rwxp 00000000 08:02 1100622    /usr/lib/jvm/java-6-sun-1.6.0.26/jre/lib/i386/libjawt.so
b3e02000-b3e0a000 r-xp 00000000 08:02 839572     /usr/lib/i386-linux-gnu/libXcursor.so.1.0.2
b3e0a000-b3e0b000 r-xp 00007000 08:02 839572     /usr/lib/i386-linux-gnu/libXcursor.so.1.0.2
b3e0b000-b3e0c000 rwxp 00008000 08:02 839572     /usr/lib/i386-linux-gnu/libXcursor.so.1.0.2
b3e0c000-b3e19000 r-xp 00000000 08:02 839545     /usr/lib/i386-linux-gnu/libXi.so.6.1.0
b3e19000-b3e1a000 r-xp 0000c000 08:02 839545     /usr/lib/i386-linux-gnu/libXi.so.6.1.0
b3e1a000-b3e1b000 rwxp 0000d000 08:02 839545     /usr/lib/i386-linux-gnu/libXi.so.6.1.0
b3e1c000-b3e21000 r-xs 00000000 08:02 552600     /var/cache/fontconfig/7ef2298fde41cc6eeb7af42e48b7d293-le32d4.cache-3
b3e21000-b3e27000 r-xs 00000000 08:02 90228      /var/cache/fontconfig/b83386915dae36184c7e3985fd26e4b1-le32d4.cache-3
b3e27000-b3e35000 r-xs 00000000 08:02 90227      /var/cache/fontconfig/865f88548240fee46819705c6468c165-le32d4.cache-3
b3e35000-b3e41000 r-xs 000ca000 08:02 480543     /home/ichbinkeinreh/.m2/repository/org/lwjgl/lwjgl/2.7.1/lwjgl-2.7.1.jar
b3e41000-b3e43000 r-xs 0000d000 08:02 343913     /home/ichbinkeinreh/.m2/repository/jcraft/jorbis/0.0.15/jorbis-0.0.15.jar
b3e43000-b3e44000 r-xs 00001000 08:02 286175     /home/ichbinkeinreh/.m2/repository/jcraft/jogg/0.0.7/jogg-0.0.7.jar
b3e44000-b3e46000 r-xs 00008000 08:02 236939     /home/ichbinkeinreh/.m2/repository/ibxm/ibxm/unknown/ibxm-unknown.jar
b3e46000-b3e47000 r-xs 00001000 08:02 123509     /home/ichbinkeinreh/.m2/repository/javax/jnlp/jnlp/1.2/jnlp-1.2.jar
b3e47000-b3e48000 r-xs 00038000 08:02 11156      /home/ichbinkeinreh/.m2/repository/org/lwjgl/lwjgl-native/2.1.0/lwjgl-native-2.1.0-win32.jar
b3e48000-b3e4d000 r-xs 0002f000 08:02 1170738    /home/ichbinkeinreh/.m2/repository/org/lwjgl/lwjgl-jinput/2.1.0/lwjgl-jinput-2.1.0.jar
b3e4d000-b3e57000 r-xs 00093000 08:02 334537     /home/ichbinkeinreh/.m2/repository/slick/slick/270/slick-270.jar
b3e57000-b3e64000 r-xs 000a8000 08:02 179480     /home/ichbinkeinreh/.m2/repository/net/sf/trove4j/trove4j/2.0.2/trove4j-2.0.2.jar
b3e64000-b3e65000 ---p 00000000 00:00 0 
b3e65000-b3ee5000 rwxp 00000000 00:00 0 
b3ee5000-b3ee8000 ---p 00000000 00:00 0 
b3ee8000-b3f36000 rwxp 00000000 00:00 0 
b3f36000-b3f39000 ---p 00000000 00:00 0 
b3f39000-b3fb7000 rwxp 00000000 00:00 0 
b3fb7000-b3fba000 ---p 00000000 00:00 0 
b3fba000-b4008000 rwxp 00000000 00:00 0 
b4008000-b4128000 r-xp 00178000 08:02 838897     /usr/lib/locale/locale-archive
b4128000-b4328000 r-xp 00000000 08:02 838897     /usr/lib/locale/locale-archive
b4328000-b432b000 ---p 00000000 00:00 0 
b432b000-b4379000 rwxp 00000000 00:00 0 
b4379000-b437c000 ---p 00000000 00:00 0 
b437c000-b43fe000 rwxp 00000000 00:00 0 
b43fe000-b4596000 r-xs 03029000 08:02 1002499    /usr/lib/jvm/java-6-sun-1.6.0.26/jre/lib/rt.jar
b4596000-b4597000 ---p 00000000 00:00 0 
b4597000-b462b000 rwxp 00000000 00:00 0 
b462b000-b4645000 rwxp 00000000 00:00 0 
b4645000-b464d000 rwxp 00000000 00:00 0 
b464d000-b464e000 ---p 00000000 00:00 0 
b464e000-b4698000 rwxp 00000000 00:00 0 
b4698000-b469d000 rwxp 00000000 00:00 0 
b469d000-b46c1000 rwxp 00000000 00:00 0 
b46c1000-b46ca000 rwxp 00000000 00:00 0 
b46ca000-b4714000 rwxp 00000000 00:00 0 
b4714000-b471a000 rwxp 00000000 00:00 0 
b471a000-b4734000 rwxp 00000000 00:00 0 
b4734000-b4749000 rwxp 00000000 00:00 0 
b4749000-b47c0000 rwxp 00000000 00:00 0 
b47c0000-b49e8000 rwxp 00000000 00:00 0 
b49e8000-b67c0000 rwxp 00000000 00:00 0 
b67c0000-b67ca000 r-xp 00000000 08:02 1132124    /lib/i386-linux-gnu/libnss_files-2.13.so
b67ca000-b67cb000 r-xp 00009000 08:02 1132124    /lib/i386-linux-gnu/libnss_files-2.13.so
b67cb000-b67cc000 rwxp 0000a000 08:02 1132124    /lib/i386-linux-gnu/libnss_files-2.13.so
b67cc000-b67cd000 r-xs 0019f000 08:02 546362     /home/ichbinkeinreh/.m2/repository/org/lwjgl/lwjgl-native/2.7.1/lwjgl-native-2.7.1.jar
b67cd000-b67dc000 r-xp 00000000 08:02 1100597    /usr/lib/jvm/java-6-sun-1.6.0.26/jre/lib/i386/libzip.so
b67dc000-b67de000 rwxp 0000e000 08:02 1100597    /usr/lib/jvm/java-6-sun-1.6.0.26/jre/lib/i386/libzip.so
b67de000-b67e6000 rwxs 00000000 08:02 939197     /tmp/hsperfdata_ichbinkeinreh/4107
b67e6000-b6809000 r-xp 00000000 08:02 1100596    /usr/lib/jvm/java-6-sun-1.6.0.26/jre/lib/i386/libjava.so
b6809000-b680b000 rwxp 00023000 08:02 1100596    /usr/lib/jvm/java-6-sun-1.6.0.26/jre/lib/i386/libjava.so
b680b000-b6816000 r-xp 00000000 08:02 1100350    /usr/lib/jvm/java-6-sun-1.6.0.26/jre/lib/i386/libverify.so
b6816000-b6817000 rwxp 0000b000 08:02 1100350    /usr/lib/jvm/java-6-sun-1.6.0.26/jre/lib/i386/libverify.so
b6817000-b681a000 ---p 00000000 00:00 0 
b681a000-b6868000 rwxp 00000000 00:00 0 
b6868000-b6d49000 r-xp 00000000 08:02 929613     /usr/lib/jvm/java-6-sun-1.6.0.26/jre/lib/i386/client/libjvm.so
b6d49000-b6d6c000 rwxp 004e1000 08:02 929613     /usr/lib/jvm/java-6-sun-1.6.0.26/jre/lib/i386/client/libjvm.so
b6d6c000-b718a000 rwxp 00000000 00:00 0 
b718a000-b718f000 r-xp 00000000 08:02 825750     /usr/lib/libogg.so.0.7.0
b718f000-b7190000 r-xp 00004000 08:02 825750     /usr/lib/libogg.so.0.7.0
b7190000-b7191000 rwxp 00005000 08:02 825750     /usr/lib/libogg.so.0.7.0
b7191000-b71b6000 r-xp 00000000 08:02 825318     /usr/lib/libvorbis.so.0.4.5
b71b6000-b71b7000 r-xp 00025000 08:02 825318     /usr/lib/libvorbis.so.0.4.5
b71b7000-b71b8000 rwxp 00026000 08:02 825318     /usr/lib/libvorbis.so.0.4.5
b71b8000-b71b9000 rwxp 00000000 00:00 0 
b71b9000-b731e000 r-xp 00000000 08:02 823156     /usr/lib/libvorbisenc.so.2.0.8
b731e000-b731f000 ---p 00165000 08:02 823156     /usr/lib/libvorbisenc.so.2.0.8
b731f000-b7330000 r-xp 00165000 08:02 823156     /usr/lib/libvorbisenc.so.2.0.8
b7330000-b7331000 rwxp 00176000 08:02 823156     /usr/lib/libvorbisenc.so.2.0.8
b7331000-b737b000 r-xp 00000000 08:02 824172     /usr/lib/libFLAC.so.8.2.0
b737b000-b737c000 r-xp 00049000 08:02 824172     /usr/lib/libFLAC.so.8.2.0
b737c000-b737d000 rwxp 0004a000 08:02 824172     /usr/lib/libFLAC.so.8.2.0
b737d000-b7390000 r-xp 00000000 08:02 1132078    /lib/i386-linux-gnu/libnsl-2.13.so
b7390000-b7391000 r-xp 00012000 08:02 1132078    /lib/i386-linux-gnu/libnsl-2.13.so
b7391000-b7392000 rwxp 00013000 08:02 1132078    /lib/i386-linux-gnu/libnsl-2.13.so
b7392000-b7394000 rwxp 00000000 00:00 0 
b7394000-b7398000 r-xp 00000000 08:02 839340     /usr/lib/i386-linux-gnu/libXdmcp.so.6.0.0
b7398000-b7399000 r-xp 00003000 08:02 839340     /usr/lib/i386-linux-gnu/libXdmcp.so.6.0.0
b7399000-b739a000 rwxp 00004000 08:02 839340     /usr/lib/i386-linux-gnu/libXdmcp.so.6.0.0
b739a000-b739c000 r-xp 00000000 08:02 838952     /usr/lib/i386-linux-gnu/libXau.so.6.0.0
b739c000-b739d000 r-xp 00001000 08:02 838952     /usr/lib/i386-linux-gnu/libXau.so.6.0.0
b739d000-b739e000 rwxp 00002000 08:02 838952     /usr/lib/i386-linux-gnu/libXau.so.6.0.0
b739e000-b739f000 rwxp 00000000 00:00 0 
b739f000-b73ac000 r-xp 00000000 08:02 839424     /usr/lib/i386-linux-gnu/libXext.so.6.4.0
b73ac000-b73ad000 r-xp 0000c000 08:02 839424     /usr/lib/i386-linux-gnu/libXext.so.6.4.0
b73ad000-b73ae000 rwxp 0000d000 08:02 839424     /usr/lib/i386-linux-gnu/libXext.so.6.4.0
b73ae000-b73b1000 r-xp 00000000 08:02 1132113    /lib/i386-linux-gnu/libuuid.so.1.3.0
b73b1000-b73b2000 r-xp 00002000 08:02 1132113    /lib/i386-linux-gnu/libuuid.so.1.3.0
b73b2000-b73b3000 rwxp 00003000 08:02 1132113    /lib/i386-linux-gnu/libuuid.so.1.3.0
b73b3000-b7413000 r-xp 00000000 08:02 824300     /usr/lib/libsndfile.so.1.0.23
b7413000-b7414000 ---p 00060000 08:02 824300     /usr/lib/libsndfile.so.1.0.23
b7414000-b7415000 r-xp 00060000 08:02 824300     /usr/lib/libsndfile.so.1.0.23
b7415000-b7416000 rwxp 00061000 08:02 824300     /usr/lib/libsndfile.so.1.0.23
b7416000-b741a000 rwxp 00000000 00:00 0 
b741a000-b7421000 r-xp 00000000 08:02 1132021    /lib/libwrap.so.0.7.6
b7421000-b7422000 r-xp 00006000 08:02 1132021    /lib/libwrap.so.0.7.6
b7422000-b7423000 rwxp 00007000 08:02 1132021    /lib/libwrap.so.0.7.6
b7423000-b745e000 r-xp 00000000 08:02 1211187    /lib/i386-linux-gnu/libdbus-1.so.3.5.4
b745e000-b745f000 r-xp 0003a000 08:02 1211187    /lib/i386-linux-gnu/libdbus-1.so.3.5.4
b745f000-b7460000 rwxp 0003b000 08:02 1211187    /lib/i386-linux-gnu/libdbus-1.so.3.5.4
b7460000-b7461000 rwxp 00000000 00:00 0 
b7461000-b7478000 r-xp 00000000 08:02 838880     /usr/lib/i386-linux-gnu/libxcb.so.1.1.0
b7478000-b7479000 r-xp 00016000 08:02 838880     /usr/lib/i386-linux-gnu/libxcb.so.1.1.0
b7479000-b747a000 rwxp 00017000 08:02 838880     /usr/lib/i386-linux-gnu/libxcb.so.1.1.0
b747a000-b747d000 r-xp 00000000 08:02 825253     /usr/lib/libxcb-atom.so.1.0.0
b747d000-b747e000 r-xp 00002000 08:02 825253     /usr/lib/libxcb-atom.so.1.0.0
b747e000-b747f000 rwxp 00003000 08:02 825253     /usr/lib/libxcb-atom.so.1.0.0
b747f000-b7483000 r-xp 00000000 08:02 823028     /usr/lib/libXtst.so.6.1.0
b7483000-b7484000 r-xp 00003000 08:02 823028     /usr/lib/libXtst.so.6.1.0
b7484000-b7485000 rwxp 00004000 08:02 823028     /usr/lib/libXtst.so.6.1.0
b7485000-b748b000 r-xp 00000000 08:02 840970     /usr/lib/i386-linux-gnu/libSM.so.6.0.1
b748b000-b748c000 r-xp 00005000 08:02 840970     /usr/lib/i386-linux-gnu/libSM.so.6.0.1
b748c000-b748d000 rwxp 00006000 08:02 840970     /usr/lib/i386-linux-gnu/libSM.so.6.0.1
b748d000-b74a1000 r-xp 00000000 08:02 840961     /usr/lib/i386-linux-gnu/libICE.so.6.3.0
b74a1000-b74a2000 r-xp 00013000 08:02 840961     /usr/lib/i386-linux-gnu/libICE.so.6.3.0
b74a2000-b74a3000 rwxp 00014000 08:02 840961     /usr/lib/i386-linux-gnu/libICE.so.6.3.0
b74a3000-b74a6000 rwxp 00000000 00:00 0 
b74a6000-b75bc000 r-xp 00000000 08:02 838881     /usr/lib/i386-linux-gnu/libX11.so.6.3.0
b75bc000-b75bd000 ---p 00116000 08:02 838881     /usr/lib/i386-linux-gnu/libX11.so.6.3.0
b75bd000-b75be000 r-xp 00116000 08:02 838881     /usr/lib/i386-linux-gnu/libX11.so.6.3.0
b75be000-b75c0000 rwxp 00117000 08:02 838881     /usr/lib/i386-linux-gnu/libX11.so.6.3.0
b75c0000-b75c1000 rwxp 00000000 00:00 0 
b75c1000-b75c2000 r-xp 00000000 08:02 838968     /usr/lib/i386-linux-gnu/libX11-xcb.so.1.0.0
b75c2000-b75c3000 r-xp 00000000 08:02 838968     /usr/lib/i386-linux-gnu/libX11-xcb.so.1.0.0
b75c3000-b75c4000 rwxp 00001000 08:02 838968     /usr/lib/i386-linux-gnu/libX11-xcb.so.1.0.0
b75c4000-b75e8000 r-xp 00000000 08:02 1132114    /lib/i386-linux-gnu/libm-2.13.so
b75e8000-b75e9000 r-xp 00023000 08:02 1132114    /lib/i386-linux-gnu/libm-2.13.so
b75e9000-b75ea000 rwxp 00024000 08:02 1132114    /lib/i386-linux-gnu/libm-2.13.so
b75ea000-b75f1000 r-xp 00000000 08:02 1132067    /lib/i386-linux-gnu/librt-2.13.so
b75f1000-b75f2000 r-xp 00006000 08:02 1132067    /lib/i386-linux-gnu/librt-2.13.so
b75f2000-b75f3000 rwxp 00007000 08:02 1132067    /lib/i386-linux-gnu/librt-2.13.so
b75f3000-b763a000 r-xp 00000000 08:02 825372     /usr/lib/libpulsecommon-0.9.22.so
b763a000-b763b000 r-xp 00046000 08:02 825372     /usr/lib/libpulsecommon-0.9.22.so
b763b000-b763c000 rwxp 00047000 08:02 825372     /usr/lib/libpulsecommon-0.9.22.so
b763c000-b763d000 rwxp 00000000 00:00 0 
b763d000-b767c000 r-xp 00000000 08:02 823400     /usr/lib/libpulse.so.0.12.3
b767c000-b767d000 r-xp 0003e000 08:02 823400     /usr/lib/libpulse.so.0.12.3
b767d000-b767e000 rwxp 0003f000 08:02 823400     /usr/lib/libpulse.so.0.12.3
b767e000-b77d8000 r-xp 00000000 08:02 1132061    /lib/i386-linux-gnu/libc-2.13.so
b77d8000-b77d9000 ---p 0015a000 08:02 1132061    /lib/i386-linux-gnu/libc-2.13.so
b77d9000-b77db000 r-xp 0015a000 08:02 1132061    /lib/i386-linux-gnu/libc-2.13.so
b77db000-b77dc000 rwxp 0015c000 08:02 1132061    /lib/i386-linux-gnu/libc-2.13.so
b77dc000-b77df000 rwxp 00000000 00:00 0 
b77df000-b77e1000 r-xp 00000000 08:02 1132103    /lib/i386-linux-gnu/libdl-2.13.so
b77e1000-b77e2000 r-xp 00001000 08:02 1132103    /lib/i386-linux-gnu/libdl-2.13.so
b77e2000-b77e3000 rwxp 00002000 08:02 1132103    /lib/i386-linux-gnu/libdl-2.13.so
b77e3000-b77ea000 r-xp 00000000 08:02 947822     /usr/lib/jvm/java-6-sun-1.6.0.26/jre/lib/i386/jli/libjli.so
b77ea000-b77ec000 rwxp 00006000 08:02 947822     /usr/lib/jvm/java-6-sun-1.6.0.26/jre/lib/i386/jli/libjli.so
b77ec000-b7801000 r-xp 00000000 08:02 1132096    /lib/i386-linux-gnu/libpthread-2.13.so
b7801000-b7802000 r-xp 00015000 08:02 1132096    /lib/i386-linux-gnu/libpthread-2.13.so
b7802000-b7803000 rwxp 00016000 08:02 1132096    /lib/i386-linux-gnu/libpthread-2.13.so
b7803000-b7806000 rwxp 00000000 00:00 0 
b7806000-b780f000 r-xp 00000000 08:02 825342     /usr/lib/libpulsedsp.so
b780f000-b7810000 r-xp 00008000 08:02 825342     /usr/lib/libpulsedsp.so
b7810000-b7811000 rwxp 00009000 08:02 825342     /usr/lib/libpulsedsp.so
b7811000-b7813000 r-xs 00019000 08:02 1047833    /home/ichbinkeinreh/.m2/repository/phys2d/phys2d/060408/phys2d-060408.jar
b7813000-b7816000 r-xs 00011000 08:02 200285     /home/ichbinkeinreh/.m2/repository/de/unisaarland/cs/st/saarsiedler-cl-comm/1.1.1/saarsiedler-cl-comm-1.1.1.jar
b7816000-b781f000 r-xp 00000000 08:02 1132083    /lib/i386-linux-gnu/libnss_nis-2.13.so
b781f000-b7820000 r-xp 00008000 08:02 1132083    /lib/i386-linux-gnu/libnss_nis-2.13.so
b7820000-b7821000 rwxp 00009000 08:02 1132083    /lib/i386-linux-gnu/libnss_nis-2.13.so
b7821000-b7827000 r-xp 00000000 08:02 1132085    /lib/i386-linux-gnu/libnss_compat-2.13.so
b7827000-b7828000 r-xp 00005000 08:02 1132085    /lib/i386-linux-gnu/libnss_compat-2.13.so
b7828000-b7829000 rwxp 00006000 08:02 1132085    /lib/i386-linux-gnu/libnss_compat-2.13.so
b7829000-b782a000 rwxp 00000000 00:00 0 
b782a000-b782b000 r-xp 00000000 00:00 0 
b782b000-b782d000 rwxp 00000000 00:00 0 
b782d000-b782e000 r-xp 00000000 00:00 0          [vdso]
b782e000-b784a000 r-xp 00000000 08:02 1132122    /lib/i386-linux-gnu/ld-2.13.so
b784a000-b784b000 r-xp 0001b000 08:02 1132122    /lib/i386-linux-gnu/ld-2.13.so
b784b000-b784c000 rwxp 0001c000 08:02 1132122    /lib/i386-linux-gnu/ld-2.13.so
bfc64000-bfc85000 rwxp 00000000 00:00 0          [stack]

VM Arguments:
jvm_args: -Dfile.encoding=UTF-8 
java_command: de.unisaarland.cs.sopra.common.Client
Launcher Type: SUN_STANDARD

Environment Variables:
PATH=/usr/local/texlive/2010/bin/i386-linux/:/usr/local/sbin:/usr/local/bin:/usr/sbin:/usr/bin:/sbin:/bin:/usr/games
USERNAME=ichbinkeinreh
LD_LIBRARY_PATH=/usr/lib/jvm/java-6-sun-1.6.0.26/jre/lib/i386/client:/usr/lib/jvm/java-6-sun-1.6.0.26/jre/lib/i386:/usr/lib/jvm/java-6-sun-1.6.0.26/jre/../lib/i386
LD_PRELOAD=libpulsedsp.so
SHELL=/bin/bash
DISPLAY=:0.0

Signal Handlers:
SIGSEGV: [libjvm.so+0x469ec0], sa_mask[0]=0x7ffbfeff, sa_flags=0x10000004
SIGBUS: [libjvm.so+0x469ec0], sa_mask[0]=0x7ffbfeff, sa_flags=0x10000004
SIGFPE: [libjvm.so+0x38bf10], sa_mask[0]=0x7ffbfeff, sa_flags=0x10000004
SIGPIPE: [libjvm.so+0x38bf10], sa_mask[0]=0x7ffbfeff, sa_flags=0x10000004
SIGXFSZ: [libjvm.so+0x38bf10], sa_mask[0]=0x7ffbfeff, sa_flags=0x10000004
SIGILL: [libjvm.so+0x38bf10], sa_mask[0]=0x7ffbfeff, sa_flags=0x10000004
SIGUSR1: SIG_DFL, sa_mask[0]=0x00000000, sa_flags=0x00000000
SIGUSR2: [libjvm.so+0x38f150], sa_mask[0]=0x00000004, sa_flags=0x10000004
SIGHUP: [libjvm.so+0x38ed30], sa_mask[0]=0x7ffbfeff, sa_flags=0x10000004
SIGINT: [libjvm.so+0x38ed30], sa_mask[0]=0x7ffbfeff, sa_flags=0x10000004
SIGTERM: [libjvm.so+0x38ed30], sa_mask[0]=0x7ffbfeff, sa_flags=0x10000004
SIGQUIT: [libjvm.so+0x38ed30], sa_mask[0]=0x7ffbfeff, sa_flags=0x10000004


---------------  S Y S T E M  ---------------

OS:squeeze/sid

uname:Linux 2.6.38-11-generic #48-Ubuntu SMP Fri Jul 29 19:05:14 UTC 2011 i686
libc:glibc 2.13 NPTL 2.13 
rlimit: STACK 8192k, CORE 0k, NPROC infinity, NOFILE 4096, AS infinity
load average:0.91 0.42 0.29

/proc/meminfo:
MemTotal:        1012532 kB
MemFree:           23984 kB
Buffers:            7828 kB
Cached:           254552 kB
SwapCached:        22448 kB
Active:           444160 kB
Inactive:         477220 kB
Active(anon):     375368 kB
Inactive(anon):   388036 kB
Active(file):      68792 kB
Inactive(file):    89184 kB
Unevictable:          32 kB
Mlocked:              32 kB
HighTotal:        127328 kB
HighFree:            248 kB
LowTotal:         885204 kB
LowFree:           23736 kB
SwapTotal:        978940 kB
SwapFree:         693440 kB
Dirty:              4896 kB
Writeback:             0 kB
AnonPages:        654452 kB
Mapped:            66020 kB
Shmem:            104292 kB
Slab:              29800 kB
SReclaimable:      13192 kB
SUnreclaim:        16608 kB
KernelStack:        3392 kB
PageTables:         7980 kB
NFS_Unstable:          0 kB
Bounce:                0 kB
WritebackTmp:          0 kB
CommitLimit:     1485204 kB
Committed_AS:    2817496 kB
VmallocTotal:     122880 kB
VmallocUsed:       18528 kB
VmallocChunk:      97292 kB
HardwareCorrupted:     0 kB
HugePages_Total:       0
HugePages_Free:        0
HugePages_Rsvd:        0
HugePages_Surp:        0
Hugepagesize:       4096 kB
DirectMap4k:      909304 kB
DirectMap4M:           0 kB


CPU:total 2 (1 cores per cpu, 2 threads per core) family 6 model 28 stepping 2, cmov, cx8, fxsr, mmx, sse, sse2, sse3, ssse3, ht

/proc/cpuinfo:
processor	: 0
vendor_id	: GenuineIntel
cpu family	: 6
model		: 28
model name	: Intel(R) Atom(TM) CPU N270   @ 1.60GHz
stepping	: 2
cpu MHz		: 1600.000
cache size	: 512 KB
physical id	: 0
siblings	: 2
core id		: 0
cpu cores	: 1
apicid		: 0
initial apicid	: 0
fdiv_bug	: no
hlt_bug		: no
f00f_bug	: no
coma_bug	: no
fpu		: yes
fpu_exception	: yes
cpuid level	: 10
wp		: yes
flags		: fpu vme de tsc msr pae mce cx8 apic mtrr pge mca cmov pat clflush dts acpi mmx fxsr sse sse2 ss ht tm pbe constant_tsc arch_perfmon pebs bts aperfmperf pni dtes64 monitor ds_cpl est tm2 ssse3 xtpr pdcm movbe lahf_lm dts
bogomips	: 3192.02
clflush size	: 64
cache_alignment	: 64
address sizes	: 32 bits physical, 32 bits virtual
power management:

processor	: 1
vendor_id	: GenuineIntel
cpu family	: 6
model		: 28
model name	: Intel(R) Atom(TM) CPU N270   @ 1.60GHz
stepping	: 2
cpu MHz		: 1600.000
cache size	: 512 KB
physical id	: 0
siblings	: 2
core id		: 0
cpu cores	: 1
apicid		: 1
initial apicid	: 1
fdiv_bug	: no
hlt_bug		: no
f00f_bug	: no
coma_bug	: no
fpu		: yes
fpu_exception	: yes
cpuid level	: 10
wp		: yes
flags		: fpu vme de tsc msr pae mce cx8 apic mtrr pge mca cmov pat clflush dts acpi mmx fxsr sse sse2 ss ht tm pbe nx constant_tsc arch_perfmon pebs bts aperfmperf pni dtes64 monitor ds_cpl est tm2 ssse3 xtpr pdcm movbe lahf_lm dts
bogomips	: 3192.04
clflush size	: 64
cache_alignment	: 64
address sizes	: 32 bits physical, 32 bits virtual
power management:



Memory: 4k page, physical 1012532k(23984k free), swap 978940k(693440k free)

vm_info: Java HotSpot(TM) Client VM (20.1-b02) for linux-x86 JRE (1.6.0_26-b03), built on May  4 2011 01:23:42 by "java_re" with gcc 3.2.1-7a (J2SE release)

time: Tue Sep 20 18:15:13 2011
elapsed time: 1701 seconds

