#
# A fatal error has been detected by the Java Runtime Environment:
#
#  SIGSEGV (0xb) at pc=0xb77440b1, pid=8629, tid=3008363376
#
# JRE version: 6.0_26-b03
# Java VM: Java HotSpot(TM) Client VM (20.1-b02 mixed mode, sharing linux-x86 )
# Problematic frame:
# C  [ld-linux.so.2+0x90b1]  _dl_rtld_di_serinfo+0xa61
#
# If you would like to submit a bug report, please visit:
#   http://java.sun.com/webapps/bugreport/crash.jsp
# The crash happened outside the Java Virtual Machine in native code.
# See problematic frame for where to report the bug.
#

---------------  T H R E A D  ---------------

Current thread (0x0950e800):  JavaThread "Thread-2" [_thread_in_native, id=8737, stack(0xb34af000,0xb3500000)]

siginfo:si_signo=SIGSEGV: si_errno=0, si_code=1 (SEGV_MAPERR), si_addr=0x00010068

Registers:
EAX=0x0001005c, EBX=0xb7757ff4, ECX=0xb34fe334, EDX=0x00001d20
ESP=0xb34fe2b0, EBP=0xb34fe2e0, ESI=0x0001005c, EDI=0x00000000
EIP=0xb77440b1, EFLAGS=0x00010282, CR2=0x00010068

Top of Stack: (sp=0xb34fe2b0)
0xb34fe2b0:   00000018 09670e58 7479422f 09670e64
0xb34fe2c0:   b76e93c0 8ed33b52 b34fe318 b76e7ff4
0xb34fe2d0:   b76e93c0 b7757ff4 b3a6a6d4 00000000
0xb34fe2e0:   b34fe36c b77446f2 00000010 b671f968
0xb34fe2f0:   0951d714 b34fe370 b34fe338 b6720a39
0xb34fe300:   b34fe370 00000000 b34fe348 b6c76430
0xb34fe310:   00008bdc b7755494 00000000 00eb98d8
0xb34fe320:   00000805 0951d234 1d731b17 b381313c 

Instructions: (pc=0xb77440b1)
0xb7744091:   c3 8d b4 26 00 00 00 00 8d bc 27 00 00 00 00 55
0xb77440a1:   89 e5 83 ec 30 89 5d f4 89 75 f8 89 c6 89 7d fc
0xb77440b1:   0f b6 40 0c 89 cf e8 ef e3 00 00 81 c3 38 3f 01
0xb77440c1:   00 83 e0 0f 83 f8 06 0f 85 21 01 00 00 31 d2 66 

Register to memory mapping:

EAX=0x0001005c is an unknown value
EBX=0xb7757ff4: <offset 0x1cff4> in /lib/ld-linux.so.2 at 0xb773b000
ECX=0xb34fe334 is pointing into the stack for thread: 0x0950e800
EDX=0x00001d20 is an unknown value
ESP=0xb34fe2b0 is pointing into the stack for thread: 0x0950e800
EBP=0xb34fe2e0 is pointing into the stack for thread: 0x0950e800
ESI=0x0001005c is an unknown value
EDI=0x00000000 is an unknown value


Stack: [0xb34af000,0xb3500000],  sp=0xb34fe2b0,  free space=316k
Native frames: (J=compiled Java code, j=interpreted, Vv=VM code, C=native code)
C  [ld-linux.so.2+0x90b1]  _dl_rtld_di_serinfo+0xa61
C  [ld-linux.so.2+0x96f2]  _dl_rtld_di_serinfo+0x10a2
C  [ld-linux.so.2+0x9979]  _dl_rtld_di_serinfo+0x1329
C  [libc.so.6+0x108be3]  __libc_dlclose+0x1a3
C  [libc.so.6+0x1090aa]  _dl_sym+0x1a
C  [libdl.so.2+0xd18]  double+0x68
C  [ld-linux.so.2+0xe4d6]  _dl_rtld_di_serinfo+0x5e86
C  [libdl.so.2+0x12cc]  double+0x2dc
C  [libdl.so.2+0xd8c]  double+0x5c
V  [libjvm.so+0x389710]  os::dll_lookup(void*, char const*)+0x30
V  [libjvm.so+0x2c86ec]  JVM_FindLibraryEntry+0x2c
C  [libjava.so+0xc21d]  Java_java_lang_ClassLoader_00024NativeLibrary_find+0x9d
j  java.lang.ClassLoader$NativeLibrary.find(Ljava/lang/String;)J+0
j  java.lang.ClassLoader.findNative(Ljava/lang/ClassLoader;Ljava/lang/String;)J+49
v  ~StubRoutines::call_stub
V  [libjvm.so+0x24cc61]  JavaCalls::call_helper(JavaValue*, methodHandle*, JavaCallArguments*, Thread*)+0x1c1
V  [libjvm.so+0x38d288]  os::os_exception_wrapper(void (*)(JavaValue*, methodHandle*, JavaCallArguments*, Thread*), JavaValue*, methodHandle*, JavaCallArguments*, Thread*)+0x18
V  [libjvm.so+0x24c912]  JavaCalls::call_static(JavaValue*, KlassHandle, symbolHandle, symbolHandle, JavaCallArguments*, Thread*)+0x82
V  [libjvm.so+0x24ca52]  JavaCalls::call_static(JavaValue*, KlassHandle, symbolHandle, symbolHandle, Handle, Handle, Thread*)+0x62
V  [libjvm.so+0x36fd54]  NativeLookup::lookup_style(methodHandle, char*, char const*, int, bool, bool&, Thread*)+0x194
V  [libjvm.so+0x36ff32]  NativeLookup::lookup_entry(methodHandle, bool&, Thread*)+0x62
V  [libjvm.so+0x3702c1]  NativeLookup::lookup_base(methodHandle, bool&, Thread*)+0x41
V  [libjvm.so+0x3703d3]  NativeLookup::lookup(methodHandle, bool&, Thread*)+0x43
V  [libjvm.so+0x248fc1]  InterpreterRuntime::prepare_native_call(JavaThread*, methodOopDesc*)+0x81
j  org.lwjgl.opengl.LinuxPeerInfo.createHandle()Ljava/nio/ByteBuffer;+0
j  org.lwjgl.opengl.LinuxPeerInfo.<init>()V+1
j  org.lwjgl.opengl.LinuxDisplayPeerInfo.<init>(Lorg/lwjgl/opengl/PixelFormat;)V+1
j  org.lwjgl.opengl.LinuxDisplay.createPeerInfo(Lorg/lwjgl/opengl/PixelFormat;)Lorg/lwjgl/opengl/PeerInfo;+6
j  org.lwjgl.opengl.Display.create(Lorg/lwjgl/opengl/PixelFormat;Lorg/lwjgl/opengl/Drawable;Lorg/lwjgl/opengl/ContextAttribs;)V+58
j  org.lwjgl.opengl.Display.create(Lorg/lwjgl/opengl/PixelFormat;)V+9
j  org.lwjgl.opengl.Display.create()V+13
j  de.unisaarland.cs.sopra.common.view.GameGUI.init()V+57
j  de.unisaarland.cs.sopra.common.view.GameGUI.run()V+1
j  java.lang.Thread.run()V+11
v  ~StubRoutines::call_stub
V  [libjvm.so+0x24cc61]  JavaCalls::call_helper(JavaValue*, methodHandle*, JavaCallArguments*, Thread*)+0x1c1
V  [libjvm.so+0x38d288]  os::os_exception_wrapper(void (*)(JavaValue*, methodHandle*, JavaCallArguments*, Thread*), JavaValue*, methodHandle*, JavaCallArguments*, Thread*)+0x18
V  [libjvm.so+0x24c4d5]  JavaCalls::call_virtual(JavaValue*, KlassHandle, symbolHandle, symbolHandle, JavaCallArguments*, Thread*)+0xc5
V  [libjvm.so+0x24c598]  JavaCalls::call_virtual(JavaValue*, Handle, KlassHandle, symbolHandle, symbolHandle, Thread*)+0x58
V  [libjvm.so+0x2d1037]  thread_entry(JavaThread*, Thread*)+0xa7
V  [libjvm.so+0x4359ff]  JavaThread::run()+0x11f
V  [libjvm.so+0x38eade]  java_start(Thread*)+0x14e
C  [libpthread.so.0+0x5e99]  short+0xd9

Java frames: (J=compiled Java code, j=interpreted, Vv=VM code)
j  java.lang.ClassLoader$NativeLibrary.find(Ljava/lang/String;)J+0
j  java.lang.ClassLoader.findNative(Ljava/lang/ClassLoader;Ljava/lang/String;)J+49
v  ~StubRoutines::call_stub
j  org.lwjgl.opengl.LinuxPeerInfo.createHandle()Ljava/nio/ByteBuffer;+0
j  org.lwjgl.opengl.LinuxPeerInfo.<init>()V+1
j  org.lwjgl.opengl.LinuxDisplayPeerInfo.<init>(Lorg/lwjgl/opengl/PixelFormat;)V+1
j  org.lwjgl.opengl.LinuxDisplay.createPeerInfo(Lorg/lwjgl/opengl/PixelFormat;)Lorg/lwjgl/opengl/PeerInfo;+6
j  org.lwjgl.opengl.Display.create(Lorg/lwjgl/opengl/PixelFormat;Lorg/lwjgl/opengl/Drawable;Lorg/lwjgl/opengl/ContextAttribs;)V+58
j  org.lwjgl.opengl.Display.create(Lorg/lwjgl/opengl/PixelFormat;)V+9
j  org.lwjgl.opengl.Display.create()V+13
j  de.unisaarland.cs.sopra.common.view.GameGUI.init()V+57
j  de.unisaarland.cs.sopra.common.view.GameGUI.run()V+1
j  java.lang.Thread.run()V+11
v  ~StubRoutines::call_stub

---------------  P R O C E S S  ---------------

Java Threads: ( => current thread )
=>0x0950e800 JavaThread "Thread-2" [_thread_in_native, id=8737, stack(0xb34af000,0xb3500000)]
  0x0951f000 JavaThread "AWT-EventQueue-0" [_thread_blocked, id=8673, stack(0xb369e000,0xb36ef000)]
  0xb387d400 JavaThread "TimerQueue" daemon [_thread_blocked, id=8660, stack(0xb3645000,0xb3696000)]
  0xb3501400 JavaThread "SocketMessageRouter" daemon [_thread_in_native, id=8659, stack(0xb345e000,0xb34af000)]
  0xb38c0c00 JavaThread "DestroyJavaVM" [_thread_blocked, id=8634, stack(0xb6724000,0xb6775000)]
  0xb3828c00 JavaThread "AWT-Shutdown" [_thread_blocked, id=8654, stack(0xb395e000,0xb39af000)]
  0xb3811c00 JavaThread "AWT-XAWT" daemon [_thread_in_native, id=8649, stack(0xb3ac3000,0xb3b14000)]
  0x0958c000 JavaThread "Java2D Disposer" daemon [_thread_blocked, id=8646, stack(0xb3b48000,0xb3b99000)]
  0x09480400 JavaThread "Low Memory Detector" daemon [_thread_blocked, id=8640, stack(0xb3df2000,0xb3e43000)]
  0x0947e800 JavaThread "C1 CompilerThread0" daemon [_thread_blocked, id=8639, stack(0xb3e43000,0xb3ec4000)]
  0x0947cc00 JavaThread "Signal Dispatcher" daemon [_thread_blocked, id=8638, stack(0xb3ec4000,0xb3f15000)]
  0x09475400 JavaThread "Finalizer" daemon [_thread_blocked, id=8637, stack(0xb4235000,0xb4286000)]
  0x09474000 JavaThread "Reference Handler" daemon [_thread_blocked, id=8636, stack(0xb4286000,0xb42d7000)]

Other Threads:
  0x09469800 VMThread [stack: 0xb44a3000,0xb4524000] [id=8635]
  0x0948c400 WatcherThread [stack: 0xb3d71000,0xb3df2000] [id=8641]

VM state:not at safepoint (normal execution)

VM Mutex/Monitor currently owned by a thread: None

Heap
 def new generation   total 4736K, used 671K [0x7f4f0000, 0x7fa10000, 0x84790000)
  eden space 4224K,  12% used [0x7f4f0000, 0x7f5729b0, 0x7f910000)
  from space 512K,  29% used [0x7f990000, 0x7f9b5428, 0x7fa10000)
  to   space 512K,   0% used [0x7f910000, 0x7f910000, 0x7f990000)
 tenured generation   total 10624K, used 2248K [0x84790000, 0x851f0000, 0x8ecf0000)
   the space 10624K,  21% used [0x84790000, 0x849c2378, 0x849c2400, 0x851f0000)
 compacting perm gen  total 12288K, used 2680K [0x8ecf0000, 0x8f8f0000, 0x92cf0000)
   the space 12288K,  21% used [0x8ecf0000, 0x8ef8e170, 0x8ef8e200, 0x8f8f0000)
    ro space 10240K,  61% used [0x92cf0000, 0x93319d08, 0x93319e00, 0x936f0000)
    rw space 12288K,  60% used [0x936f0000, 0x93e2c660, 0x93e2c800, 0x942f0000)

Code Cache  [0xb46cd000, 0xb4815000, 0xb66cd000)
 total_blobs=740 nmethods=483 adapters=192 free_code_cache=32241216 largest_free_block=64

Dynamic libraries:
08048000-08052000 r-xp 00000000 08:02 969303     /usr/lib/jvm/java-6-sun-1.6.0.26/jre/bin/java
08052000-08053000 rwxp 00009000 08:02 969303     /usr/lib/jvm/java-6-sun-1.6.0.26/jre/bin/java
09440000-0974d000 rwxp 00000000 00:00 0          [heap]
7f4f0000-7fa10000 rwxp 00000000 00:00 0 
7fa10000-84790000 rwxp 00000000 00:00 0 
84790000-851f0000 rwxp 00000000 00:00 0 
851f0000-8ecf0000 rwxp 00000000 00:00 0 
8ecf0000-8f8f0000 rwxp 00000000 00:00 0 
8f8f0000-92cf0000 rwxp 00000000 00:00 0 
92cf0000-9331a000 r-xs 00001000 08:02 970090     /usr/lib/jvm/java-6-sun-1.6.0.26/jre/lib/i386/client/classes.jsa
9331a000-936f0000 rwxp 00000000 00:00 0 
936f0000-93e2d000 rwxp 0062b000 08:02 970090     /usr/lib/jvm/java-6-sun-1.6.0.26/jre/lib/i386/client/classes.jsa
93e2d000-942f0000 rwxp 00000000 00:00 0 
942f0000-943d2000 rwxp 00d68000 08:02 970090     /usr/lib/jvm/java-6-sun-1.6.0.26/jre/lib/i386/client/classes.jsa
943d2000-946f0000 rwxp 00000000 00:00 0 
946f0000-946f8000 r-xs 00e4a000 08:02 970090     /usr/lib/jvm/java-6-sun-1.6.0.26/jre/lib/i386/client/classes.jsa
946f8000-94af0000 rwxp 00000000 00:00 0 
b3200000-b32d9000 rwxp 00000000 00:00 0 
b32d9000-b3300000 ---p 00000000 00:00 0 
b330b000-b330e000 ---p 00000000 00:00 0 
b330e000-b345e000 rwxp 00000000 00:00 0 
b345e000-b3461000 ---p 00000000 00:00 0 
b3461000-b34af000 rwxp 00000000 00:00 0 
b34af000-b34b2000 ---p 00000000 00:00 0 
b34b2000-b3500000 rwxp 00000000 00:00 0 
b3500000-b35f9000 rwxp 00000000 00:00 0 
b35f9000-b3600000 ---p 00000000 00:00 0 
b3609000-b361a000 r-xp 00000000 08:02 1132059    /lib/i386-linux-gnu/libresolv-2.13.so
b361a000-b361b000 r-xp 00010000 08:02 1132059    /lib/i386-linux-gnu/libresolv-2.13.so
b361b000-b361c000 rwxp 00011000 08:02 1132059    /lib/i386-linux-gnu/libresolv-2.13.so
b361c000-b361e000 rwxp 00000000 00:00 0 
b361e000-b3622000 r-xp 00000000 08:02 1132072    /lib/i386-linux-gnu/libnss_dns-2.13.so
b3622000-b3623000 r-xp 00004000 08:02 1132072    /lib/i386-linux-gnu/libnss_dns-2.13.so
b3623000-b3624000 rwxp 00005000 08:02 1132072    /lib/i386-linux-gnu/libnss_dns-2.13.so
b3624000-b3626000 r-xp 00000000 08:02 1134975    /lib/libnss_mdns4_minimal.so.2
b3626000-b3627000 r-xp 00001000 08:02 1134975    /lib/libnss_mdns4_minimal.so.2
b3627000-b3628000 rwxp 00002000 08:02 1134975    /lib/libnss_mdns4_minimal.so.2
b363f000-b3642000 rwxs 00000000 00:04 16875559   /SYSV00000000 (deleted)
b3642000-b3645000 r-xs 0001d000 08:02 1006925    /home/ichbinkeinreh/.m2/repository/org/lwjgl/lwjgl-util/2.7.1/lwjgl-util-2.7.1.jar
b3645000-b3648000 ---p 00000000 00:00 0 
b3648000-b3696000 rwxp 00000000 00:00 0 
b3696000-b369d000 r-xp 00000000 08:02 1100602    /usr/lib/jvm/java-6-sun-1.6.0.26/jre/lib/i386/libnio.so
b369d000-b369e000 rwxp 00006000 08:02 1100602    /usr/lib/jvm/java-6-sun-1.6.0.26/jre/lib/i386/libnio.so
b369e000-b36a1000 ---p 00000000 00:00 0 
b36a1000-b36ef000 rwxp 00000000 00:00 0 
b36ef000-b3709000 r-xp 00000000 08:02 1132481    /lib/i386-linux-gnu/libgcc_s.so.1
b3709000-b370a000 r-xp 00019000 08:02 1132481    /lib/i386-linux-gnu/libgcc_s.so.1
b370a000-b370b000 rwxp 0001a000 08:02 1132481    /lib/i386-linux-gnu/libgcc_s.so.1
b370b000-b37ea000 r-xp 00000000 08:02 840824     /usr/lib/i386-linux-gnu/libstdc++.so.6.0.14
b37ea000-b37ee000 r-xp 000de000 08:02 840824     /usr/lib/i386-linux-gnu/libstdc++.so.6.0.14
b37ee000-b37ef000 rwxp 000e2000 08:02 840824     /usr/lib/i386-linux-gnu/libstdc++.so.6.0.14
b37ef000-b37f6000 rwxp 00000000 00:00 0 
b37f6000-b37fe000 r-xp 00000000 08:02 1132196    /lib/i386-linux-gnu/libdrm.so.2.4.0
b37fe000-b37ff000 r-xp 00007000 08:02 1132196    /lib/i386-linux-gnu/libdrm.so.2.4.0
b37ff000-b3800000 rwxp 00008000 08:02 1132196    /lib/i386-linux-gnu/libdrm.so.2.4.0
b3800000-b38ff000 rwxp 00000000 00:00 0 
b38ff000-b3900000 ---p 00000000 00:00 0 
b3902000-b3906000 r-xp 00000000 08:02 839541     /usr/lib/i386-linux-gnu/libXxf86vm.so.1.0.0
b3906000-b3907000 r-xp 00003000 08:02 839541     /usr/lib/i386-linux-gnu/libXxf86vm.so.1.0.0
b3907000-b3908000 rwxp 00004000 08:02 839541     /usr/lib/i386-linux-gnu/libXxf86vm.so.1.0.0
b3908000-b3951000 r-xp 00000000 08:02 855147     /usr/lib/mesa/libGL.so.1.2
b3951000-b3952000 ---p 00049000 08:02 855147     /usr/lib/mesa/libGL.so.1.2
b3952000-b3957000 r-xp 00049000 08:02 855147     /usr/lib/mesa/libGL.so.1.2
b3957000-b395d000 rwxp 0004e000 08:02 855147     /usr/lib/mesa/libGL.so.1.2
b395d000-b395e000 rwxp 00000000 00:00 0 
b395e000-b3961000 ---p 00000000 00:00 0 
b3961000-b39af000 rwxp 00000000 00:00 0 
b39af000-b39b0000 r-xs 00000000 08:02 90970      /var/cache/fontconfig/26de28bc8622bbc1fb67fd234c21975f-le32d4.cache-3
b39b0000-b39b1000 r-xs 00000000 08:02 91696      /var/cache/fontconfig/c05880de57d1f5e948fdfacc138775d9-le32d4.cache-3
b39b1000-b39b7000 r-xs 00000000 08:02 90537      /var/cache/fontconfig/945677eb7aeaf62f1d50efc3fb3ec7d8-le32d4.cache-3
b39b7000-b39ba000 r-xs 00000000 08:02 91695      /var/cache/fontconfig/99e8ed0e538f840c565b6ed5dad60d56-le32d4.cache-3
b39ba000-b39bc000 r-xs 00000000 08:02 90481      /var/cache/fontconfig/f24b2111ab8703b4e963115a8cf14259-le32d4.cache-3
b39bc000-b39bf000 r-xs 00000000 08:02 91694      /var/cache/fontconfig/e383d7ea5fbe662a33d9b44caf393297-le32d4.cache-3
b39bf000-b39c4000 r-xs 00000000 08:02 90971      /var/cache/fontconfig/401a5dd6b567794a1d18dd9342dfa604-le32d4.cache-3
b39c4000-b39c6000 r-xs 00000000 08:02 91693      /var/cache/fontconfig/2cd17615ca594fa2959ae173292e504c-le32d4.cache-3
b39c6000-b39c9000 r-xs 00000000 08:02 91072      /var/cache/fontconfig/a46337af8a0b4c9b317ad981ec3bdf87-le32d4.cache-3
b39c9000-b39ca000 r-xs 00000000 08:02 552612     /var/cache/fontconfig/e3fa16a14183b06aa45b3e009278fd14-le32d4.cache-3
b39ca000-b39cb000 r-xs 00000000 08:02 91692      /var/cache/fontconfig/e7071f4a29fa870f4323321c154eba04-le32d4.cache-3
b39cb000-b39cf000 r-xs 00000000 08:02 91719      /var/cache/fontconfig/926e794c3d5e5dffcaf2fa83ef8d36c2-le32d4.cache-3
b39cf000-b39d2000 r-xs 00000000 08:02 91691      /var/cache/fontconfig/6eb3985aa4124903f6ff08ba781cd364-le32d4.cache-3
b39d2000-b39d3000 r-xs 00000000 08:02 91690      /var/cache/fontconfig/4c73fe0c47614734b17d736dbde7580a-le32d4.cache-3
b39d3000-b39d4000 r-xs 00000000 08:02 91689      /var/cache/fontconfig/0d8c3b2ac0904cb8a57a757ad11a4a08-le32d4.cache-3
b39d4000-b39d5000 r-xs 00000000 08:02 91688      /var/cache/fontconfig/6a53c69dea097a2d716e069445527da8-le32d4.cache-3
b39d5000-b39d9000 r-xs 00000000 08:02 91687      /var/cache/fontconfig/062808c12e6e608270f93bb230aed730-le32d4.cache-3
b39d9000-b39dd000 r-xs 00000000 08:02 90784      /var/cache/fontconfig/a755afe4a08bf5b97852ceb7400b47bc-le32d4.cache-3
b39dd000-b39de000 r-xs 00000000 08:02 552611     /var/cache/fontconfig/79517df041c92e3f2b4a9700e7dbe3c7-le32d4.cache-3
b39de000-b39df000 r-xs 00000000 08:02 552610     /var/cache/fontconfig/4abdb2dd99886b2b2d3168a6b22d0473-le32d4.cache-3
b39df000-b39e0000 r-xs 00000000 08:02 552609     /var/cache/fontconfig/b9af901c4f3947128be824d599af5f25-le32d4.cache-3
b39e0000-b39e1000 r-xs 00000000 08:02 552608     /var/cache/fontconfig/a18183678af55fd6535fa2d00e080189-le32d4.cache-3
b39e1000-b39e3000 r-xs 00000000 08:02 552607     /var/cache/fontconfig/90e84e89a4382a8db77728561d41356d-le32d4.cache-3
b39e3000-b39e4000 r-xs 00000000 08:02 552606     /var/cache/fontconfig/b73ae53b2eee308c3d7feb99ac2d34cd-le32d4.cache-3
b39e4000-b39e5000 r-xs 00000000 08:02 552605     /var/cache/fontconfig/407fd690308a0b04640307de6deab6da-le32d4.cache-3
b39e5000-b39e7000 r-xs 00000000 08:02 552604     /var/cache/fontconfig/8039e78ad04dad2b193eec8c5f90bc4d-le32d4.cache-3
b39e7000-b39e9000 r-xs 00000000 08:02 552601     /var/cache/fontconfig/9123b38b1c36356a690c2f0bc4cbf728-le32d4.cache-3
b39e9000-b39ed000 r-xs 00000000 08:02 90977      /var/cache/fontconfig/515ca1ebc4b18308bea979be5704f9db-le32d4.cache-3
b39ed000-b39f4000 r-xs 00000000 08:02 91069      /var/cache/fontconfig/6d41288fd70b0be22e8c3a91e032eec0-le32d4.cache-3
b39f4000-b39fc000 r-xs 00000000 08:02 90558      /var/cache/fontconfig/e3de0de479f42330eadf588a55fb5bf4-le32d4.cache-3
b39fc000-b3a07000 r-xs 00000000 08:02 90557      /var/cache/fontconfig/0f34bcd4b6ee430af32735b75db7f02b-le32d4.cache-3
b3a07000-b3a0a000 r-xs 00000000 08:02 90527      /var/cache/fontconfig/d60319d88cac85ba9e1a07bd06cfbb8c-le32d4.cache-3
b3a0a000-b3a0c000 r-xs 00000000 08:02 90526      /var/cache/fontconfig/ddd4086aec35a5275babba44bb759c3c-le32d4.cache-3
b3a0c000-b3a2e000 r-xs 00000000 08:02 90968      /var/cache/fontconfig/365b55f210c0a22e9a19e35191240f32-le32d4.cache-3
b3a2e000-b3a36000 r-xs 00000000 08:02 90507      /var/cache/fontconfig/d52a8644073d54c13679302ca1180695-le32d4.cache-3
b3a36000-b3a3c000 r-xs 00000000 08:02 90519      /var/cache/fontconfig/089dead882dea3570ffc31a9898cfb69-le32d4.cache-3
b3a3c000-b3a42000 r-xs 00000000 08:02 90234      /var/cache/fontconfig/cabbd14511b9e8a55e92af97fb3a0461-le32d4.cache-3
b3a42000-b3a54000 r-xs 00000000 08:02 90229      /var/cache/fontconfig/e13b20fdb08344e0e664864cc2ede53d-le32d4.cache-3
b3a54000-b3a56000 r-xp 00000000 08:02 839224     /usr/lib/i386-linux-gnu/libXdamage.so.1.1.0
b3a56000-b3a57000 r-xp 00001000 08:02 839224     /usr/lib/i386-linux-gnu/libXdamage.so.1.1.0
b3a57000-b3a58000 rwxp 00002000 08:02 839224     /usr/lib/i386-linux-gnu/libXdamage.so.1.1.0
b3a58000-b3a59000 r-xp 00000000 08:02 1100622    /usr/lib/jvm/java-6-sun-1.6.0.26/jre/lib/i386/libjawt.so
b3a59000-b3a5a000 rwxp 00000000 08:02 1100622    /usr/lib/jvm/java-6-sun-1.6.0.26/jre/lib/i386/libjawt.so
b3a5a000-b3a60000 r-xp 00000000 08:02 839230     /usr/lib/i386-linux-gnu/libXrandr.so.2.2.0
b3a60000-b3a61000 r-xp 00005000 08:02 839230     /usr/lib/i386-linux-gnu/libXrandr.so.2.2.0
b3a61000-b3a62000 rwxp 00006000 08:02 839230     /usr/lib/i386-linux-gnu/libXrandr.so.2.2.0
b3a62000-b3ac0000 r-xp 00000000 08:02 939515     /tmp/liblwjgl.so
b3ac0000-b3ac1000 ---p 0005e000 08:02 939515     /tmp/liblwjgl.so
b3ac1000-b3ac2000 r-xp 0005e000 08:02 939515     /tmp/liblwjgl.so
b3ac2000-b3ac3000 rwxp 0005f000 08:02 939515     /tmp/liblwjgl.so
b3ac3000-b3ac6000 ---p 00000000 00:00 0 
b3ac6000-b3b14000 rwxp 00000000 00:00 0 
b3b14000-b3b18000 r-xp 00000000 08:02 840480     /usr/lib/i386-linux-gnu/libXfixes.so.3.1.0
b3b18000-b3b19000 r-xp 00003000 08:02 840480     /usr/lib/i386-linux-gnu/libXfixes.so.3.1.0
b3b19000-b3b1a000 rwxp 00004000 08:02 840480     /usr/lib/i386-linux-gnu/libXfixes.so.3.1.0
b3b1a000-b3b22000 r-xp 00000000 08:02 838970     /usr/lib/i386-linux-gnu/libXrender.so.1.3.0
b3b22000-b3b23000 r-xp 00007000 08:02 838970     /usr/lib/i386-linux-gnu/libXrender.so.1.3.0
b3b23000-b3b24000 rwxp 00008000 08:02 838970     /usr/lib/i386-linux-gnu/libXrender.so.1.3.0
b3b24000-b3b2c000 r-xp 00000000 08:02 839572     /usr/lib/i386-linux-gnu/libXcursor.so.1.0.2
b3b2c000-b3b2d000 r-xp 00007000 08:02 839572     /usr/lib/i386-linux-gnu/libXcursor.so.1.0.2
b3b2d000-b3b2e000 rwxp 00008000 08:02 839572     /usr/lib/i386-linux-gnu/libXcursor.so.1.0.2
b3b33000-b3b47000 r-xp 00000000 08:02 1100601    /usr/lib/jvm/java-6-sun-1.6.0.26/jre/lib/i386/libnet.so
b3b47000-b3b48000 rwxp 00013000 08:02 1100601    /usr/lib/jvm/java-6-sun-1.6.0.26/jre/lib/i386/libnet.so
b3b48000-b3b4b000 ---p 00000000 00:00 0 
b3b4b000-b3b99000 rwxp 00000000 00:00 0 
b3b99000-b3c12000 r-xp 00000000 08:02 1100616    /usr/lib/jvm/java-6-sun-1.6.0.26/jre/lib/i386/libfontmanager.so
b3c12000-b3c1c000 rwxp 00078000 08:02 1100616    /usr/lib/jvm/java-6-sun-1.6.0.26/jre/lib/i386/libfontmanager.so
b3c1c000-b3c21000 rwxp 00000000 00:00 0 
b3c21000-b3c2e000 r-xp 00000000 08:02 839545     /usr/lib/i386-linux-gnu/libXi.so.6.1.0
b3c2e000-b3c2f000 r-xp 0000c000 08:02 839545     /usr/lib/i386-linux-gnu/libXi.so.6.1.0
b3c2f000-b3c30000 rwxp 0000d000 08:02 839545     /usr/lib/i386-linux-gnu/libXi.so.6.1.0
b3c30000-b3c31000 r-xs 0019f000 08:02 546362     /home/ichbinkeinreh/.m2/repository/org/lwjgl/lwjgl-native/2.7.1/lwjgl-native-2.7.1.jar
b3c31000-b3c36000 r-xs 00000000 08:02 552600     /var/cache/fontconfig/7ef2298fde41cc6eeb7af42e48b7d293-le32d4.cache-3
b3c36000-b3c3c000 r-xs 00000000 08:02 90228      /var/cache/fontconfig/b83386915dae36184c7e3985fd26e4b1-le32d4.cache-3
b3c3c000-b3c4a000 r-xs 00000000 08:02 90227      /var/cache/fontconfig/865f88548240fee46819705c6468c165-le32d4.cache-3
b3c4a000-b3c8d000 r-xp 00000000 08:02 927545     /usr/lib/jvm/java-6-sun-1.6.0.26/jre/lib/i386/xawt/libmawt.so
b3c8d000-b3c8f000 rwxp 00043000 08:02 927545     /usr/lib/jvm/java-6-sun-1.6.0.26/jre/lib/i386/xawt/libmawt.so
b3c8f000-b3c90000 rwxp 00000000 00:00 0 
b3c90000-b3d15000 r-xp 00000000 08:02 1100614    /usr/lib/jvm/java-6-sun-1.6.0.26/jre/lib/i386/libawt.so
b3d15000-b3d1c000 rwxp 00085000 08:02 1100614    /usr/lib/jvm/java-6-sun-1.6.0.26/jre/lib/i386/libawt.so
b3d1c000-b3d40000 rwxp 00000000 00:00 0 
b3d40000-b3d4c000 r-xs 000ca000 08:02 480543     /home/ichbinkeinreh/.m2/repository/org/lwjgl/lwjgl/2.7.1/lwjgl-2.7.1.jar
b3d4c000-b3d4e000 r-xs 0000d000 08:02 343913     /home/ichbinkeinreh/.m2/repository/jcraft/jorbis/0.0.15/jorbis-0.0.15.jar
b3d4e000-b3d4f000 r-xs 00001000 08:02 286175     /home/ichbinkeinreh/.m2/repository/jcraft/jogg/0.0.7/jogg-0.0.7.jar
b3d4f000-b3d51000 r-xs 00008000 08:02 236939     /home/ichbinkeinreh/.m2/repository/ibxm/ibxm/unknown/ibxm-unknown.jar
b3d51000-b3d52000 r-xs 00001000 08:02 123509     /home/ichbinkeinreh/.m2/repository/javax/jnlp/jnlp/1.2/jnlp-1.2.jar
b3d52000-b3d53000 r-xs 00038000 08:02 11156      /home/ichbinkeinreh/.m2/repository/org/lwjgl/lwjgl-native/2.1.0/lwjgl-native-2.1.0-win32.jar
b3d53000-b3d58000 r-xs 0002f000 08:02 1170738    /home/ichbinkeinreh/.m2/repository/org/lwjgl/lwjgl-jinput/2.1.0/lwjgl-jinput-2.1.0.jar
b3d58000-b3d5a000 r-xs 00019000 08:02 1047833    /home/ichbinkeinreh/.m2/repository/phys2d/phys2d/060408/phys2d-060408.jar
b3d5a000-b3d64000 r-xs 00093000 08:02 334537     /home/ichbinkeinreh/.m2/repository/slick/slick/270/slick-270.jar
b3d64000-b3d71000 r-xs 000a8000 08:02 179480     /home/ichbinkeinreh/.m2/repository/net/sf/trove4j/trove4j/2.0.2/trove4j-2.0.2.jar
b3d71000-b3d72000 ---p 00000000 00:00 0 
b3d72000-b3df2000 rwxp 00000000 00:00 0 
b3df2000-b3df5000 ---p 00000000 00:00 0 
b3df5000-b3e43000 rwxp 00000000 00:00 0 
b3e43000-b3e46000 ---p 00000000 00:00 0 
b3e46000-b3ec4000 rwxp 00000000 00:00 0 
b3ec4000-b3ec7000 ---p 00000000 00:00 0 
b3ec7000-b3f15000 rwxp 00000000 00:00 0 
b3f15000-b4035000 r-xp 00178000 08:02 838897     /usr/lib/locale/locale-archive
b4035000-b4235000 r-xp 00000000 08:02 838897     /usr/lib/locale/locale-archive
b4235000-b4238000 ---p 00000000 00:00 0 
b4238000-b4286000 rwxp 00000000 00:00 0 
b4286000-b4289000 ---p 00000000 00:00 0 
b4289000-b430b000 rwxp 00000000 00:00 0 
b430b000-b44a3000 r-xs 03029000 08:02 1002499    /usr/lib/jvm/java-6-sun-1.6.0.26/jre/lib/rt.jar
b44a3000-b44a4000 ---p 00000000 00:00 0 
b44a4000-b4538000 rwxp 00000000 00:00 0 
b4538000-b4552000 rwxp 00000000 00:00 0 
b4552000-b4558000 rwxp 00000000 00:00 0 
b4558000-b45a5000 rwxp 00000000 00:00 0 
b45a5000-b45a8000 rwxp 00000000 00:00 0 
b45a8000-b45ce000 rwxp 00000000 00:00 0 
b45ce000-b45d4000 rwxp 00000000 00:00 0 
b45d4000-b4621000 rwxp 00000000 00:00 0 
b4621000-b4627000 rwxp 00000000 00:00 0 
b4627000-b4641000 rwxp 00000000 00:00 0 
b4641000-b4653000 rwxp 00000000 00:00 0 
b4653000-b46cd000 rwxp 00000000 00:00 0 
b46cd000-b4815000 rwxp 00000000 00:00 0 
b4815000-b66cd000 rwxp 00000000 00:00 0 
b66cd000-b66d7000 r-xp 00000000 08:02 1132124    /lib/i386-linux-gnu/libnss_files-2.13.so
b66d7000-b66d8000 r-xp 00009000 08:02 1132124    /lib/i386-linux-gnu/libnss_files-2.13.so
b66d8000-b66d9000 rwxp 0000a000 08:02 1132124    /lib/i386-linux-gnu/libnss_files-2.13.so
b66d9000-b66da000 r-xs 00000000 08:02 552603     /var/cache/fontconfig/27f6fa40476fb33ad65cb210c133a216-le32d4.cache-3
b66da000-b66e9000 r-xp 00000000 08:02 1100597    /usr/lib/jvm/java-6-sun-1.6.0.26/jre/lib/i386/libzip.so
b66e9000-b66eb000 rwxp 0000e000 08:02 1100597    /usr/lib/jvm/java-6-sun-1.6.0.26/jre/lib/i386/libzip.so
b66eb000-b66f3000 rwxs 00000000 08:02 939213     /tmp/hsperfdata_ichbinkeinreh/8629
b66f3000-b6716000 r-xp 00000000 08:02 1100596    /usr/lib/jvm/java-6-sun-1.6.0.26/jre/lib/i386/libjava.so
b6716000-b6718000 rwxp 00023000 08:02 1100596    /usr/lib/jvm/java-6-sun-1.6.0.26/jre/lib/i386/libjava.so
b6718000-b6723000 r-xp 00000000 08:02 1100350    /usr/lib/jvm/java-6-sun-1.6.0.26/jre/lib/i386/libverify.so
b6723000-b6724000 rwxp 0000b000 08:02 1100350    /usr/lib/jvm/java-6-sun-1.6.0.26/jre/lib/i386/libverify.so
b6724000-b6727000 ---p 00000000 00:00 0 
b6727000-b6775000 rwxp 00000000 00:00 0 
b6775000-b6c56000 r-xp 00000000 08:02 929613     /usr/lib/jvm/java-6-sun-1.6.0.26/jre/lib/i386/client/libjvm.so
b6c56000-b6c79000 rwxp 004e1000 08:02 929613     /usr/lib/jvm/java-6-sun-1.6.0.26/jre/lib/i386/client/libjvm.so
b6c79000-b7097000 rwxp 00000000 00:00 0 
b7097000-b709c000 r-xp 00000000 08:02 825750     /usr/lib/libogg.so.0.7.0
b709c000-b709d000 r-xp 00004000 08:02 825750     /usr/lib/libogg.so.0.7.0
b709d000-b709e000 rwxp 00005000 08:02 825750     /usr/lib/libogg.so.0.7.0
b709e000-b70c3000 r-xp 00000000 08:02 825318     /usr/lib/libvorbis.so.0.4.5
b70c3000-b70c4000 r-xp 00025000 08:02 825318     /usr/lib/libvorbis.so.0.4.5
b70c4000-b70c5000 rwxp 00026000 08:02 825318     /usr/lib/libvorbis.so.0.4.5
b70c5000-b70c6000 rwxp 00000000 00:00 0 
b70c6000-b722b000 r-xp 00000000 08:02 823156     /usr/lib/libvorbisenc.so.2.0.8
b722b000-b722c000 ---p 00165000 08:02 823156     /usr/lib/libvorbisenc.so.2.0.8
b722c000-b723d000 r-xp 00165000 08:02 823156     /usr/lib/libvorbisenc.so.2.0.8
b723d000-b723e000 rwxp 00176000 08:02 823156     /usr/lib/libvorbisenc.so.2.0.8
b723e000-b7288000 r-xp 00000000 08:02 824172     /usr/lib/libFLAC.so.8.2.0
b7288000-b7289000 r-xp 00049000 08:02 824172     /usr/lib/libFLAC.so.8.2.0
b7289000-b728a000 rwxp 0004a000 08:02 824172     /usr/lib/libFLAC.so.8.2.0
b728a000-b729d000 r-xp 00000000 08:02 1132078    /lib/i386-linux-gnu/libnsl-2.13.so
b729d000-b729e000 r-xp 00012000 08:02 1132078    /lib/i386-linux-gnu/libnsl-2.13.so
b729e000-b729f000 rwxp 00013000 08:02 1132078    /lib/i386-linux-gnu/libnsl-2.13.so
b729f000-b72a1000 rwxp 00000000 00:00 0 
b72a1000-b72a5000 r-xp 00000000 08:02 839340     /usr/lib/i386-linux-gnu/libXdmcp.so.6.0.0
b72a5000-b72a6000 r-xp 00003000 08:02 839340     /usr/lib/i386-linux-gnu/libXdmcp.so.6.0.0
b72a6000-b72a7000 rwxp 00004000 08:02 839340     /usr/lib/i386-linux-gnu/libXdmcp.so.6.0.0
b72a7000-b72a9000 r-xp 00000000 08:02 838952     /usr/lib/i386-linux-gnu/libXau.so.6.0.0
b72a9000-b72aa000 r-xp 00001000 08:02 838952     /usr/lib/i386-linux-gnu/libXau.so.6.0.0
b72aa000-b72ab000 rwxp 00002000 08:02 838952     /usr/lib/i386-linux-gnu/libXau.so.6.0.0
b72ab000-b72ac000 rwxp 00000000 00:00 0 
b72ac000-b72b9000 r-xp 00000000 08:02 839424     /usr/lib/i386-linux-gnu/libXext.so.6.4.0
b72b9000-b72ba000 r-xp 0000c000 08:02 839424     /usr/lib/i386-linux-gnu/libXext.so.6.4.0
b72ba000-b72bb000 rwxp 0000d000 08:02 839424     /usr/lib/i386-linux-gnu/libXext.so.6.4.0
b72bb000-b72be000 r-xp 00000000 08:02 1132113    /lib/i386-linux-gnu/libuuid.so.1.3.0
b72be000-b72bf000 r-xp 00002000 08:02 1132113    /lib/i386-linux-gnu/libuuid.so.1.3.0
b72bf000-b72c0000 rwxp 00003000 08:02 1132113    /lib/i386-linux-gnu/libuuid.so.1.3.0
b72c0000-b7320000 r-xp 00000000 08:02 824300     /usr/lib/libsndfile.so.1.0.23
b7320000-b7321000 ---p 00060000 08:02 824300     /usr/lib/libsndfile.so.1.0.23
b7321000-b7322000 r-xp 00060000 08:02 824300     /usr/lib/libsndfile.so.1.0.23
b7322000-b7323000 rwxp 00061000 08:02 824300     /usr/lib/libsndfile.so.1.0.23
b7323000-b7327000 rwxp 00000000 00:00 0 
b7327000-b732e000 r-xp 00000000 08:02 1132021    /lib/libwrap.so.0.7.6
b732e000-b732f000 r-xp 00006000 08:02 1132021    /lib/libwrap.so.0.7.6
b732f000-b7330000 rwxp 00007000 08:02 1132021    /lib/libwrap.so.0.7.6
b7330000-b736b000 r-xp 00000000 08:02 1211187    /lib/i386-linux-gnu/libdbus-1.so.3.5.4
b736b000-b736c000 r-xp 0003a000 08:02 1211187    /lib/i386-linux-gnu/libdbus-1.so.3.5.4
b736c000-b736d000 rwxp 0003b000 08:02 1211187    /lib/i386-linux-gnu/libdbus-1.so.3.5.4
b736d000-b736e000 rwxp 00000000 00:00 0 
b736e000-b7385000 r-xp 00000000 08:02 838880     /usr/lib/i386-linux-gnu/libxcb.so.1.1.0
b7385000-b7386000 r-xp 00016000 08:02 838880     /usr/lib/i386-linux-gnu/libxcb.so.1.1.0
b7386000-b7387000 rwxp 00017000 08:02 838880     /usr/lib/i386-linux-gnu/libxcb.so.1.1.0
b7387000-b738a000 r-xp 00000000 08:02 825253     /usr/lib/libxcb-atom.so.1.0.0
b738a000-b738b000 r-xp 00002000 08:02 825253     /usr/lib/libxcb-atom.so.1.0.0
b738b000-b738c000 rwxp 00003000 08:02 825253     /usr/lib/libxcb-atom.so.1.0.0
b738c000-b7390000 r-xp 00000000 08:02 823028     /usr/lib/libXtst.so.6.1.0
b7390000-b7391000 r-xp 00003000 08:02 823028     /usr/lib/libXtst.so.6.1.0
b7391000-b7392000 rwxp 00004000 08:02 823028     /usr/lib/libXtst.so.6.1.0
b7392000-b7398000 r-xp 00000000 08:02 840970     /usr/lib/i386-linux-gnu/libSM.so.6.0.1
b7398000-b7399000 r-xp 00005000 08:02 840970     /usr/lib/i386-linux-gnu/libSM.so.6.0.1
b7399000-b739a000 rwxp 00006000 08:02 840970     /usr/lib/i386-linux-gnu/libSM.so.6.0.1
b739a000-b73ae000 r-xp 00000000 08:02 840961     /usr/lib/i386-linux-gnu/libICE.so.6.3.0
b73ae000-b73af000 r-xp 00013000 08:02 840961     /usr/lib/i386-linux-gnu/libICE.so.6.3.0
b73af000-b73b0000 rwxp 00014000 08:02 840961     /usr/lib/i386-linux-gnu/libICE.so.6.3.0
b73b0000-b73b3000 rwxp 00000000 00:00 0 
b73b3000-b74c9000 r-xp 00000000 08:02 838881     /usr/lib/i386-linux-gnu/libX11.so.6.3.0
b74c9000-b74ca000 ---p 00116000 08:02 838881     /usr/lib/i386-linux-gnu/libX11.so.6.3.0
b74ca000-b74cb000 r-xp 00116000 08:02 838881     /usr/lib/i386-linux-gnu/libX11.so.6.3.0
b74cb000-b74cd000 rwxp 00117000 08:02 838881     /usr/lib/i386-linux-gnu/libX11.so.6.3.0
b74cd000-b74ce000 rwxp 00000000 00:00 0 
b74ce000-b74cf000 r-xp 00000000 08:02 838968     /usr/lib/i386-linux-gnu/libX11-xcb.so.1.0.0
b74cf000-b74d0000 r-xp 00000000 08:02 838968     /usr/lib/i386-linux-gnu/libX11-xcb.so.1.0.0
b74d0000-b74d1000 rwxp 00001000 08:02 838968     /usr/lib/i386-linux-gnu/libX11-xcb.so.1.0.0
b74d1000-b74f5000 r-xp 00000000 08:02 1132114    /lib/i386-linux-gnu/libm-2.13.so
b74f5000-b74f6000 r-xp 00023000 08:02 1132114    /lib/i386-linux-gnu/libm-2.13.so
b74f6000-b74f7000 rwxp 00024000 08:02 1132114    /lib/i386-linux-gnu/libm-2.13.so
b74f7000-b74fe000 r-xp 00000000 08:02 1132067    /lib/i386-linux-gnu/librt-2.13.so
b74fe000-b74ff000 r-xp 00006000 08:02 1132067    /lib/i386-linux-gnu/librt-2.13.so
b74ff000-b7500000 rwxp 00007000 08:02 1132067    /lib/i386-linux-gnu/librt-2.13.so
b7500000-b7547000 r-xp 00000000 08:02 825372     /usr/lib/libpulsecommon-0.9.22.so
b7547000-b7548000 r-xp 00046000 08:02 825372     /usr/lib/libpulsecommon-0.9.22.so
b7548000-b7549000 rwxp 00047000 08:02 825372     /usr/lib/libpulsecommon-0.9.22.so
b7549000-b754a000 rwxp 00000000 00:00 0 
b754a000-b7589000 r-xp 00000000 08:02 823400     /usr/lib/libpulse.so.0.12.3
b7589000-b758a000 r-xp 0003e000 08:02 823400     /usr/lib/libpulse.so.0.12.3
b758a000-b758b000 rwxp 0003f000 08:02 823400     /usr/lib/libpulse.so.0.12.3
b758b000-b76e5000 r-xp 00000000 08:02 1132061    /lib/i386-linux-gnu/libc-2.13.so
b76e5000-b76e6000 ---p 0015a000 08:02 1132061    /lib/i386-linux-gnu/libc-2.13.so
b76e6000-b76e8000 r-xp 0015a000 08:02 1132061    /lib/i386-linux-gnu/libc-2.13.so
b76e8000-b76e9000 rwxp 0015c000 08:02 1132061    /lib/i386-linux-gnu/libc-2.13.so
b76e9000-b76ec000 rwxp 00000000 00:00 0 
b76ec000-b76ee000 r-xp 00000000 08:02 1132103    /lib/i386-linux-gnu/libdl-2.13.so
b76ee000-b76ef000 r-xp 00001000 08:02 1132103    /lib/i386-linux-gnu/libdl-2.13.so
b76ef000-b76f0000 rwxp 00002000 08:02 1132103    /lib/i386-linux-gnu/libdl-2.13.so
b76f0000-b76f7000 r-xp 00000000 08:02 947822     /usr/lib/jvm/java-6-sun-1.6.0.26/jre/lib/i386/jli/libjli.so
b76f7000-b76f9000 rwxp 00006000 08:02 947822     /usr/lib/jvm/java-6-sun-1.6.0.26/jre/lib/i386/jli/libjli.so
b76f9000-b770e000 r-xp 00000000 08:02 1132096    /lib/i386-linux-gnu/libpthread-2.13.so
b770e000-b770f000 r-xp 00015000 08:02 1132096    /lib/i386-linux-gnu/libpthread-2.13.so
b770f000-b7710000 rwxp 00016000 08:02 1132096    /lib/i386-linux-gnu/libpthread-2.13.so
b7710000-b7713000 rwxp 00000000 00:00 0 
b7713000-b771c000 r-xp 00000000 08:02 825342     /usr/lib/libpulsedsp.so
b771c000-b771d000 r-xp 00008000 08:02 825342     /usr/lib/libpulsedsp.so
b771d000-b771e000 rwxp 00009000 08:02 825342     /usr/lib/libpulsedsp.so
b771e000-b771f000 r-xs 00000000 08:02 552602     /var/cache/fontconfig/98d684ad3abba16030bd60992dc9c5d7-le32d4.cache-3
b771f000-b7720000 r-xs 00000000 08:02 92596      /var/cache/fontconfig/4794a0821666d79190d59a36cb4f44b5-le32d4.cache-3
b7720000-b7723000 r-xs 00011000 08:02 200285     /home/ichbinkeinreh/.m2/repository/de/unisaarland/cs/st/saarsiedler-cl-comm/1.1.1/saarsiedler-cl-comm-1.1.1.jar
b7723000-b772c000 r-xp 00000000 08:02 1132083    /lib/i386-linux-gnu/libnss_nis-2.13.so
b772c000-b772d000 r-xp 00008000 08:02 1132083    /lib/i386-linux-gnu/libnss_nis-2.13.so
b772d000-b772e000 rwxp 00009000 08:02 1132083    /lib/i386-linux-gnu/libnss_nis-2.13.so
b772e000-b7734000 r-xp 00000000 08:02 1132085    /lib/i386-linux-gnu/libnss_compat-2.13.so
b7734000-b7735000 r-xp 00005000 08:02 1132085    /lib/i386-linux-gnu/libnss_compat-2.13.so
b7735000-b7736000 rwxp 00006000 08:02 1132085    /lib/i386-linux-gnu/libnss_compat-2.13.so
b7736000-b7737000 rwxp 00000000 00:00 0 
b7737000-b7738000 r-xp 00000000 00:00 0 
b7738000-b773a000 rwxp 00000000 00:00 0 
b773a000-b773b000 r-xp 00000000 00:00 0          [vdso]
b773b000-b7757000 r-xp 00000000 08:02 1132122    /lib/i386-linux-gnu/ld-2.13.so
b7757000-b7758000 r-xp 0001b000 08:02 1132122    /lib/i386-linux-gnu/ld-2.13.so
b7758000-b7759000 rwxp 0001c000 08:02 1132122    /lib/i386-linux-gnu/ld-2.13.so
bfc61000-bfc82000 rwxp 00000000 00:00 0          [stack]

VM Arguments:
jvm_args: -Dfile.encoding=UTF-8 
java_command: de.unisaarland.cs.sopra.common.Client
Launcher Type: SUN_STANDARD

Environment Variables:
PATH=/usr/local/texlive/2010/bin/i386-linux/:/usr/local/sbin:/usr/local/bin:/usr/sbin:/usr/bin:/sbin:/bin:/usr/games
USERNAME=ichbinkeinreh
LD_LIBRARY_PATH=/usr/lib/jvm/java-6-sun-1.6.0.26/jre/lib/i386/client:/usr/lib/jvm/java-6-sun-1.6.0.26/jre/lib/i386:/usr/lib/jvm/java-6-sun-1.6.0.26/jre/../lib/i386
LD_PRELOAD=libpulsedsp.so
SHELL=/bin/bash
DISPLAY=:0.0

Signal Handlers:
SIGSEGV: [libjvm.so+0x469ec0], sa_mask[0]=0x7ffbfeff, sa_flags=0x10000004
SIGBUS: [libjvm.so+0x469ec0], sa_mask[0]=0x7ffbfeff, sa_flags=0x10000004
SIGFPE: [libjvm.so+0x38bf10], sa_mask[0]=0x7ffbfeff, sa_flags=0x10000004
SIGPIPE: [libjvm.so+0x38bf10], sa_mask[0]=0x7ffbfeff, sa_flags=0x10000004
SIGXFSZ: [libjvm.so+0x38bf10], sa_mask[0]=0x7ffbfeff, sa_flags=0x10000004
SIGILL: [libjvm.so+0x38bf10], sa_mask[0]=0x7ffbfeff, sa_flags=0x10000004
SIGUSR1: SIG_DFL, sa_mask[0]=0x00000000, sa_flags=0x00000000
SIGUSR2: [libjvm.so+0x38f150], sa_mask[0]=0x00000004, sa_flags=0x10000004
SIGHUP: [libjvm.so+0x38ed30], sa_mask[0]=0x7ffbfeff, sa_flags=0x10000004
SIGINT: [libjvm.so+0x38ed30], sa_mask[0]=0x7ffbfeff, sa_flags=0x10000004
SIGTERM: [libjvm.so+0x38ed30], sa_mask[0]=0x7ffbfeff, sa_flags=0x10000004
SIGQUIT: [libjvm.so+0x38ed30], sa_mask[0]=0x7ffbfeff, sa_flags=0x10000004


---------------  S Y S T E M  ---------------

OS:squeeze/sid

uname:Linux 2.6.38-11-generic #48-Ubuntu SMP Fri Jul 29 19:05:14 UTC 2011 i686
libc:glibc 2.13 NPTL 2.13 
rlimit: STACK 8192k, CORE 0k, NPROC infinity, NOFILE 4096, AS infinity
load average:0.01 0.17 0.33

/proc/meminfo:
MemTotal:        1012532 kB
MemFree:           47844 kB
Buffers:            7196 kB
Cached:           186276 kB
SwapCached:        24536 kB
Active:           482956 kB
Inactive:         414612 kB
Active(anon):     407160 kB
Inactive(anon):   367212 kB
Active(file):      75796 kB
Inactive(file):    47400 kB
Unevictable:          32 kB
Mlocked:              32 kB
HighTotal:        127328 kB
HighFree:            260 kB
LowTotal:         885204 kB
LowFree:           47584 kB
SwapTotal:        978940 kB
SwapFree:         695096 kB
Dirty:                96 kB
Writeback:             0 kB
AnonPages:        697068 kB
Mapped:            55364 kB
Shmem:             70208 kB
Slab:              29820 kB
SReclaimable:      13008 kB
SUnreclaim:        16812 kB
KernelStack:        3576 kB
PageTables:         8244 kB
NFS_Unstable:          0 kB
Bounce:                0 kB
WritebackTmp:          0 kB
CommitLimit:     1485204 kB
Committed_AS:    2822568 kB
VmallocTotal:     122880 kB
VmallocUsed:       18536 kB
VmallocChunk:      97292 kB
HardwareCorrupted:     0 kB
HugePages_Total:       0
HugePages_Free:        0
HugePages_Rsvd:        0
HugePages_Surp:        0
Hugepagesize:       4096 kB
DirectMap4k:      909304 kB
DirectMap4M:           0 kB


CPU:total 2 (1 cores per cpu, 2 threads per core) family 6 model 28 stepping 2, cmov, cx8, fxsr, mmx, sse, sse2, sse3, ssse3, ht

/proc/cpuinfo:
processor	: 0
vendor_id	: GenuineIntel
cpu family	: 6
model		: 28
model name	: Intel(R) Atom(TM) CPU N270   @ 1.60GHz
stepping	: 2
cpu MHz		: 1600.000
cache size	: 512 KB
physical id	: 0
siblings	: 2
core id		: 0
cpu cores	: 1
apicid		: 0
initial apicid	: 0
fdiv_bug	: no
hlt_bug		: no
f00f_bug	: no
coma_bug	: no
fpu		: yes
fpu_exception	: yes
cpuid level	: 10
wp		: yes
flags		: fpu vme de tsc msr pae mce cx8 apic mtrr pge mca cmov pat clflush dts acpi mmx fxsr sse sse2 ss ht tm pbe constant_tsc arch_perfmon pebs bts aperfmperf pni dtes64 monitor ds_cpl est tm2 ssse3 xtpr pdcm movbe lahf_lm dts
bogomips	: 3192.02
clflush size	: 64
cache_alignment	: 64
address sizes	: 32 bits physical, 32 bits virtual
power management:

processor	: 1
vendor_id	: GenuineIntel
cpu family	: 6
model		: 28
model name	: Intel(R) Atom(TM) CPU N270   @ 1.60GHz
stepping	: 2
cpu MHz		: 1600.000
cache size	: 512 KB
physical id	: 0
siblings	: 2
core id		: 0
cpu cores	: 1
apicid		: 1
initial apicid	: 1
fdiv_bug	: no
hlt_bug		: no
f00f_bug	: no
coma_bug	: no
fpu		: yes
fpu_exception	: yes
cpuid level	: 10
wp		: yes
flags		: fpu vme de tsc msr pae mce cx8 apic mtrr pge mca cmov pat clflush dts acpi mmx fxsr sse sse2 ss ht tm pbe nx constant_tsc arch_perfmon pebs bts aperfmperf pni dtes64 monitor ds_cpl est tm2 ssse3 xtpr pdcm movbe lahf_lm dts
bogomips	: 3192.04
clflush size	: 64
cache_alignment	: 64
address sizes	: 32 bits physical, 32 bits virtual
power management:



Memory: 4k page, physical 1012532k(47844k free), swap 978940k(695100k free)

vm_info: Java HotSpot(TM) Client VM (20.1-b02) for linux-x86 JRE (1.6.0_26-b03), built on May  4 2011 01:23:42 by "java_re" with gcc 3.2.1-7a (J2SE release)

time: Tue Sep 20 21:42:13 2011
elapsed time: 620 seconds

